[0.287s] Invoking command in '/home/atsushi8-ss/ros2_ws/build/person_msgs': CMAKE_PREFIX_PATH=/home/atsushi8-ss/ros2_ws/install/mypkg:/opt/ros/foxy /usr/bin/cmake /home/atsushi8-ss/ros2_ws/src/person_msgs -DCMAKE_INSTALL_PREFIX=/home/atsushi8-ss/ros2_ws/install/person_msgs
[0.871s] -- The C compiler identification is GNU 9.4.0
[1.231s] -- The CXX compiler identification is GNU 9.4.0
[1.391s] -- Check for working C compiler: /usr/bin/cc
[1.585s] -- Check for working C compiler: /usr/bin/cc -- works
[1.587s] -- Detecting C compiler ABI info
[1.728s] -- Detecting C compiler ABI info - done
[1.736s] -- Detecting C compile features
[1.737s] -- Detecting C compile features - done
[1.740s] -- Check for working CXX compiler: /usr/bin/c++
[1.890s] -- Check for working CXX compiler: /usr/bin/c++ -- works
[1.891s] -- Detecting CXX compiler ABI info
[2.037s] -- Detecting CXX compiler ABI info - done
[2.043s] -- Detecting CXX compile features
[2.044s] -- Detecting CXX compile features - done
[2.050s] -- Found ament_cmake: 0.9.12 (/opt/ros/foxy/share/ament_cmake/cmake)
[2.070s] -- Found PythonInterp: /usr/bin/python3 (found suitable version "3.8.10", minimum required is "3") 
[2.071s] -- Using PYTHON_EXECUTABLE: /usr/bin/python3
[2.200s] -- Found rosidl_default_generators: 1.0.1 (/opt/ros/foxy/share/rosidl_default_generators/cmake)
[2.205s] -- Using all available rosidl_typesupport_c: rosidl_typesupport_fastrtps_c;rosidl_typesupport_introspection_c
[2.212s] -- Found rosidl_adapter: 1.3.1 (/opt/ros/foxy/share/rosidl_adapter/cmake)
[3.747s] -- Found OpenSSL: /usr/lib/x86_64-linux-gnu/libcrypto.so (found version "1.1.1f")  
[5.043s] -- Found FastRTPS: /opt/ros/foxy/include  
[7.199s] -- Using all available rosidl_typesupport_cpp: rosidl_typesupport_fastrtps_cpp;rosidl_typesupport_introspection_cpp
[7.242s] -- Found PythonInterp: /usr/bin/python3 (found version "3.8.10") 
[7.330s] -- Found ament_cmake_ros: 0.9.2 (/opt/ros/foxy/share/ament_cmake_ros/cmake)
[11.921s] -- Using all available rosidl_typesupport_c: rosidl_typesupport_fastrtps_c;rosidl_typesupport_introspection_c
[11.932s] -- Using all available rosidl_typesupport_cpp: rosidl_typesupport_fastrtps_cpp;rosidl_typesupport_introspection_cpp
[11.946s] -- Found PythonInterp: /usr/bin/python3 (found suitable version "3.8.10", minimum required is "3.5") 
[11.950s] -- Found python_cmake_module: 0.8.1 (/opt/ros/foxy/share/python_cmake_module/cmake)
[12.499s] -- Found PythonLibs: /usr/lib/x86_64-linux-gnu/libpython3.8.so (found suitable version "3.8.10", minimum required is "3.5") 
[12.500s] -- Using PYTHON_EXECUTABLE: /usr/bin/python3
[12.500s] -- Using PYTHON_INCLUDE_DIRS: /usr/include/python3.8
[12.500s] -- Using PYTHON_LIBRARIES: /usr/lib/x86_64-linux-gnu/libpython3.8.so
[12.513s] -- Found PythonExtra: .so  
[12.599s] -- Found ament_lint_auto: 0.9.8 (/opt/ros/foxy/share/ament_lint_auto/cmake)
[12.645s] -- Added test 'copyright' to check source files copyright and LICENSE
[12.650s] -- Added test 'lint_cmake' to check CMake code style
[12.652s] -- Added test 'xmllint' to check XML markup files
[12.657s] -- Configuring done
[12.675s] -- Generating done
[12.677s] -- Build files have been written to: /home/atsushi8-ss/ros2_ws/build/person_msgs
[12.683s] Invoked command in '/home/atsushi8-ss/ros2_ws/build/person_msgs' returned '0': CMAKE_PREFIX_PATH=/home/atsushi8-ss/ros2_ws/install/mypkg:/opt/ros/foxy /usr/bin/cmake /home/atsushi8-ss/ros2_ws/src/person_msgs -DCMAKE_INSTALL_PREFIX=/home/atsushi8-ss/ros2_ws/install/person_msgs
[12.683s] Invoking command in '/home/atsushi8-ss/ros2_ws/build/person_msgs': CMAKE_PREFIX_PATH=/home/atsushi8-ss/ros2_ws/install/mypkg:/opt/ros/foxy /usr/bin/cmake --build /home/atsushi8-ss/ros2_ws/build/person_msgs -- -j16 -l16
[12.705s] [35m[1mScanning dependencies of target person_msgs__cpp[0m
[12.705s] [  3%] [34m[1mGenerating C code for ROS interfaces[0m
[12.711s] [  6%] [34m[1mGenerating C++ code for ROS interfaces[0m
[12.881s] [35m[1mScanning dependencies of target person_msgs__rosidl_generator_c[0m
[12.888s] [  6%] Built target person_msgs__cpp
[12.896s] [  9%] [34m[1mGenerating C++ type support dispatch for ROS interfaces[0m
[12.896s] [ 12%] [34m[1mGenerating C++ type support for eProsima Fast-RTPS[0m
[12.897s] [ 16%] [34m[1mGenerating C++ introspection for ROS interfaces[0m
[12.901s] [ 19%] [32mBuilding C object CMakeFiles/person_msgs__rosidl_generator_c.dir/rosidl_generator_c/person_msgs/msg/detail/person__functions.c.o[0m
[13.004s] [ 22%] [32m[1mLinking C shared library libperson_msgs__rosidl_generator_c.so[0m
[13.070s] [35m[1mScanning dependencies of target person_msgs__rosidl_typesupport_cpp[0m
[13.086s] [35m[1mScanning dependencies of target person_msgs__rosidl_typesupport_fastrtps_cpp[0m
[13.089s] [ 25%] [32mBuilding CXX object CMakeFiles/person_msgs__rosidl_typesupport_cpp.dir/rosidl_typesupport_cpp/person_msgs/msg/person__type_support.cpp.o[0m
[13.102s] [35m[1mScanning dependencies of target person_msgs__rosidl_typesupport_introspection_cpp[0m
[13.104s] [ 29%] [32mBuilding CXX object CMakeFiles/person_msgs__rosidl_typesupport_fastrtps_cpp.dir/rosidl_typesupport_fastrtps_cpp/person_msgs/msg/detail/dds_fastrtps/person__type_support.cpp.o[0m
[13.118s] [ 32%] [32mBuilding CXX object CMakeFiles/person_msgs__rosidl_typesupport_introspection_cpp.dir/rosidl_typesupport_introspection_cpp/person_msgs/msg/detail/person__type_support.cpp.o[0m
[13.174s] [ 32%] Built target person_msgs__rosidl_generator_c
[13.182s] [ 38%] [34m[1mGenerating C type support dispatch for ROS interfaces[0m
[13.182s] [ 38%] [34m[1mGenerating C introspection for ROS interfaces[0m
[13.415s] [35m[1mScanning dependencies of target person_msgs__rosidl_typesupport_c[0m
[13.428s] [ 41%] [32mBuilding CXX object CMakeFiles/person_msgs__rosidl_typesupport_c.dir/rosidl_typesupport_c/person_msgs/msg/person__type_support.cpp.o[0m
[13.434s] [35m[1mScanning dependencies of target person_msgs__rosidl_typesupport_introspection_c[0m
[13.446s] [ 45%] [32mBuilding C object CMakeFiles/person_msgs__rosidl_typesupport_introspection_c.dir/rosidl_typesupport_introspection_c/person_msgs/msg/detail/person__type_support.c.o[0m
[13.456s] [ 48%] [32m[1mLinking CXX shared library libperson_msgs__rosidl_typesupport_c.so[0m
[13.481s] [ 51%] [32m[1mLinking C shared library libperson_msgs__rosidl_typesupport_introspection_c.so[0m
[13.487s] [ 54%] [32m[1mLinking CXX shared library libperson_msgs__rosidl_typesupport_cpp.so[0m
[13.510s] [ 58%] [32m[1mLinking CXX shared library libperson_msgs__rosidl_typesupport_introspection_cpp.so[0m
[13.600s] [ 58%] Built target person_msgs__rosidl_typesupport_introspection_c
[13.609s] [ 58%] Built target person_msgs__rosidl_typesupport_c
[13.610s] [ 58%] Built target person_msgs__rosidl_typesupport_cpp
[13.612s] [ 61%] [32m[1mLinking CXX shared library libperson_msgs__rosidl_typesupport_fastrtps_cpp.so[0m
[13.675s] [ 61%] Built target person_msgs__rosidl_typesupport_introspection_cpp
[13.800s] [ 61%] Built target person_msgs__rosidl_typesupport_fastrtps_cpp
[13.805s] [ 64%] [34m[1mGenerating C type support for eProsima Fast-RTPS[0m
[13.944s] [35m[1mScanning dependencies of target person_msgs__rosidl_typesupport_fastrtps_c[0m
[13.954s] [ 67%] [32mBuilding CXX object CMakeFiles/person_msgs__rosidl_typesupport_fastrtps_c.dir/rosidl_typesupport_fastrtps_c/person_msgs/msg/detail/person__type_support_c.cpp.o[0m
[14.151s] [ 70%] [32m[1mLinking CXX shared library libperson_msgs__rosidl_typesupport_fastrtps_c.so[0m
[14.308s] [ 70%] Built target person_msgs__rosidl_typesupport_fastrtps_c
[14.314s] [35m[1mScanning dependencies of target person_msgs[0m
[14.321s] [ 70%] Built target person_msgs
[14.326s] [35m[1mScanning dependencies of target person_msgs__py[0m
[14.332s] [ 74%] [34m[1mGenerating Python code for ROS interfaces[0m
[14.625s] [ 74%] Built target person_msgs__py
[14.631s] [35m[1mScanning dependencies of target person_msgs__python[0m
[14.664s] [ 77%] [32mBuilding C object CMakeFiles/person_msgs__python.dir/rosidl_generator_py/person_msgs/msg/_person_s.c.o[0m
[14.743s] [ 80%] [32m[1mLinking C shared library rosidl_generator_py/person_msgs/libperson_msgs__python.so[0m
[14.889s] [ 80%] Built target person_msgs__python
[14.895s] [35m[1mScanning dependencies of target person_msgs__rosidl_typesupport_c__pyext[0m
[14.896s] [35m[1mScanning dependencies of target person_msgs__rosidl_typesupport_introspection_c__pyext[0m
[14.896s] [35m[1mScanning dependencies of target person_msgs__rosidl_typesupport_fastrtps_c__pyext[0m
[14.910s] [ 83%] [32mBuilding C object CMakeFiles/person_msgs__rosidl_typesupport_c__pyext.dir/rosidl_generator_py/person_msgs/_person_msgs_s.ep.rosidl_typesupport_c.c.o[0m
[14.910s] [ 87%] [32mBuilding C object CMakeFiles/person_msgs__rosidl_typesupport_fastrtps_c__pyext.dir/rosidl_generator_py/person_msgs/_person_msgs_s.ep.rosidl_typesupport_fastrtps_c.c.o[0m
[14.910s] [ 90%] [32mBuilding C object CMakeFiles/person_msgs__rosidl_typesupport_introspection_c__pyext.dir/rosidl_generator_py/person_msgs/_person_msgs_s.ep.rosidl_typesupport_introspection_c.c.o[0m
[14.974s] [100%] [32m[1mLinking C shared library rosidl_generator_py/person_msgs/person_msgs_s__rosidl_typesupport_c.cpython-38-x86_64-linux-gnu.so[0m
[14.974s] [100%] [32m[1mLinking C shared library rosidl_generator_py/person_msgs/person_msgs_s__rosidl_typesupport_introspection_c.cpython-38-x86_64-linux-gnu.so[0m
[14.974s] [100%] [32m[1mLinking CXX shared library rosidl_generator_py/person_msgs/person_msgs_s__rosidl_typesupport_fastrtps_c.cpython-38-x86_64-linux-gnu.so[0m
[15.062s] [100%] Built target person_msgs__rosidl_typesupport_c__pyext
[15.064s] [100%] Built target person_msgs__rosidl_typesupport_introspection_c__pyext
[15.080s] [100%] Built target person_msgs__rosidl_typesupport_fastrtps_c__pyext
[15.086s] Invoked command in '/home/atsushi8-ss/ros2_ws/build/person_msgs' returned '0': CMAKE_PREFIX_PATH=/home/atsushi8-ss/ros2_ws/install/mypkg:/opt/ros/foxy /usr/bin/cmake --build /home/atsushi8-ss/ros2_ws/build/person_msgs -- -j16 -l16
[15.125s] Invoking command in '/home/atsushi8-ss/ros2_ws/build/person_msgs': CMAKE_PREFIX_PATH=/home/atsushi8-ss/ros2_ws/install/mypkg:/opt/ros/foxy /usr/bin/cmake --install /home/atsushi8-ss/ros2_ws/build/person_msgs
[15.130s] -- Install configuration: ""
[15.130s] -- Installing: /home/atsushi8-ss/ros2_ws/install/person_msgs/share/ament_index/resource_index/rosidl_interfaces/person_msgs
[15.130s] -- Installing: /home/atsushi8-ss/ros2_ws/install/person_msgs/include/person_msgs
[15.131s] -- Installing: /home/atsushi8-ss/ros2_ws/install/person_msgs/include/person_msgs/msg
[15.131s] -- Installing: /home/atsushi8-ss/ros2_ws/install/person_msgs/include/person_msgs/msg/person.h
[15.131s] -- Installing: /home/atsushi8-ss/ros2_ws/install/person_msgs/include/person_msgs/msg/rosidl_generator_c__visibility_control.h
[15.131s] -- Installing: /home/atsushi8-ss/ros2_ws/install/person_msgs/include/person_msgs/msg/detail
[15.131s] -- Installing: /home/atsushi8-ss/ros2_ws/install/person_msgs/include/person_msgs/msg/detail/person__functions.c
[15.131s] -- Installing: /home/atsushi8-ss/ros2_ws/install/person_msgs/include/person_msgs/msg/detail/person__type_support.h
[15.131s] -- Installing: /home/atsushi8-ss/ros2_ws/install/person_msgs/include/person_msgs/msg/detail/person__functions.h
[15.131s] -- Installing: /home/atsushi8-ss/ros2_ws/install/person_msgs/include/person_msgs/msg/detail/person__struct.h
[15.131s] -- Installing: /home/atsushi8-ss/ros2_ws/install/person_msgs/share/person_msgs/environment/library_path.sh
[15.131s] -- Installing: /home/atsushi8-ss/ros2_ws/install/person_msgs/share/person_msgs/environment/library_path.dsv
[15.131s] -- Installing: /home/atsushi8-ss/ros2_ws/install/person_msgs/lib/libperson_msgs__rosidl_generator_c.so
[15.132s] -- Set runtime path of "/home/atsushi8-ss/ros2_ws/install/person_msgs/lib/libperson_msgs__rosidl_generator_c.so" to ""
[15.132s] -- Up-to-date: /home/atsushi8-ss/ros2_ws/install/person_msgs/include/person_msgs
[15.132s] -- Up-to-date: /home/atsushi8-ss/ros2_ws/install/person_msgs/include/person_msgs/msg
[15.132s] -- Installing: /home/atsushi8-ss/ros2_ws/install/person_msgs/include/person_msgs/msg/rosidl_typesupport_fastrtps_c__visibility_control.h
[15.132s] -- Up-to-date: /home/atsushi8-ss/ros2_ws/install/person_msgs/include/person_msgs/msg/detail
[15.132s] -- Installing: /home/atsushi8-ss/ros2_ws/install/person_msgs/include/person_msgs/msg/detail/person__rosidl_typesupport_fastrtps_c.h
[15.132s] -- Installing: /home/atsushi8-ss/ros2_ws/install/person_msgs/lib/libperson_msgs__rosidl_typesupport_fastrtps_c.so
[15.132s] -- Set runtime path of "/home/atsushi8-ss/ros2_ws/install/person_msgs/lib/libperson_msgs__rosidl_typesupport_fastrtps_c.so" to ""
[15.133s] -- Up-to-date: /home/atsushi8-ss/ros2_ws/install/person_msgs/include/person_msgs
[15.133s] -- Up-to-date: /home/atsushi8-ss/ros2_ws/install/person_msgs/include/person_msgs/msg
[15.133s] -- Installing: /home/atsushi8-ss/ros2_ws/install/person_msgs/include/person_msgs/msg/rosidl_typesupport_fastrtps_cpp__visibility_control.h
[15.133s] -- Up-to-date: /home/atsushi8-ss/ros2_ws/install/person_msgs/include/person_msgs/msg/detail
[15.133s] -- Installing: /home/atsushi8-ss/ros2_ws/install/person_msgs/include/person_msgs/msg/detail/dds_fastrtps
[15.133s] -- Installing: /home/atsushi8-ss/ros2_ws/install/person_msgs/include/person_msgs/msg/detail/person__rosidl_typesupport_fastrtps_cpp.hpp
[15.133s] -- Installing: /home/atsushi8-ss/ros2_ws/install/person_msgs/lib/libperson_msgs__rosidl_typesupport_fastrtps_cpp.so
[15.134s] -- Set runtime path of "/home/atsushi8-ss/ros2_ws/install/person_msgs/lib/libperson_msgs__rosidl_typesupport_fastrtps_cpp.so" to ""
[15.134s] -- Up-to-date: /home/atsushi8-ss/ros2_ws/install/person_msgs/include/person_msgs
[15.134s] -- Up-to-date: /home/atsushi8-ss/ros2_ws/install/person_msgs/include/person_msgs/msg
[15.134s] -- Installing: /home/atsushi8-ss/ros2_ws/install/person_msgs/include/person_msgs/msg/rosidl_typesupport_introspection_c__visibility_control.h
[15.134s] -- Up-to-date: /home/atsushi8-ss/ros2_ws/install/person_msgs/include/person_msgs/msg/detail
[15.134s] -- Installing: /home/atsushi8-ss/ros2_ws/install/person_msgs/include/person_msgs/msg/detail/person__type_support.c
[15.134s] -- Installing: /home/atsushi8-ss/ros2_ws/install/person_msgs/include/person_msgs/msg/detail/person__rosidl_typesupport_introspection_c.h
[15.134s] -- Installing: /home/atsushi8-ss/ros2_ws/install/person_msgs/lib/libperson_msgs__rosidl_typesupport_introspection_c.so
[15.135s] -- Set runtime path of "/home/atsushi8-ss/ros2_ws/install/person_msgs/lib/libperson_msgs__rosidl_typesupport_introspection_c.so" to ""
[15.135s] -- Installing: /home/atsushi8-ss/ros2_ws/install/person_msgs/lib/libperson_msgs__rosidl_typesupport_c.so
[15.135s] -- Set runtime path of "/home/atsushi8-ss/ros2_ws/install/person_msgs/lib/libperson_msgs__rosidl_typesupport_c.so" to ""
[15.135s] -- Up-to-date: /home/atsushi8-ss/ros2_ws/install/person_msgs/include/person_msgs
[15.135s] -- Up-to-date: /home/atsushi8-ss/ros2_ws/install/person_msgs/include/person_msgs/msg
[15.135s] -- Installing: /home/atsushi8-ss/ros2_ws/install/person_msgs/include/person_msgs/msg/person.hpp
[15.135s] -- Installing: /home/atsushi8-ss/ros2_ws/install/person_msgs/include/person_msgs/msg/rosidl_generator_cpp__visibility_control.hpp
[15.136s] -- Up-to-date: /home/atsushi8-ss/ros2_ws/install/person_msgs/include/person_msgs/msg/detail
[15.136s] -- Installing: /home/atsushi8-ss/ros2_ws/install/person_msgs/include/person_msgs/msg/detail/person__builder.hpp
[15.136s] -- Installing: /home/atsushi8-ss/ros2_ws/install/person_msgs/include/person_msgs/msg/detail/person__type_support.hpp
[15.136s] -- Installing: /home/atsushi8-ss/ros2_ws/install/person_msgs/include/person_msgs/msg/detail/person__traits.hpp
[15.136s] -- Installing: /home/atsushi8-ss/ros2_ws/install/person_msgs/include/person_msgs/msg/detail/person__struct.hpp
[15.136s] -- Up-to-date: /home/atsushi8-ss/ros2_ws/install/person_msgs/include/person_msgs
[15.136s] -- Up-to-date: /home/atsushi8-ss/ros2_ws/install/person_msgs/include/person_msgs/msg
[15.136s] -- Up-to-date: /home/atsushi8-ss/ros2_ws/install/person_msgs/include/person_msgs/msg/detail
[15.136s] -- Installing: /home/atsushi8-ss/ros2_ws/install/person_msgs/include/person_msgs/msg/detail/person__rosidl_typesupport_introspection_cpp.hpp
[15.136s] -- Installing: /home/atsushi8-ss/ros2_ws/install/person_msgs/include/person_msgs/msg/detail/person__type_support.cpp
[15.136s] -- Installing: /home/atsushi8-ss/ros2_ws/install/person_msgs/lib/libperson_msgs__rosidl_typesupport_introspection_cpp.so
[15.136s] -- Set runtime path of "/home/atsushi8-ss/ros2_ws/install/person_msgs/lib/libperson_msgs__rosidl_typesupport_introspection_cpp.so" to ""
[15.136s] -- Installing: /home/atsushi8-ss/ros2_ws/install/person_msgs/lib/libperson_msgs__rosidl_typesupport_cpp.so
[15.136s] -- Set runtime path of "/home/atsushi8-ss/ros2_ws/install/person_msgs/lib/libperson_msgs__rosidl_typesupport_cpp.so" to ""
[15.136s] -- Installing: /home/atsushi8-ss/ros2_ws/install/person_msgs/share/person_msgs/environment/pythonpath.sh
[15.136s] -- Installing: /home/atsushi8-ss/ros2_ws/install/person_msgs/share/person_msgs/environment/pythonpath.dsv
[15.136s] -- Installing: /home/atsushi8-ss/ros2_ws/install/person_msgs/lib/python3.8/site-packages/person_msgs/__init__.py
[15.154s] Compiling '/home/atsushi8-ss/ros2_ws/install/person_msgs/lib/python3.8/site-packages/person_msgs/__init__.py'...
[15.157s] -- Installing: /home/atsushi8-ss/ros2_ws/install/person_msgs/lib/python3.8/site-packages/person_msgs/msg
[15.157s] -- Installing: /home/atsushi8-ss/ros2_ws/install/person_msgs/lib/python3.8/site-packages/person_msgs/msg/_person.py
[15.157s] -- Installing: /home/atsushi8-ss/ros2_ws/install/person_msgs/lib/python3.8/site-packages/person_msgs/msg/_person_s.c
[15.157s] -- Installing: /home/atsushi8-ss/ros2_ws/install/person_msgs/lib/python3.8/site-packages/person_msgs/msg/__init__.py
[15.157s] -- Installing: /home/atsushi8-ss/ros2_ws/install/person_msgs/lib/python3.8/site-packages/person_msgs/person_msgs_s__rosidl_typesupport_fastrtps_c.cpython-38-x86_64-linux-gnu.so
[15.157s] -- Set runtime path of "/home/atsushi8-ss/ros2_ws/install/person_msgs/lib/python3.8/site-packages/person_msgs/person_msgs_s__rosidl_typesupport_fastrtps_c.cpython-38-x86_64-linux-gnu.so" to ""
[15.157s] -- Installing: /home/atsushi8-ss/ros2_ws/install/person_msgs/lib/python3.8/site-packages/person_msgs/person_msgs_s__rosidl_typesupport_introspection_c.cpython-38-x86_64-linux-gnu.so
[15.158s] -- Set runtime path of "/home/atsushi8-ss/ros2_ws/install/person_msgs/lib/python3.8/site-packages/person_msgs/person_msgs_s__rosidl_typesupport_introspection_c.cpython-38-x86_64-linux-gnu.so" to ""
[15.158s] -- Installing: /home/atsushi8-ss/ros2_ws/install/person_msgs/lib/python3.8/site-packages/person_msgs/person_msgs_s__rosidl_typesupport_c.cpython-38-x86_64-linux-gnu.so
[15.159s] -- Set runtime path of "/home/atsushi8-ss/ros2_ws/install/person_msgs/lib/python3.8/site-packages/person_msgs/person_msgs_s__rosidl_typesupport_c.cpython-38-x86_64-linux-gnu.so" to ""
[15.159s] -- Installing: /home/atsushi8-ss/ros2_ws/install/person_msgs/lib/libperson_msgs__python.so
[15.160s] -- Set runtime path of "/home/atsushi8-ss/ros2_ws/install/person_msgs/lib/libperson_msgs__python.so" to ""
[15.160s] -- Installing: /home/atsushi8-ss/ros2_ws/install/person_msgs/share/person_msgs/msg/Person.idl
[15.160s] -- Installing: /home/atsushi8-ss/ros2_ws/install/person_msgs/share/person_msgs/msg/Person.msg
[15.160s] -- Installing: /home/atsushi8-ss/ros2_ws/install/person_msgs/share/ament_index/resource_index/package_run_dependencies/person_msgs
[15.160s] -- Installing: /home/atsushi8-ss/ros2_ws/install/person_msgs/share/ament_index/resource_index/parent_prefix_path/person_msgs
[15.160s] -- Installing: /home/atsushi8-ss/ros2_ws/install/person_msgs/share/person_msgs/environment/ament_prefix_path.sh
[15.160s] -- Installing: /home/atsushi8-ss/ros2_ws/install/person_msgs/share/person_msgs/environment/ament_prefix_path.dsv
[15.160s] -- Installing: /home/atsushi8-ss/ros2_ws/install/person_msgs/share/person_msgs/environment/path.sh
[15.160s] -- Installing: /home/atsushi8-ss/ros2_ws/install/person_msgs/share/person_msgs/environment/path.dsv
[15.161s] -- Installing: /home/atsushi8-ss/ros2_ws/install/person_msgs/share/person_msgs/local_setup.bash
[15.161s] -- Installing: /home/atsushi8-ss/ros2_ws/install/person_msgs/share/person_msgs/local_setup.sh
[15.161s] -- Installing: /home/atsushi8-ss/ros2_ws/install/person_msgs/share/person_msgs/local_setup.zsh
[15.161s] -- Installing: /home/atsushi8-ss/ros2_ws/install/person_msgs/share/person_msgs/local_setup.dsv
[15.161s] -- Installing: /home/atsushi8-ss/ros2_ws/install/person_msgs/share/person_msgs/package.dsv
[15.161s] -- Installing: /home/atsushi8-ss/ros2_ws/install/person_msgs/share/ament_index/resource_index/packages/person_msgs
[15.161s] -- Installing: /home/atsushi8-ss/ros2_ws/install/person_msgs/share/person_msgs/cmake/person_msgs__rosidl_generator_cExport.cmake
[15.161s] -- Installing: /home/atsushi8-ss/ros2_ws/install/person_msgs/share/person_msgs/cmake/person_msgs__rosidl_generator_cExport-noconfig.cmake
[15.161s] -- Installing: /home/atsushi8-ss/ros2_ws/install/person_msgs/share/person_msgs/cmake/person_msgs__rosidl_typesupport_introspection_cExport.cmake
[15.162s] -- Installing: /home/atsushi8-ss/ros2_ws/install/person_msgs/share/person_msgs/cmake/person_msgs__rosidl_typesupport_introspection_cExport-noconfig.cmake
[15.162s] -- Installing: /home/atsushi8-ss/ros2_ws/install/person_msgs/share/person_msgs/cmake/person_msgs__rosidl_typesupport_cExport.cmake
[15.162s] -- Installing: /home/atsushi8-ss/ros2_ws/install/person_msgs/share/person_msgs/cmake/person_msgs__rosidl_typesupport_cExport-noconfig.cmake
[15.162s] -- Installing: /home/atsushi8-ss/ros2_ws/install/person_msgs/share/person_msgs/cmake/person_msgs__rosidl_generator_cppExport.cmake
[15.162s] -- Installing: /home/atsushi8-ss/ros2_ws/install/person_msgs/share/person_msgs/cmake/person_msgs__rosidl_typesupport_introspection_cppExport.cmake
[15.162s] -- Installing: /home/atsushi8-ss/ros2_ws/install/person_msgs/share/person_msgs/cmake/person_msgs__rosidl_typesupport_introspection_cppExport-noconfig.cmake
[15.162s] -- Installing: /home/atsushi8-ss/ros2_ws/install/person_msgs/share/person_msgs/cmake/person_msgs__rosidl_typesupport_cppExport.cmake
[15.162s] -- Installing: /home/atsushi8-ss/ros2_ws/install/person_msgs/share/person_msgs/cmake/person_msgs__rosidl_typesupport_cppExport-noconfig.cmake
[15.162s] -- Installing: /home/atsushi8-ss/ros2_ws/install/person_msgs/share/person_msgs/cmake/rosidl_cmake-extras.cmake
[15.162s] -- Installing: /home/atsushi8-ss/ros2_ws/install/person_msgs/share/person_msgs/cmake/ament_cmake_export_dependencies-extras.cmake
[15.162s] -- Installing: /home/atsushi8-ss/ros2_ws/install/person_msgs/share/person_msgs/cmake/ament_cmake_export_libraries-extras.cmake
[15.162s] -- Installing: /home/atsushi8-ss/ros2_ws/install/person_msgs/share/person_msgs/cmake/ament_cmake_export_targets-extras.cmake
[15.162s] -- Installing: /home/atsushi8-ss/ros2_ws/install/person_msgs/share/person_msgs/cmake/ament_cmake_export_include_directories-extras.cmake
[15.162s] -- Installing: /home/atsushi8-ss/ros2_ws/install/person_msgs/share/person_msgs/cmake/rosidl_cmake_export_typesupport_libraries-extras.cmake
[15.162s] -- Installing: /home/atsushi8-ss/ros2_ws/install/person_msgs/share/person_msgs/cmake/rosidl_cmake_export_typesupport_targets-extras.cmake
[15.162s] -- Installing: /home/atsushi8-ss/ros2_ws/install/person_msgs/share/person_msgs/cmake/person_msgsConfig.cmake
[15.162s] -- Installing: /home/atsushi8-ss/ros2_ws/install/person_msgs/share/person_msgs/cmake/person_msgsConfig-version.cmake
[15.162s] -- Installing: /home/atsushi8-ss/ros2_ws/install/person_msgs/share/person_msgs/package.xml
[15.164s] Invoked command in '/home/atsushi8-ss/ros2_ws/build/person_msgs' returned '0': CMAKE_PREFIX_PATH=/home/atsushi8-ss/ros2_ws/install/mypkg:/opt/ros/foxy /usr/bin/cmake --install /home/atsushi8-ss/ros2_ws/build/person_msgs
