[0.732s] Invoking command in '/home/atsushi8-ss/ros2_ws/src/mypkg': PYTHONPATH=/home/atsushi8-ss/ros2_ws/build/mypkg/prefix_override:/home/atsushi8-ss/ros2_ws/install/mypkg/lib/python3.8/site-packages:${PYTHONPATH} /usr/bin/python3 setup.py egg_info --egg-base ../../build/mypkg build --build-base /home/atsushi8-ss/ros2_ws/build/mypkg/build install --record /home/atsushi8-ss/ros2_ws/build/mypkg/install.log --install-scripts $base/lib/mypkg --single-version-externally-managed
[0.869s] running egg_info
[0.869s] writing ../../build/mypkg/mypkg.egg-info/PKG-INFO
[0.869s] writing dependency_links to ../../build/mypkg/mypkg.egg-info/dependency_links.txt
[0.869s] writing entry points to ../../build/mypkg/mypkg.egg-info/entry_points.txt
[0.869s] writing requirements to ../../build/mypkg/mypkg.egg-info/requires.txt
[0.871s] writing top-level names to ../../build/mypkg/mypkg.egg-info/top_level.txt
[0.894s] reading manifest file '../../build/mypkg/mypkg.egg-info/SOURCES.txt'
[0.894s] writing manifest file '../../build/mypkg/mypkg.egg-info/SOURCES.txt'
[0.894s] running build
[0.894s] running build_py
[0.894s] copying mypkg/talker.py -> /home/atsushi8-ss/ros2_ws/build/mypkg/build/lib/mypkg
[0.895s] running install
[0.895s] running install_lib
[0.896s] copying /home/atsushi8-ss/ros2_ws/build/mypkg/build/lib/mypkg/talker.py -> /home/atsushi8-ss/ros2_ws/install/mypkg/lib/python3.8/site-packages/mypkg
[0.897s] byte-compiling /home/atsushi8-ss/ros2_ws/install/mypkg/lib/python3.8/site-packages/mypkg/talker.py to talker.cpython-38.pyc
[0.897s] running install_data
[0.897s] running install_egg_info
[0.897s]   File "/home/atsushi8-ss/ros2_ws/install/mypkg/lib/python3.8/site-packages/mypkg/talker.py", line 6
[0.897s]     if request.name == "山口敦志"
[0.897s]                             ^
[0.897s] SyntaxError: invalid syntax
[0.898s] 
[0.898s] removing '/home/atsushi8-ss/ros2_ws/install/mypkg/lib/python3.8/site-packages/mypkg-0.0.0-py3.8.egg-info' (and everything under it)
[0.898s] Copying ../../build/mypkg/mypkg.egg-info to /home/atsushi8-ss/ros2_ws/install/mypkg/lib/python3.8/site-packages/mypkg-0.0.0-py3.8.egg-info
[0.899s] running install_scripts
[0.910s] Installing listener script to /home/atsushi8-ss/ros2_ws/install/mypkg/lib/mypkg
[0.911s] Installing talker script to /home/atsushi8-ss/ros2_ws/install/mypkg/lib/mypkg
[0.911s] writing list of installed files to '/home/atsushi8-ss/ros2_ws/build/mypkg/install.log'
[0.923s] Invoked command in '/home/atsushi8-ss/ros2_ws/src/mypkg' returned '0': PYTHONPATH=/home/atsushi8-ss/ros2_ws/build/mypkg/prefix_override:/home/atsushi8-ss/ros2_ws/install/mypkg/lib/python3.8/site-packages:${PYTHONPATH} /usr/bin/python3 setup.py egg_info --egg-base ../../build/mypkg build --build-base /home/atsushi8-ss/ros2_ws/build/mypkg/build install --record /home/atsushi8-ss/ros2_ws/build/mypkg/install.log --install-scripts $base/lib/mypkg --single-version-externally-managed
