[0.622s] Invoking command in '/home/atsushi8-ss/ros2_ws/src/mypkg': PYTHONPATH=/home/atsushi8-ss/ros2_ws/build/mypkg/prefix_override:/home/atsushi8-ss/ros2_ws/install/mypkg/lib/python3.8/site-packages:${PYTHONPATH} /usr/bin/python3 setup.py egg_info --egg-base ../../build/mypkg build --build-base /home/atsushi8-ss/ros2_ws/build/mypkg/build install --record /home/atsushi8-ss/ros2_ws/build/mypkg/install.log --install-scripts $base/lib/mypkg --single-version-externally-managed
[0.733s] running egg_info
[0.734s] writing ../../build/mypkg/mypkg.egg-info/PKG-INFO
[0.734s] writing dependency_links to ../../build/mypkg/mypkg.egg-info/dependency_links.txt
[0.734s] writing entry points to ../../build/mypkg/mypkg.egg-info/entry_points.txt
[0.734s] writing requirements to ../../build/mypkg/mypkg.egg-info/requires.txt
[0.734s] writing top-level names to ../../build/mypkg/mypkg.egg-info/top_level.txt
[0.756s] reading manifest file '../../build/mypkg/mypkg.egg-info/SOURCES.txt'
[0.756s] writing manifest file '../../build/mypkg/mypkg.egg-info/SOURCES.txt'
[0.756s] running build
[0.756s] running build_py
[0.756s] running install
[0.757s] running install_lib
[0.758s] running install_data
[0.758s] running install_egg_info
[0.759s] removing '/home/atsushi8-ss/ros2_ws/install/mypkg/lib/python3.8/site-packages/mypkg-0.0.0-py3.8.egg-info' (and everything under it)
[0.760s] Copying ../../build/mypkg/mypkg.egg-info to /home/atsushi8-ss/ros2_ws/install/mypkg/lib/python3.8/site-packages/mypkg-0.0.0-py3.8.egg-info
[0.760s] running install_scripts
[0.771s] Installing listener script to /home/atsushi8-ss/ros2_ws/install/mypkg/lib/mypkg
[0.771s] Installing talker script to /home/atsushi8-ss/ros2_ws/install/mypkg/lib/mypkg
[0.771s] writing list of installed files to '/home/atsushi8-ss/ros2_ws/build/mypkg/install.log'
[0.783s] Invoked command in '/home/atsushi8-ss/ros2_ws/src/mypkg' returned '0': PYTHONPATH=/home/atsushi8-ss/ros2_ws/build/mypkg/prefix_override:/home/atsushi8-ss/ros2_ws/install/mypkg/lib/python3.8/site-packages:${PYTHONPATH} /usr/bin/python3 setup.py egg_info --egg-base ../../build/mypkg build --build-base /home/atsushi8-ss/ros2_ws/build/mypkg/build install --record /home/atsushi8-ss/ros2_ws/build/mypkg/install.log --install-scripts $base/lib/mypkg --single-version-externally-managed
