[2.085s] DEBUG:colcon:Command line arguments: ['/usr/bin/colcon', 'build']
[2.085s] DEBUG:colcon:Parsed command line arguments: Namespace(allow_overriding=[], ament_cmake_args=None, base_paths=['.'], build_base='build', catkin_cmake_args=None, catkin_skip_building_tests=False, cmake_args=None, cmake_clean_cache=False, cmake_clean_first=False, cmake_force_configure=False, cmake_target=None, cmake_target_skip_unavailable=False, continue_on_error=False, event_handlers=None, executor='parallel', ignore_user_meta=False, install_base='install', log_base=None, log_level=None, main=<bound method BuildVerb.main of <colcon_core.verb.build.BuildVerb object at 0x7f70842d9dc0>>, merge_install=False, metas=['./colcon.meta'], packages_above=None, packages_above_and_dependencies=None, packages_above_depth=None, packages_end=None, packages_ignore=None, packages_ignore_regex=None, packages_select=None, packages_select_build_failed=False, packages_select_by_dep=None, packages_select_regex=None, packages_select_test_failures=False, packages_skip=None, packages_skip_build_finished=False, packages_skip_by_dep=None, packages_skip_regex=None, packages_skip_test_passed=False, packages_skip_up_to=None, packages_start=None, packages_up_to=None, packages_up_to_regex=None, parallel_workers=16, paths=None, symlink_install=False, test_result_base=None, verb_extension=<colcon_core.verb.build.BuildVerb object at 0x7f70842d9dc0>, verb_name='build', verb_parser=<colcon_defaults.argument_parser.defaults.DefaultArgumentsDecorator object at 0x7f7083e808b0>)
[2.258s] Level 1:colcon.colcon_core.package_discovery:discover_packages(colcon_meta) check parameters
[2.258s] Level 1:colcon.colcon_core.package_discovery:discover_packages(recursive) check parameters
[2.258s] Level 1:colcon.colcon_core.package_discovery:discover_packages(ignore) check parameters
[2.258s] Level 1:colcon.colcon_core.package_discovery:discover_packages(path) check parameters
[2.258s] Level 1:colcon.colcon_core.package_discovery:discover_packages(colcon_meta) discover
[2.258s] Level 1:colcon.colcon_core.package_discovery:discover_packages(recursive) discover
[2.258s] INFO:colcon.colcon_core.package_discovery:Crawling recursively for packages in '/home/atsushi8-ss/ros2_ws'
[2.258s] Level 1:colcon.colcon_core.package_identification:_identify(.) by extensions ['ignore', 'ignore_ament_install']
[2.258s] Level 1:colcon.colcon_core.package_identification:_identify(.) by extension 'ignore'
[2.258s] Level 1:colcon.colcon_core.package_identification:_identify(.) by extension 'ignore_ament_install'
[2.258s] Level 1:colcon.colcon_core.package_identification:_identify(.) by extensions ['colcon_pkg']
[2.258s] Level 1:colcon.colcon_core.package_identification:_identify(.) by extension 'colcon_pkg'
[2.258s] Level 1:colcon.colcon_core.package_identification:_identify(.) by extensions ['colcon_meta']
[2.258s] Level 1:colcon.colcon_core.package_identification:_identify(.) by extension 'colcon_meta'
[2.258s] Level 1:colcon.colcon_core.package_identification:_identify(.) by extensions ['ros']
[2.258s] Level 1:colcon.colcon_core.package_identification:_identify(.) by extension 'ros'
[2.272s] Level 1:colcon.colcon_core.package_identification:_identify(.) by extensions ['cmake', 'python']
[2.272s] Level 1:colcon.colcon_core.package_identification:_identify(.) by extension 'cmake'
[2.272s] Level 1:colcon.colcon_core.package_identification:_identify(.) by extension 'python'
[2.272s] Level 1:colcon.colcon_core.package_identification:_identify(.) by extensions ['python_setup_py']
[2.272s] Level 1:colcon.colcon_core.package_identification:_identify(.) by extension 'python_setup_py'
[2.272s] Level 1:colcon.colcon_core.package_identification:_identify(build) by extensions ['ignore', 'ignore_ament_install']
[2.272s] Level 1:colcon.colcon_core.package_identification:_identify(build) by extension 'ignore'
[2.272s] Level 1:colcon.colcon_core.package_identification:_identify(build) ignored
[2.272s] Level 1:colcon.colcon_core.package_identification:_identify(install) by extensions ['ignore', 'ignore_ament_install']
[2.272s] Level 1:colcon.colcon_core.package_identification:_identify(install) by extension 'ignore'
[2.272s] Level 1:colcon.colcon_core.package_identification:_identify(install) ignored
[2.272s] Level 1:colcon.colcon_core.package_identification:_identify(log) by extensions ['ignore', 'ignore_ament_install']
[2.272s] Level 1:colcon.colcon_core.package_identification:_identify(log) by extension 'ignore'
[2.272s] Level 1:colcon.colcon_core.package_identification:_identify(log) ignored
[2.272s] Level 1:colcon.colcon_core.package_identification:_identify(src) by extensions ['ignore', 'ignore_ament_install']
[2.272s] Level 1:colcon.colcon_core.package_identification:_identify(src) by extension 'ignore'
[2.273s] Level 1:colcon.colcon_core.package_identification:_identify(src) by extension 'ignore_ament_install'
[2.273s] Level 1:colcon.colcon_core.package_identification:_identify(src) by extensions ['colcon_pkg']
[2.273s] Level 1:colcon.colcon_core.package_identification:_identify(src) by extension 'colcon_pkg'
[2.273s] Level 1:colcon.colcon_core.package_identification:_identify(src) by extensions ['colcon_meta']
[2.273s] Level 1:colcon.colcon_core.package_identification:_identify(src) by extension 'colcon_meta'
[2.273s] Level 1:colcon.colcon_core.package_identification:_identify(src) by extensions ['ros']
[2.273s] Level 1:colcon.colcon_core.package_identification:_identify(src) by extension 'ros'
[2.273s] Level 1:colcon.colcon_core.package_identification:_identify(src) by extensions ['cmake', 'python']
[2.273s] Level 1:colcon.colcon_core.package_identification:_identify(src) by extension 'cmake'
[2.273s] Level 1:colcon.colcon_core.package_identification:_identify(src) by extension 'python'
[2.273s] Level 1:colcon.colcon_core.package_identification:_identify(src) by extensions ['python_setup_py']
[2.273s] Level 1:colcon.colcon_core.package_identification:_identify(src) by extension 'python_setup_py'
[2.273s] Level 1:colcon.colcon_core.package_identification:_identify(src/mypkg) by extensions ['ignore', 'ignore_ament_install']
[2.274s] Level 1:colcon.colcon_core.package_identification:_identify(src/mypkg) by extension 'ignore'
[2.274s] Level 1:colcon.colcon_core.package_identification:_identify(src/mypkg) by extension 'ignore_ament_install'
[2.274s] Level 1:colcon.colcon_core.package_identification:_identify(src/mypkg) by extensions ['colcon_pkg']
[2.274s] Level 1:colcon.colcon_core.package_identification:_identify(src/mypkg) by extension 'colcon_pkg'
[2.274s] Level 1:colcon.colcon_core.package_identification:_identify(src/mypkg) by extensions ['colcon_meta']
[2.274s] Level 1:colcon.colcon_core.package_identification:_identify(src/mypkg) by extension 'colcon_meta'
[2.274s] Level 1:colcon.colcon_core.package_identification:_identify(src/mypkg) by extensions ['ros']
[2.274s] Level 1:colcon.colcon_core.package_identification:_identify(src/mypkg) by extension 'ros'
[2.277s] DEBUG:colcon.colcon_core.package_identification:Package 'src/mypkg' with type 'ros.ament_python' and name 'mypkg'
[2.277s] Level 1:colcon.colcon_core.package_identification:_identify(src/person_msgs) by extensions ['ignore', 'ignore_ament_install']
[2.278s] Level 1:colcon.colcon_core.package_identification:_identify(src/person_msgs) by extension 'ignore'
[2.278s] Level 1:colcon.colcon_core.package_identification:_identify(src/person_msgs) by extension 'ignore_ament_install'
[2.278s] Level 1:colcon.colcon_core.package_identification:_identify(src/person_msgs) by extensions ['colcon_pkg']
[2.278s] Level 1:colcon.colcon_core.package_identification:_identify(src/person_msgs) by extension 'colcon_pkg'
[2.278s] Level 1:colcon.colcon_core.package_identification:_identify(src/person_msgs) by extensions ['colcon_meta']
[2.278s] Level 1:colcon.colcon_core.package_identification:_identify(src/person_msgs) by extension 'colcon_meta'
[2.278s] Level 1:colcon.colcon_core.package_identification:_identify(src/person_msgs) by extensions ['ros']
[2.278s] Level 1:colcon.colcon_core.package_identification:_identify(src/person_msgs) by extension 'ros'
[2.278s] DEBUG:colcon.colcon_core.package_identification:Package 'src/person_msgs' with type 'ros.ament_cmake' and name 'person_msgs'
[2.278s] Level 1:colcon.colcon_core.package_discovery:discover_packages(recursive) using defaults
[2.279s] Level 1:colcon.colcon_core.package_discovery:discover_packages(ignore) discover
[2.279s] Level 1:colcon.colcon_core.package_discovery:discover_packages(ignore) using defaults
[2.279s] Level 1:colcon.colcon_core.package_discovery:discover_packages(path) discover
[2.279s] Level 1:colcon.colcon_core.package_discovery:discover_packages(path) using defaults
[2.430s] Level 1:colcon.colcon_core.package_discovery:discover_packages(prefix_path) check parameters
[2.430s] Level 1:colcon.colcon_core.package_discovery:discover_packages(prefix_path) discover
[2.480s] DEBUG:colcon.colcon_installed_package_information.package_discovery:Found 2 installed packages in /home/atsushi8-ss/ros2_ws/install
[2.512s] DEBUG:colcon.colcon_installed_package_information.package_discovery:Found 256 installed packages in /opt/ros/foxy
[2.514s] Level 1:colcon.colcon_core.package_discovery:discover_packages(prefix_path) using defaults
[2.698s] Level 5:colcon.colcon_core.verb:set package 'mypkg' build argument 'cmake_args' from command line to 'None'
[2.698s] Level 5:colcon.colcon_core.verb:set package 'mypkg' build argument 'cmake_target' from command line to 'None'
[2.698s] Level 5:colcon.colcon_core.verb:set package 'mypkg' build argument 'cmake_target_skip_unavailable' from command line to 'False'
[2.698s] Level 5:colcon.colcon_core.verb:set package 'mypkg' build argument 'cmake_clean_cache' from command line to 'False'
[2.698s] Level 5:colcon.colcon_core.verb:set package 'mypkg' build argument 'cmake_clean_first' from command line to 'False'
[2.698s] Level 5:colcon.colcon_core.verb:set package 'mypkg' build argument 'cmake_force_configure' from command line to 'False'
[2.698s] Level 5:colcon.colcon_core.verb:set package 'mypkg' build argument 'ament_cmake_args' from command line to 'None'
[2.698s] Level 5:colcon.colcon_core.verb:set package 'mypkg' build argument 'catkin_cmake_args' from command line to 'None'
[2.698s] Level 5:colcon.colcon_core.verb:set package 'mypkg' build argument 'catkin_skip_building_tests' from command line to 'False'
[2.698s] DEBUG:colcon.colcon_core.verb:Building package 'mypkg' with the following arguments: {'ament_cmake_args': None, 'build_base': '/home/atsushi8-ss/ros2_ws/build/mypkg', 'catkin_cmake_args': None, 'catkin_skip_building_tests': False, 'cmake_args': None, 'cmake_clean_cache': False, 'cmake_clean_first': False, 'cmake_force_configure': False, 'cmake_target': None, 'cmake_target_skip_unavailable': False, 'install_base': '/home/atsushi8-ss/ros2_ws/install/mypkg', 'merge_install': False, 'path': '/home/atsushi8-ss/ros2_ws/src/mypkg', 'symlink_install': False, 'test_result_base': None}
[2.720s] Level 5:colcon.colcon_core.verb:set package 'person_msgs' build argument 'cmake_args' from command line to 'None'
[2.720s] Level 5:colcon.colcon_core.verb:set package 'person_msgs' build argument 'cmake_target' from command line to 'None'
[2.720s] Level 5:colcon.colcon_core.verb:set package 'person_msgs' build argument 'cmake_target_skip_unavailable' from command line to 'False'
[2.720s] Level 5:colcon.colcon_core.verb:set package 'person_msgs' build argument 'cmake_clean_cache' from command line to 'False'
[2.720s] Level 5:colcon.colcon_core.verb:set package 'person_msgs' build argument 'cmake_clean_first' from command line to 'False'
[2.720s] Level 5:colcon.colcon_core.verb:set package 'person_msgs' build argument 'cmake_force_configure' from command line to 'False'
[2.720s] Level 5:colcon.colcon_core.verb:set package 'person_msgs' build argument 'ament_cmake_args' from command line to 'None'
[2.720s] Level 5:colcon.colcon_core.verb:set package 'person_msgs' build argument 'catkin_cmake_args' from command line to 'None'
[2.720s] Level 5:colcon.colcon_core.verb:set package 'person_msgs' build argument 'catkin_skip_building_tests' from command line to 'False'
[2.720s] DEBUG:colcon.colcon_core.verb:Building package 'person_msgs' with the following arguments: {'ament_cmake_args': None, 'build_base': '/home/atsushi8-ss/ros2_ws/build/person_msgs', 'catkin_cmake_args': None, 'catkin_skip_building_tests': False, 'cmake_args': None, 'cmake_clean_cache': False, 'cmake_clean_first': False, 'cmake_force_configure': False, 'cmake_target': None, 'cmake_target_skip_unavailable': False, 'install_base': '/home/atsushi8-ss/ros2_ws/install/person_msgs', 'merge_install': False, 'path': '/home/atsushi8-ss/ros2_ws/src/person_msgs', 'symlink_install': False, 'test_result_base': None}
[2.749s] INFO:colcon.colcon_core.executor:Executing jobs using 'parallel' executor
[2.777s] DEBUG:colcon.colcon_parallel_executor.executor.parallel:run_until_complete
[2.777s] INFO:colcon.colcon_ros.task.ament_python.build:Building ROS package in '/home/atsushi8-ss/ros2_ws/src/mypkg' with build type 'ament_python'
[2.777s] Level 1:colcon.colcon_core.shell:create_environment_hook('mypkg', 'ament_prefix_path')
[2.850s] INFO:colcon.colcon_core.plugin_system:Skipping extension 'colcon_core.shell.bat': Not used on non-Windows systems
[2.850s] INFO:colcon.colcon_core.shell:Creating environment hook '/home/atsushi8-ss/ros2_ws/install/mypkg/share/mypkg/hook/ament_prefix_path.ps1'
[2.851s] INFO:colcon.colcon_core.shell:Creating environment descriptor '/home/atsushi8-ss/ros2_ws/install/mypkg/share/mypkg/hook/ament_prefix_path.dsv'
[2.852s] INFO:colcon.colcon_core.shell:Creating environment hook '/home/atsushi8-ss/ros2_ws/install/mypkg/share/mypkg/hook/ament_prefix_path.sh'
[2.881s] INFO:colcon.colcon_core.shell:Skip shell extension 'powershell' for command environment: Not usable outside of PowerShell
[2.881s] DEBUG:colcon.colcon_core.shell:Skip shell extension 'dsv' for command environment
[2.973s] INFO:colcon.colcon_ros.task.ament_cmake.build:Building ROS package in '/home/atsushi8-ss/ros2_ws/src/person_msgs' with build type 'ament_cmake'
[2.973s] INFO:colcon.colcon_cmake.task.cmake.build:Building CMake package in '/home/atsushi8-ss/ros2_ws/src/person_msgs'
[3.014s] INFO:colcon.colcon_core.shell:Skip shell extension 'powershell' for command environment: Not usable outside of PowerShell
[3.014s] DEBUG:colcon.colcon_core.shell:Skip shell extension 'dsv' for command environment
[3.329s] INFO:colcon.colcon_core.task.python.build:Building Python package in '/home/atsushi8-ss/ros2_ws/src/mypkg'
[3.357s] INFO:colcon.colcon_core.shell:Skip shell extension 'powershell' for command environment: Not usable outside of PowerShell
[3.357s] DEBUG:colcon.colcon_core.shell:Skip shell extension 'dsv' for command environment
[3.483s] DEBUG:colcon.colcon_core.event_handler.log_command:Invoking command in '/home/atsushi8-ss/ros2_ws/build/person_msgs': CMAKE_PREFIX_PATH=${CMAKE_PREFIX_PATH}:/home/atsushi8-ss/ros2_ws/install/mypkg:/opt/ros/foxy /usr/bin/cmake --build /home/atsushi8-ss/ros2_ws/build/person_msgs -- -j16 -l16
[7.813s] DEBUG:colcon.colcon_core.event_handler.log_command:Invoking command in '/home/atsushi8-ss/ros2_ws/src/mypkg': PYTHONPATH=/home/atsushi8-ss/ros2_ws/build/mypkg/prefix_override:/home/atsushi8-ss/ros2_ws/install/mypkg/lib/python3.8/site-packages:${PYTHONPATH} /usr/bin/python3 setup.py egg_info --egg-base ../../build/mypkg build --build-base /home/atsushi8-ss/ros2_ws/build/mypkg/build install --record /home/atsushi8-ss/ros2_ws/build/mypkg/install.log --install-scripts $base/lib/mypkg --single-version-externally-managed
[8.170s] DEBUG:colcon.colcon_core.event_handler.log_command:Invoked command in '/home/atsushi8-ss/ros2_ws/src/mypkg' returned '0': PYTHONPATH=/home/atsushi8-ss/ros2_ws/build/mypkg/prefix_override:/home/atsushi8-ss/ros2_ws/install/mypkg/lib/python3.8/site-packages:${PYTHONPATH} /usr/bin/python3 setup.py egg_info --egg-base ../../build/mypkg build --build-base /home/atsushi8-ss/ros2_ws/build/mypkg/build install --record /home/atsushi8-ss/ros2_ws/build/mypkg/install.log --install-scripts $base/lib/mypkg --single-version-externally-managed
[8.267s] Level 1:colcon.colcon_core.environment:checking '/home/atsushi8-ss/ros2_ws/install/mypkg' for CMake module files
[8.267s] Level 1:colcon.colcon_core.environment:checking '/home/atsushi8-ss/ros2_ws/install/mypkg' for CMake config files
[8.268s] Level 1:colcon.colcon_core.environment:checking '/home/atsushi8-ss/ros2_ws/install/mypkg/lib'
[8.269s] Level 1:colcon.colcon_core.environment:checking '/home/atsushi8-ss/ros2_ws/install/mypkg/bin'
[8.269s] Level 1:colcon.colcon_core.environment:checking '/home/atsushi8-ss/ros2_ws/install/mypkg/lib/pkgconfig/mypkg.pc'
[8.269s] Level 1:colcon.colcon_core.environment:checking '/home/atsushi8-ss/ros2_ws/install/mypkg/lib/python3.8/site-packages'
[8.269s] Level 1:colcon.colcon_core.shell:create_environment_hook('mypkg', 'pythonpath')
[8.320s] INFO:colcon.colcon_core.shell:Creating environment hook '/home/atsushi8-ss/ros2_ws/install/mypkg/share/mypkg/hook/pythonpath.ps1'
[8.321s] INFO:colcon.colcon_core.shell:Creating environment descriptor '/home/atsushi8-ss/ros2_ws/install/mypkg/share/mypkg/hook/pythonpath.dsv'
[8.321s] INFO:colcon.colcon_core.shell:Creating environment hook '/home/atsushi8-ss/ros2_ws/install/mypkg/share/mypkg/hook/pythonpath.sh'
[8.322s] Level 1:colcon.colcon_core.environment:checking '/home/atsushi8-ss/ros2_ws/install/mypkg/bin'
[8.322s] Level 1:colcon.colcon_core.environment:create_environment_scripts_only(mypkg)
[8.356s] INFO:colcon.colcon_core.shell:Creating package script '/home/atsushi8-ss/ros2_ws/install/mypkg/share/mypkg/package.ps1'
[8.359s] INFO:colcon.colcon_core.shell:Creating package descriptor '/home/atsushi8-ss/ros2_ws/install/mypkg/share/mypkg/package.dsv'
[8.370s] INFO:colcon.colcon_core.shell:Creating package script '/home/atsushi8-ss/ros2_ws/install/mypkg/share/mypkg/package.sh'
[8.375s] INFO:colcon.colcon_core.shell:Creating package script '/home/atsushi8-ss/ros2_ws/install/mypkg/share/mypkg/package.bash'
[8.387s] INFO:colcon.colcon_core.shell:Creating package script '/home/atsushi8-ss/ros2_ws/install/mypkg/share/mypkg/package.zsh'
[8.395s] Level 1:colcon.colcon_core.environment:create_file_with_runtime_dependencies(/home/atsushi8-ss/ros2_ws/install/mypkg/share/colcon-core/packages/mypkg)
[8.583s] DEBUG:colcon.colcon_core.event_handler.log_command:Invoked command in '/home/atsushi8-ss/ros2_ws/build/person_msgs' returned '0': CMAKE_PREFIX_PATH=${CMAKE_PREFIX_PATH}:/home/atsushi8-ss/ros2_ws/install/mypkg:/opt/ros/foxy /usr/bin/cmake --build /home/atsushi8-ss/ros2_ws/build/person_msgs -- -j16 -l16
[8.668s] DEBUG:colcon.colcon_core.event_handler.log_command:Invoking command in '/home/atsushi8-ss/ros2_ws/build/person_msgs': CMAKE_PREFIX_PATH=${CMAKE_PREFIX_PATH}:/home/atsushi8-ss/ros2_ws/install/mypkg:/opt/ros/foxy /usr/bin/cmake --install /home/atsushi8-ss/ros2_ws/build/person_msgs
[8.793s] Level 1:colcon.colcon_core.environment:create_environment_scripts_only(person_msgs)
[8.793s] DEBUG:colcon.colcon_core.event_handler.log_command:Invoked command in '/home/atsushi8-ss/ros2_ws/build/person_msgs' returned '0': CMAKE_PREFIX_PATH=${CMAKE_PREFIX_PATH}:/home/atsushi8-ss/ros2_ws/install/mypkg:/opt/ros/foxy /usr/bin/cmake --install /home/atsushi8-ss/ros2_ws/build/person_msgs
[8.818s] Level 1:colcon.colcon_core.environment:checking '/home/atsushi8-ss/ros2_ws/install/person_msgs' for CMake module files
[8.819s] Level 1:colcon.colcon_core.environment:checking '/home/atsushi8-ss/ros2_ws/install/person_msgs' for CMake config files
[8.820s] Level 1:colcon.colcon_core.shell:create_environment_hook('person_msgs', 'cmake_prefix_path')
[8.854s] INFO:colcon.colcon_core.shell:Creating environment hook '/home/atsushi8-ss/ros2_ws/install/person_msgs/share/person_msgs/hook/cmake_prefix_path.ps1'
[8.855s] INFO:colcon.colcon_core.shell:Creating environment descriptor '/home/atsushi8-ss/ros2_ws/install/person_msgs/share/person_msgs/hook/cmake_prefix_path.dsv'
[8.855s] INFO:colcon.colcon_core.shell:Creating environment hook '/home/atsushi8-ss/ros2_ws/install/person_msgs/share/person_msgs/hook/cmake_prefix_path.sh'
[8.856s] Level 1:colcon.colcon_core.environment:checking '/home/atsushi8-ss/ros2_ws/install/person_msgs/lib'
[8.856s] Level 1:colcon.colcon_core.shell:create_environment_hook('person_msgs', 'ld_library_path_lib')
[8.888s] INFO:colcon.colcon_core.shell:Creating environment hook '/home/atsushi8-ss/ros2_ws/install/person_msgs/share/person_msgs/hook/ld_library_path_lib.ps1'
[8.888s] INFO:colcon.colcon_core.shell:Creating environment descriptor '/home/atsushi8-ss/ros2_ws/install/person_msgs/share/person_msgs/hook/ld_library_path_lib.dsv'
[8.889s] INFO:colcon.colcon_core.shell:Creating environment hook '/home/atsushi8-ss/ros2_ws/install/person_msgs/share/person_msgs/hook/ld_library_path_lib.sh'
[8.889s] Level 1:colcon.colcon_core.environment:checking '/home/atsushi8-ss/ros2_ws/install/person_msgs/bin'
[8.889s] Level 1:colcon.colcon_core.environment:checking '/home/atsushi8-ss/ros2_ws/install/person_msgs/lib/pkgconfig/person_msgs.pc'
[8.889s] Level 1:colcon.colcon_core.environment:checking '/home/atsushi8-ss/ros2_ws/install/person_msgs/lib/python3.8/site-packages'
[8.889s] Level 1:colcon.colcon_core.shell:create_environment_hook('person_msgs', 'pythonpath')
[8.917s] INFO:colcon.colcon_core.shell:Creating environment hook '/home/atsushi8-ss/ros2_ws/install/person_msgs/share/person_msgs/hook/pythonpath.ps1'
[8.918s] INFO:colcon.colcon_core.shell:Creating environment descriptor '/home/atsushi8-ss/ros2_ws/install/person_msgs/share/person_msgs/hook/pythonpath.dsv'
[8.918s] INFO:colcon.colcon_core.shell:Creating environment hook '/home/atsushi8-ss/ros2_ws/install/person_msgs/share/person_msgs/hook/pythonpath.sh'
[8.918s] Level 1:colcon.colcon_core.environment:checking '/home/atsushi8-ss/ros2_ws/install/person_msgs/bin'
[8.954s] INFO:colcon.colcon_core.shell:Creating package script '/home/atsushi8-ss/ros2_ws/install/person_msgs/share/person_msgs/package.ps1'
[8.954s] INFO:colcon.colcon_core.shell:Creating package descriptor '/home/atsushi8-ss/ros2_ws/install/person_msgs/share/person_msgs/package.dsv'
[8.955s] INFO:colcon.colcon_core.shell:Creating package script '/home/atsushi8-ss/ros2_ws/install/person_msgs/share/person_msgs/package.sh'
[8.955s] INFO:colcon.colcon_core.shell:Creating package script '/home/atsushi8-ss/ros2_ws/install/person_msgs/share/person_msgs/package.bash'
[8.955s] INFO:colcon.colcon_core.shell:Creating package script '/home/atsushi8-ss/ros2_ws/install/person_msgs/share/person_msgs/package.zsh'
[8.956s] Level 1:colcon.colcon_core.environment:create_file_with_runtime_dependencies(/home/atsushi8-ss/ros2_ws/install/person_msgs/share/colcon-core/packages/person_msgs)
[9.062s] Level 1:colcon.colcon_core.environment:create_environment_scripts_only(person_msgs)
[9.087s] Level 1:colcon.colcon_core.environment:checking '/home/atsushi8-ss/ros2_ws/install/person_msgs' for CMake module files
[9.088s] Level 1:colcon.colcon_core.environment:checking '/home/atsushi8-ss/ros2_ws/install/person_msgs' for CMake config files
[9.088s] Level 1:colcon.colcon_core.shell:create_environment_hook('person_msgs', 'cmake_prefix_path')
[9.114s] INFO:colcon.colcon_core.shell:Creating environment hook '/home/atsushi8-ss/ros2_ws/install/person_msgs/share/person_msgs/hook/cmake_prefix_path.ps1'
[9.114s] INFO:colcon.colcon_core.shell:Creating environment descriptor '/home/atsushi8-ss/ros2_ws/install/person_msgs/share/person_msgs/hook/cmake_prefix_path.dsv'
[9.114s] INFO:colcon.colcon_core.shell:Creating environment hook '/home/atsushi8-ss/ros2_ws/install/person_msgs/share/person_msgs/hook/cmake_prefix_path.sh'
[9.115s] Level 1:colcon.colcon_core.environment:checking '/home/atsushi8-ss/ros2_ws/install/person_msgs/lib'
[9.115s] Level 1:colcon.colcon_core.shell:create_environment_hook('person_msgs', 'ld_library_path_lib')
[9.142s] INFO:colcon.colcon_core.shell:Creating environment hook '/home/atsushi8-ss/ros2_ws/install/person_msgs/share/person_msgs/hook/ld_library_path_lib.ps1'
[9.143s] INFO:colcon.colcon_core.shell:Creating environment descriptor '/home/atsushi8-ss/ros2_ws/install/person_msgs/share/person_msgs/hook/ld_library_path_lib.dsv'
[9.143s] INFO:colcon.colcon_core.shell:Creating environment hook '/home/atsushi8-ss/ros2_ws/install/person_msgs/share/person_msgs/hook/ld_library_path_lib.sh'
[9.143s] Level 1:colcon.colcon_core.environment:checking '/home/atsushi8-ss/ros2_ws/install/person_msgs/bin'
[9.143s] Level 1:colcon.colcon_core.environment:checking '/home/atsushi8-ss/ros2_ws/install/person_msgs/lib/pkgconfig/person_msgs.pc'
[9.143s] Level 1:colcon.colcon_core.environment:checking '/home/atsushi8-ss/ros2_ws/install/person_msgs/lib/python3.8/site-packages'
[9.143s] Level 1:colcon.colcon_core.shell:create_environment_hook('person_msgs', 'pythonpath')
[9.171s] INFO:colcon.colcon_core.shell:Creating environment hook '/home/atsushi8-ss/ros2_ws/install/person_msgs/share/person_msgs/hook/pythonpath.ps1'
[9.171s] INFO:colcon.colcon_core.shell:Creating environment descriptor '/home/atsushi8-ss/ros2_ws/install/person_msgs/share/person_msgs/hook/pythonpath.dsv'
[9.172s] INFO:colcon.colcon_core.shell:Creating environment hook '/home/atsushi8-ss/ros2_ws/install/person_msgs/share/person_msgs/hook/pythonpath.sh'
[9.172s] Level 1:colcon.colcon_core.environment:checking '/home/atsushi8-ss/ros2_ws/install/person_msgs/bin'
[9.208s] INFO:colcon.colcon_core.shell:Creating package script '/home/atsushi8-ss/ros2_ws/install/person_msgs/share/person_msgs/package.ps1'
[9.208s] INFO:colcon.colcon_core.shell:Creating package descriptor '/home/atsushi8-ss/ros2_ws/install/person_msgs/share/person_msgs/package.dsv'
[9.209s] INFO:colcon.colcon_core.shell:Creating package script '/home/atsushi8-ss/ros2_ws/install/person_msgs/share/person_msgs/package.sh'
[9.209s] INFO:colcon.colcon_core.shell:Creating package script '/home/atsushi8-ss/ros2_ws/install/person_msgs/share/person_msgs/package.bash'
[9.209s] INFO:colcon.colcon_core.shell:Creating package script '/home/atsushi8-ss/ros2_ws/install/person_msgs/share/person_msgs/package.zsh'
[9.210s] Level 1:colcon.colcon_core.environment:create_file_with_runtime_dependencies(/home/atsushi8-ss/ros2_ws/install/person_msgs/share/colcon-core/packages/person_msgs)
[9.210s] DEBUG:colcon.colcon_parallel_executor.executor.parallel:closing loop
[9.210s] DEBUG:colcon.colcon_parallel_executor.executor.parallel:loop closed
[9.211s] DEBUG:colcon.colcon_parallel_executor.executor.parallel:run_until_complete finished with '0'
[9.211s] DEBUG:colcon.colcon_core.event_reactor:joining thread
[9.317s] INFO:colcon.colcon_core.plugin_system:Skipping extension 'colcon_notification.desktop_notification.notify_send': Could not find 'notify-send'
[9.317s] INFO:colcon.colcon_core.plugin_system:Skipping extension 'colcon_notification.desktop_notification.terminal_notifier': Not used on non-Darwin systems
[9.317s] INFO:colcon.colcon_core.plugin_system:Skipping extension 'colcon_notification.desktop_notification.win32': Not used on non-Windows systems
[9.317s] INFO:colcon.colcon_notification.desktop_notification:Sending desktop notification using 'notify2'
[9.367s] DEBUG:colcon.colcon_notification.desktop_notification.notify2:Failed to initialize notify2: org.freedesktop.DBus.Error.ServiceUnknown: The name org.freedesktop.Notifications was not provided by any .service files
[9.368s] DEBUG:colcon.colcon_core.event_reactor:joined thread
[9.395s] INFO:colcon.colcon_core.shell:Creating prefix script '/home/atsushi8-ss/ros2_ws/install/local_setup.ps1'
[9.397s] INFO:colcon.colcon_core.shell:Creating prefix util module '/home/atsushi8-ss/ros2_ws/install/_local_setup_util_ps1.py'
[9.398s] INFO:colcon.colcon_core.shell:Creating prefix chain script '/home/atsushi8-ss/ros2_ws/install/setup.ps1'
[9.423s] INFO:colcon.colcon_core.shell:Creating prefix script '/home/atsushi8-ss/ros2_ws/install/local_setup.sh'
[9.424s] INFO:colcon.colcon_core.shell:Creating prefix util module '/home/atsushi8-ss/ros2_ws/install/_local_setup_util_sh.py'
[9.425s] INFO:colcon.colcon_core.shell:Creating prefix chain script '/home/atsushi8-ss/ros2_ws/install/setup.sh'
[9.461s] INFO:colcon.colcon_core.shell:Creating prefix script '/home/atsushi8-ss/ros2_ws/install/local_setup.bash'
[9.462s] INFO:colcon.colcon_core.shell:Creating prefix chain script '/home/atsushi8-ss/ros2_ws/install/setup.bash'
[9.491s] INFO:colcon.colcon_core.shell:Creating prefix script '/home/atsushi8-ss/ros2_ws/install/local_setup.zsh'
[9.492s] INFO:colcon.colcon_core.shell:Creating prefix chain script '/home/atsushi8-ss/ros2_ws/install/setup.zsh'
