[0.509s] Invoking command in '/home/atsushi8-ss/ros2_ws/build/person_msgs': CMAKE_PREFIX_PATH=${CMAKE_PREFIX_PATH}:/home/atsushi8-ss/ros2_ws/install/mypkg:/opt/ros/foxy /usr/bin/cmake --build /home/atsushi8-ss/ros2_ws/build/person_msgs -- -j16 -l16
[4.985s] [  2%] Built target person_msgs__cpp
[5.066s] [ 12%] Built target person_msgs__rosidl_generator_c
[5.155s] [ 25%] Built target person_msgs__rosidl_typesupport_introspection_c
[5.156s] [ 33%] Built target person_msgs__rosidl_typesupport_introspection_cpp
[5.160s] [ 43%] Built target person_msgs__rosidl_typesupport_cpp
[5.161s] [ 53%] Built target person_msgs__rosidl_typesupport_fastrtps_cpp
[5.206s] [ 64%] Built target person_msgs__rosidl_typesupport_c
[5.283s] [ 74%] Built target person_msgs__rosidl_typesupport_fastrtps_c
[5.389s] [ 74%] Built target person_msgs
[5.480s] [ 76%] Built target person_msgs__py
[5.557s] [ 84%] Built target person_msgs__python
[5.592s] [ 89%] Built target person_msgs__rosidl_typesupport_fastrtps_c__pyext
[5.597s] [ 94%] Built target person_msgs__rosidl_typesupport_introspection_c__pyext
[5.599s] [100%] Built target person_msgs__rosidl_typesupport_c__pyext
[5.609s] Invoked command in '/home/atsushi8-ss/ros2_ws/build/person_msgs' returned '0': CMAKE_PREFIX_PATH=${CMAKE_PREFIX_PATH}:/home/atsushi8-ss/ros2_ws/install/mypkg:/opt/ros/foxy /usr/bin/cmake --build /home/atsushi8-ss/ros2_ws/build/person_msgs -- -j16 -l16
[5.694s] Invoking command in '/home/atsushi8-ss/ros2_ws/build/person_msgs': CMAKE_PREFIX_PATH=${CMAKE_PREFIX_PATH}:/home/atsushi8-ss/ros2_ws/install/mypkg:/opt/ros/foxy /usr/bin/cmake --install /home/atsushi8-ss/ros2_ws/build/person_msgs
[5.741s] -- Install configuration: ""
[5.741s] -- Up-to-date: /home/atsushi8-ss/ros2_ws/install/person_msgs/share/ament_index/resource_index/rosidl_interfaces/person_msgs
[5.742s] -- Up-to-date: /home/atsushi8-ss/ros2_ws/install/person_msgs/include/person_msgs
[5.743s] -- Up-to-date: /home/atsushi8-ss/ros2_ws/install/person_msgs/include/person_msgs/srv
[5.744s] -- Up-to-date: /home/atsushi8-ss/ros2_ws/install/person_msgs/include/person_msgs/srv/query.h
[5.744s] -- Up-to-date: /home/atsushi8-ss/ros2_ws/install/person_msgs/include/person_msgs/srv/detail
[5.744s] -- Up-to-date: /home/atsushi8-ss/ros2_ws/install/person_msgs/include/person_msgs/srv/detail/query__functions.c
[5.744s] -- Up-to-date: /home/atsushi8-ss/ros2_ws/install/person_msgs/include/person_msgs/srv/detail/query__type_support.h
[5.744s] -- Up-to-date: /home/atsushi8-ss/ros2_ws/install/person_msgs/include/person_msgs/srv/detail/query__functions.h
[5.745s] -- Up-to-date: /home/atsushi8-ss/ros2_ws/install/person_msgs/include/person_msgs/srv/detail/query__struct.h
[5.745s] -- Up-to-date: /home/atsushi8-ss/ros2_ws/install/person_msgs/include/person_msgs/msg
[5.745s] -- Up-to-date: /home/atsushi8-ss/ros2_ws/install/person_msgs/include/person_msgs/msg/person.h
[5.745s] -- Up-to-date: /home/atsushi8-ss/ros2_ws/install/person_msgs/include/person_msgs/msg/rosidl_generator_c__visibility_control.h
[5.745s] -- Up-to-date: /home/atsushi8-ss/ros2_ws/install/person_msgs/include/person_msgs/msg/detail
[5.746s] -- Up-to-date: /home/atsushi8-ss/ros2_ws/install/person_msgs/include/person_msgs/msg/detail/person__functions.c
[5.746s] -- Up-to-date: /home/atsushi8-ss/ros2_ws/install/person_msgs/include/person_msgs/msg/detail/person__type_support.h
[5.746s] -- Up-to-date: /home/atsushi8-ss/ros2_ws/install/person_msgs/include/person_msgs/msg/detail/person__functions.h
[5.746s] -- Up-to-date: /home/atsushi8-ss/ros2_ws/install/person_msgs/include/person_msgs/msg/detail/person__struct.h
[5.746s] -- Up-to-date: /home/atsushi8-ss/ros2_ws/install/person_msgs/share/person_msgs/environment/library_path.sh
[5.746s] -- Up-to-date: /home/atsushi8-ss/ros2_ws/install/person_msgs/share/person_msgs/environment/library_path.dsv
[5.747s] -- Up-to-date: /home/atsushi8-ss/ros2_ws/install/person_msgs/lib/libperson_msgs__rosidl_generator_c.so
[5.748s] -- Up-to-date: /home/atsushi8-ss/ros2_ws/install/person_msgs/include/person_msgs
[5.748s] -- Up-to-date: /home/atsushi8-ss/ros2_ws/install/person_msgs/include/person_msgs/srv
[5.748s] -- Up-to-date: /home/atsushi8-ss/ros2_ws/install/person_msgs/include/person_msgs/srv/detail
[5.748s] -- Up-to-date: /home/atsushi8-ss/ros2_ws/install/person_msgs/include/person_msgs/srv/detail/query__rosidl_typesupport_fastrtps_c.h
[5.748s] -- Up-to-date: /home/atsushi8-ss/ros2_ws/install/person_msgs/include/person_msgs/msg
[5.748s] -- Up-to-date: /home/atsushi8-ss/ros2_ws/install/person_msgs/include/person_msgs/msg/rosidl_typesupport_fastrtps_c__visibility_control.h
[5.748s] -- Up-to-date: /home/atsushi8-ss/ros2_ws/install/person_msgs/include/person_msgs/msg/detail
[5.748s] -- Up-to-date: /home/atsushi8-ss/ros2_ws/install/person_msgs/include/person_msgs/msg/detail/person__rosidl_typesupport_fastrtps_c.h
[5.749s] -- Up-to-date: /home/atsushi8-ss/ros2_ws/install/person_msgs/lib/libperson_msgs__rosidl_typesupport_fastrtps_c.so
[5.750s] -- Up-to-date: /home/atsushi8-ss/ros2_ws/install/person_msgs/include/person_msgs
[5.750s] -- Up-to-date: /home/atsushi8-ss/ros2_ws/install/person_msgs/include/person_msgs/srv
[5.750s] -- Up-to-date: /home/atsushi8-ss/ros2_ws/install/person_msgs/include/person_msgs/srv/detail
[5.750s] -- Up-to-date: /home/atsushi8-ss/ros2_ws/install/person_msgs/include/person_msgs/srv/detail/dds_fastrtps
[5.750s] -- Up-to-date: /home/atsushi8-ss/ros2_ws/install/person_msgs/include/person_msgs/srv/detail/query__rosidl_typesupport_fastrtps_cpp.hpp
[5.750s] -- Up-to-date: /home/atsushi8-ss/ros2_ws/install/person_msgs/include/person_msgs/msg
[5.750s] -- Up-to-date: /home/atsushi8-ss/ros2_ws/install/person_msgs/include/person_msgs/msg/rosidl_typesupport_fastrtps_cpp__visibility_control.h
[5.750s] -- Up-to-date: /home/atsushi8-ss/ros2_ws/install/person_msgs/include/person_msgs/msg/detail
[5.750s] -- Up-to-date: /home/atsushi8-ss/ros2_ws/install/person_msgs/include/person_msgs/msg/detail/dds_fastrtps
[5.750s] -- Up-to-date: /home/atsushi8-ss/ros2_ws/install/person_msgs/include/person_msgs/msg/detail/person__rosidl_typesupport_fastrtps_cpp.hpp
[5.751s] -- Up-to-date: /home/atsushi8-ss/ros2_ws/install/person_msgs/lib/libperson_msgs__rosidl_typesupport_fastrtps_cpp.so
[5.752s] -- Up-to-date: /home/atsushi8-ss/ros2_ws/install/person_msgs/include/person_msgs
[5.752s] -- Up-to-date: /home/atsushi8-ss/ros2_ws/install/person_msgs/include/person_msgs/srv
[5.752s] -- Up-to-date: /home/atsushi8-ss/ros2_ws/install/person_msgs/include/person_msgs/srv/detail
[5.752s] -- Up-to-date: /home/atsushi8-ss/ros2_ws/install/person_msgs/include/person_msgs/srv/detail/query__type_support.c
[5.752s] -- Up-to-date: /home/atsushi8-ss/ros2_ws/install/person_msgs/include/person_msgs/srv/detail/query__rosidl_typesupport_introspection_c.h
[5.752s] -- Up-to-date: /home/atsushi8-ss/ros2_ws/install/person_msgs/include/person_msgs/msg
[5.752s] -- Up-to-date: /home/atsushi8-ss/ros2_ws/install/person_msgs/include/person_msgs/msg/rosidl_typesupport_introspection_c__visibility_control.h
[5.752s] -- Up-to-date: /home/atsushi8-ss/ros2_ws/install/person_msgs/include/person_msgs/msg/detail
[5.752s] -- Up-to-date: /home/atsushi8-ss/ros2_ws/install/person_msgs/include/person_msgs/msg/detail/person__type_support.c
[5.752s] -- Up-to-date: /home/atsushi8-ss/ros2_ws/install/person_msgs/include/person_msgs/msg/detail/person__rosidl_typesupport_introspection_c.h
[5.754s] -- Up-to-date: /home/atsushi8-ss/ros2_ws/install/person_msgs/lib/libperson_msgs__rosidl_typesupport_introspection_c.so
[5.757s] -- Up-to-date: /home/atsushi8-ss/ros2_ws/install/person_msgs/lib/libperson_msgs__rosidl_typesupport_c.so
[5.758s] -- Up-to-date: /home/atsushi8-ss/ros2_ws/install/person_msgs/include/person_msgs
[5.758s] -- Up-to-date: /home/atsushi8-ss/ros2_ws/install/person_msgs/include/person_msgs/srv
[5.758s] -- Up-to-date: /home/atsushi8-ss/ros2_ws/install/person_msgs/include/person_msgs/srv/query.hpp
[5.758s] -- Up-to-date: /home/atsushi8-ss/ros2_ws/install/person_msgs/include/person_msgs/srv/detail
[5.758s] -- Up-to-date: /home/atsushi8-ss/ros2_ws/install/person_msgs/include/person_msgs/srv/detail/query__builder.hpp
[5.758s] -- Up-to-date: /home/atsushi8-ss/ros2_ws/install/person_msgs/include/person_msgs/srv/detail/query__struct.hpp
[5.759s] -- Up-to-date: /home/atsushi8-ss/ros2_ws/install/person_msgs/include/person_msgs/srv/detail/query__traits.hpp
[5.759s] -- Up-to-date: /home/atsushi8-ss/ros2_ws/install/person_msgs/include/person_msgs/srv/detail/query__type_support.hpp
[5.759s] -- Up-to-date: /home/atsushi8-ss/ros2_ws/install/person_msgs/include/person_msgs/msg
[5.759s] -- Up-to-date: /home/atsushi8-ss/ros2_ws/install/person_msgs/include/person_msgs/msg/person.hpp
[5.759s] -- Up-to-date: /home/atsushi8-ss/ros2_ws/install/person_msgs/include/person_msgs/msg/rosidl_generator_cpp__visibility_control.hpp
[5.759s] -- Up-to-date: /home/atsushi8-ss/ros2_ws/install/person_msgs/include/person_msgs/msg/detail
[5.759s] -- Up-to-date: /home/atsushi8-ss/ros2_ws/install/person_msgs/include/person_msgs/msg/detail/person__builder.hpp
[5.759s] -- Up-to-date: /home/atsushi8-ss/ros2_ws/install/person_msgs/include/person_msgs/msg/detail/person__type_support.hpp
[5.759s] -- Up-to-date: /home/atsushi8-ss/ros2_ws/install/person_msgs/include/person_msgs/msg/detail/person__traits.hpp
[5.759s] -- Up-to-date: /home/atsushi8-ss/ros2_ws/install/person_msgs/include/person_msgs/msg/detail/person__struct.hpp
[5.759s] -- Up-to-date: /home/atsushi8-ss/ros2_ws/install/person_msgs/include/person_msgs
[5.759s] -- Up-to-date: /home/atsushi8-ss/ros2_ws/install/person_msgs/include/person_msgs/srv
[5.759s] -- Up-to-date: /home/atsushi8-ss/ros2_ws/install/person_msgs/include/person_msgs/srv/detail
[5.759s] -- Up-to-date: /home/atsushi8-ss/ros2_ws/install/person_msgs/include/person_msgs/srv/detail/query__type_support.cpp
[5.759s] -- Up-to-date: /home/atsushi8-ss/ros2_ws/install/person_msgs/include/person_msgs/srv/detail/query__rosidl_typesupport_introspection_cpp.hpp
[5.759s] -- Up-to-date: /home/atsushi8-ss/ros2_ws/install/person_msgs/include/person_msgs/msg
[5.759s] -- Up-to-date: /home/atsushi8-ss/ros2_ws/install/person_msgs/include/person_msgs/msg/detail
[5.759s] -- Up-to-date: /home/atsushi8-ss/ros2_ws/install/person_msgs/include/person_msgs/msg/detail/person__rosidl_typesupport_introspection_cpp.hpp
[5.760s] -- Up-to-date: /home/atsushi8-ss/ros2_ws/install/person_msgs/include/person_msgs/msg/detail/person__type_support.cpp
[5.760s] -- Up-to-date: /home/atsushi8-ss/ros2_ws/install/person_msgs/lib/libperson_msgs__rosidl_typesupport_introspection_cpp.so
[5.761s] -- Up-to-date: /home/atsushi8-ss/ros2_ws/install/person_msgs/lib/libperson_msgs__rosidl_typesupport_cpp.so
[5.762s] -- Up-to-date: /home/atsushi8-ss/ros2_ws/install/person_msgs/share/person_msgs/environment/pythonpath.sh
[5.762s] -- Up-to-date: /home/atsushi8-ss/ros2_ws/install/person_msgs/share/person_msgs/environment/pythonpath.dsv
[5.762s] -- Up-to-date: /home/atsushi8-ss/ros2_ws/install/person_msgs/lib/python3.8/site-packages/person_msgs/__init__.py
[5.790s] -- Up-to-date: /home/atsushi8-ss/ros2_ws/install/person_msgs/lib/python3.8/site-packages/person_msgs/msg
[5.791s] -- Up-to-date: /home/atsushi8-ss/ros2_ws/install/person_msgs/lib/python3.8/site-packages/person_msgs/msg/_person.py
[5.791s] -- Up-to-date: /home/atsushi8-ss/ros2_ws/install/person_msgs/lib/python3.8/site-packages/person_msgs/msg/_person_s.c
[5.791s] -- Up-to-date: /home/atsushi8-ss/ros2_ws/install/person_msgs/lib/python3.8/site-packages/person_msgs/msg/__init__.py
[5.792s] -- Up-to-date: /home/atsushi8-ss/ros2_ws/install/person_msgs/lib/python3.8/site-packages/person_msgs/srv
[5.792s] -- Up-to-date: /home/atsushi8-ss/ros2_ws/install/person_msgs/lib/python3.8/site-packages/person_msgs/srv/_query_s.c
[5.792s] -- Up-to-date: /home/atsushi8-ss/ros2_ws/install/person_msgs/lib/python3.8/site-packages/person_msgs/srv/_query.py
[5.792s] -- Up-to-date: /home/atsushi8-ss/ros2_ws/install/person_msgs/lib/python3.8/site-packages/person_msgs/srv/__init__.py
[5.792s] -- Up-to-date: /home/atsushi8-ss/ros2_ws/install/person_msgs/lib/python3.8/site-packages/person_msgs/person_msgs_s__rosidl_typesupport_fastrtps_c.cpython-38-x86_64-linux-gnu.so
[5.794s] -- Up-to-date: /home/atsushi8-ss/ros2_ws/install/person_msgs/lib/python3.8/site-packages/person_msgs/person_msgs_s__rosidl_typesupport_introspection_c.cpython-38-x86_64-linux-gnu.so
[5.796s] -- Up-to-date: /home/atsushi8-ss/ros2_ws/install/person_msgs/lib/python3.8/site-packages/person_msgs/person_msgs_s__rosidl_typesupport_c.cpython-38-x86_64-linux-gnu.so
[5.797s] -- Up-to-date: /home/atsushi8-ss/ros2_ws/install/person_msgs/lib/libperson_msgs__python.so
[5.799s] -- Up-to-date: /home/atsushi8-ss/ros2_ws/install/person_msgs/share/person_msgs/msg/Person.idl
[5.799s] -- Up-to-date: /home/atsushi8-ss/ros2_ws/install/person_msgs/share/person_msgs/srv/Query.idl
[5.800s] -- Up-to-date: /home/atsushi8-ss/ros2_ws/install/person_msgs/share/person_msgs/msg/Person.msg
[5.800s] -- Up-to-date: /home/atsushi8-ss/ros2_ws/install/person_msgs/share/person_msgs/srv/Query.srv
[5.800s] -- Up-to-date: /home/atsushi8-ss/ros2_ws/install/person_msgs/share/person_msgs/srv/Query_Request.msg
[5.800s] -- Up-to-date: /home/atsushi8-ss/ros2_ws/install/person_msgs/share/person_msgs/srv/Query_Response.msg
[5.800s] -- Up-to-date: /home/atsushi8-ss/ros2_ws/install/person_msgs/share/ament_index/resource_index/package_run_dependencies/person_msgs
[5.801s] -- Up-to-date: /home/atsushi8-ss/ros2_ws/install/person_msgs/share/ament_index/resource_index/parent_prefix_path/person_msgs
[5.801s] -- Up-to-date: /home/atsushi8-ss/ros2_ws/install/person_msgs/share/person_msgs/environment/ament_prefix_path.sh
[5.801s] -- Up-to-date: /home/atsushi8-ss/ros2_ws/install/person_msgs/share/person_msgs/environment/ament_prefix_path.dsv
[5.801s] -- Up-to-date: /home/atsushi8-ss/ros2_ws/install/person_msgs/share/person_msgs/environment/path.sh
[5.801s] -- Up-to-date: /home/atsushi8-ss/ros2_ws/install/person_msgs/share/person_msgs/environment/path.dsv
[5.801s] -- Up-to-date: /home/atsushi8-ss/ros2_ws/install/person_msgs/share/person_msgs/local_setup.bash
[5.802s] -- Up-to-date: /home/atsushi8-ss/ros2_ws/install/person_msgs/share/person_msgs/local_setup.sh
[5.802s] -- Up-to-date: /home/atsushi8-ss/ros2_ws/install/person_msgs/share/person_msgs/local_setup.zsh
[5.802s] -- Up-to-date: /home/atsushi8-ss/ros2_ws/install/person_msgs/share/person_msgs/local_setup.dsv
[5.802s] -- Installing: /home/atsushi8-ss/ros2_ws/install/person_msgs/share/person_msgs/package.dsv
[5.802s] -- Up-to-date: /home/atsushi8-ss/ros2_ws/install/person_msgs/share/ament_index/resource_index/packages/person_msgs
[5.807s] -- Up-to-date: /home/atsushi8-ss/ros2_ws/install/person_msgs/share/person_msgs/cmake/person_msgs__rosidl_generator_cExport.cmake
[5.807s] -- Up-to-date: /home/atsushi8-ss/ros2_ws/install/person_msgs/share/person_msgs/cmake/person_msgs__rosidl_generator_cExport-noconfig.cmake
[5.808s] -- Up-to-date: /home/atsushi8-ss/ros2_ws/install/person_msgs/share/person_msgs/cmake/person_msgs__rosidl_typesupport_introspection_cExport.cmake
[5.808s] -- Up-to-date: /home/atsushi8-ss/ros2_ws/install/person_msgs/share/person_msgs/cmake/person_msgs__rosidl_typesupport_introspection_cExport-noconfig.cmake
[5.810s] -- Up-to-date: /home/atsushi8-ss/ros2_ws/install/person_msgs/share/person_msgs/cmake/person_msgs__rosidl_typesupport_cExport.cmake
[5.810s] -- Up-to-date: /home/atsushi8-ss/ros2_ws/install/person_msgs/share/person_msgs/cmake/person_msgs__rosidl_typesupport_cExport-noconfig.cmake
[5.811s] -- Up-to-date: /home/atsushi8-ss/ros2_ws/install/person_msgs/share/person_msgs/cmake/person_msgs__rosidl_generator_cppExport.cmake
[5.813s] -- Up-to-date: /home/atsushi8-ss/ros2_ws/install/person_msgs/share/person_msgs/cmake/person_msgs__rosidl_typesupport_introspection_cppExport.cmake
[5.814s] -- Up-to-date: /home/atsushi8-ss/ros2_ws/install/person_msgs/share/person_msgs/cmake/person_msgs__rosidl_typesupport_introspection_cppExport-noconfig.cmake
[5.815s] -- Up-to-date: /home/atsushi8-ss/ros2_ws/install/person_msgs/share/person_msgs/cmake/person_msgs__rosidl_typesupport_cppExport.cmake
[5.815s] -- Up-to-date: /home/atsushi8-ss/ros2_ws/install/person_msgs/share/person_msgs/cmake/person_msgs__rosidl_typesupport_cppExport-noconfig.cmake
[5.815s] -- Up-to-date: /home/atsushi8-ss/ros2_ws/install/person_msgs/share/person_msgs/cmake/rosidl_cmake-extras.cmake
[5.815s] -- Up-to-date: /home/atsushi8-ss/ros2_ws/install/person_msgs/share/person_msgs/cmake/ament_cmake_export_dependencies-extras.cmake
[5.815s] -- Up-to-date: /home/atsushi8-ss/ros2_ws/install/person_msgs/share/person_msgs/cmake/ament_cmake_export_libraries-extras.cmake
[5.816s] -- Up-to-date: /home/atsushi8-ss/ros2_ws/install/person_msgs/share/person_msgs/cmake/ament_cmake_export_targets-extras.cmake
[5.816s] -- Up-to-date: /home/atsushi8-ss/ros2_ws/install/person_msgs/share/person_msgs/cmake/ament_cmake_export_include_directories-extras.cmake
[5.816s] -- Up-to-date: /home/atsushi8-ss/ros2_ws/install/person_msgs/share/person_msgs/cmake/rosidl_cmake_export_typesupport_libraries-extras.cmake
[5.816s] -- Up-to-date: /home/atsushi8-ss/ros2_ws/install/person_msgs/share/person_msgs/cmake/rosidl_cmake_export_typesupport_targets-extras.cmake
[5.816s] -- Up-to-date: /home/atsushi8-ss/ros2_ws/install/person_msgs/share/person_msgs/cmake/person_msgsConfig.cmake
[5.816s] -- Up-to-date: /home/atsushi8-ss/ros2_ws/install/person_msgs/share/person_msgs/cmake/person_msgsConfig-version.cmake
[5.816s] -- Up-to-date: /home/atsushi8-ss/ros2_ws/install/person_msgs/share/person_msgs/package.xml
[5.820s] Invoked command in '/home/atsushi8-ss/ros2_ws/build/person_msgs' returned '0': CMAKE_PREFIX_PATH=${CMAKE_PREFIX_PATH}:/home/atsushi8-ss/ros2_ws/install/mypkg:/opt/ros/foxy /usr/bin/cmake --install /home/atsushi8-ss/ros2_ws/build/person_msgs
