[0.491s] Invoking command in '/home/atsushi8-ss/ros2_ws/src/mypkg': PYTHONPATH=/home/atsushi8-ss/ros2_ws/build/mypkg/prefix_override:/home/atsushi8-ss/ros2_ws/install/mypkg/lib/python3.8/site-packages:${PYTHONPATH} /usr/bin/python3 setup.py egg_info --egg-base ../../build/mypkg build --build-base /home/atsushi8-ss/ros2_ws/build/mypkg/build install --record /home/atsushi8-ss/ros2_ws/build/mypkg/install.log --install-scripts $base/lib/mypkg --single-version-externally-managed
[0.599s] running egg_info
[0.599s] writing ../../build/mypkg/mypkg.egg-info/PKG-INFO
[0.599s] writing dependency_links to ../../build/mypkg/mypkg.egg-info/dependency_links.txt
[0.600s] writing entry points to ../../build/mypkg/mypkg.egg-info/entry_points.txt
[0.600s] writing requirements to ../../build/mypkg/mypkg.egg-info/requires.txt
[0.600s] writing top-level names to ../../build/mypkg/mypkg.egg-info/top_level.txt
[0.620s] reading manifest file '../../build/mypkg/mypkg.egg-info/SOURCES.txt'
[0.621s] writing manifest file '../../build/mypkg/mypkg.egg-info/SOURCES.txt'
[0.621s] running build
[0.621s] running build_py
[0.621s] copying mypkg/listener.py -> /home/atsushi8-ss/ros2_ws/build/mypkg/build/lib/mypkg
[0.621s] running install
[0.621s] running install_lib
[0.622s] copying /home/atsushi8-ss/ros2_ws/build/mypkg/build/lib/mypkg/listener.py -> /home/atsushi8-ss/ros2_ws/install/mypkg/lib/python3.8/site-packages/mypkg
[0.623s] byte-compiling /home/atsushi8-ss/ros2_ws/install/mypkg/lib/python3.8/site-packages/mypkg/listener.py to listener.cpython-38.pyc
[0.623s] Sorry: IndentationError: unindent does not match any outer indentation level (listener.py, line 9)
[0.624s] running install_data
[0.624s] running install_egg_info
[0.625s] removing '/home/atsushi8-ss/ros2_ws/install/mypkg/lib/python3.8/site-packages/mypkg-0.0.0-py3.8.egg-info' (and everything under it)
[0.625s] Copying ../../build/mypkg/mypkg.egg-info to /home/atsushi8-ss/ros2_ws/install/mypkg/lib/python3.8/site-packages/mypkg-0.0.0-py3.8.egg-info
[0.625s] running install_scripts
[0.636s] Installing listener script to /home/atsushi8-ss/ros2_ws/install/mypkg/lib/mypkg
[0.636s] Installing talker script to /home/atsushi8-ss/ros2_ws/install/mypkg/lib/mypkg
[0.636s] writing list of installed files to '/home/atsushi8-ss/ros2_ws/build/mypkg/install.log'
[0.650s] Invoked command in '/home/atsushi8-ss/ros2_ws/src/mypkg' returned '0': PYTHONPATH=/home/atsushi8-ss/ros2_ws/build/mypkg/prefix_override:/home/atsushi8-ss/ros2_ws/install/mypkg/lib/python3.8/site-packages:${PYTHONPATH} /usr/bin/python3 setup.py egg_info --egg-base ../../build/mypkg build --build-base /home/atsushi8-ss/ros2_ws/build/mypkg/build install --record /home/atsushi8-ss/ros2_ws/build/mypkg/install.log --install-scripts $base/lib/mypkg --single-version-externally-managed
