[0.756s] Invoking command in '/home/atsushi8-ss/ros2_ws/src/mypkg': PYTHONPATH=/home/atsushi8-ss/ros2_ws/build/mypkg/prefix_override:/home/atsushi8-ss/ros2_ws/install/mypkg/lib/python3.8/site-packages:${PYTHONPATH} /usr/bin/python3 setup.py egg_info --egg-base ../../build/mypkg build --build-base /home/atsushi8-ss/ros2_ws/build/mypkg/build install --record /home/atsushi8-ss/ros2_ws/build/mypkg/install.log --install-scripts $base/lib/mypkg --single-version-externally-managed
[0.933s] running egg_info
[0.934s] writing ../../build/mypkg/mypkg.egg-info/PKG-INFO
[0.935s] writing dependency_links to ../../build/mypkg/mypkg.egg-info/dependency_links.txt
[0.935s] writing entry points to ../../build/mypkg/mypkg.egg-info/entry_points.txt
[0.935s] writing requirements to ../../build/mypkg/mypkg.egg-info/requires.txt
[0.935s] writing top-level names to ../../build/mypkg/mypkg.egg-info/top_level.txt
[0.969s] reading manifest file '../../build/mypkg/mypkg.egg-info/SOURCES.txt'
[0.971s] writing manifest file '../../build/mypkg/mypkg.egg-info/SOURCES.txt'
[0.971s] running build
[0.971s] running build_py
[0.972s] running install
[0.972s] running install_lib
[0.974s] running install_data
[0.975s] copying package.xml -> /home/atsushi8-ss/ros2_ws/install/mypkg/share/mypkg
[0.976s] running install_egg_info
[0.977s] removing '/home/atsushi8-ss/ros2_ws/install/mypkg/lib/python3.8/site-packages/mypkg-0.0.0-py3.8.egg-info' (and everything under it)
[0.977s] Copying ../../build/mypkg/mypkg.egg-info to /home/atsushi8-ss/ros2_ws/install/mypkg/lib/python3.8/site-packages/mypkg-0.0.0-py3.8.egg-info
[0.978s] running install_scripts
[0.998s] Installing talker script to /home/atsushi8-ss/ros2_ws/install/mypkg/lib/mypkg
[0.999s] writing list of installed files to '/home/atsushi8-ss/ros2_ws/build/mypkg/install.log'
[1.021s] Invoked command in '/home/atsushi8-ss/ros2_ws/src/mypkg' returned '0': PYTHONPATH=/home/atsushi8-ss/ros2_ws/build/mypkg/prefix_override:/home/atsushi8-ss/ros2_ws/install/mypkg/lib/python3.8/site-packages:${PYTHONPATH} /usr/bin/python3 setup.py egg_info --egg-base ../../build/mypkg build --build-base /home/atsushi8-ss/ros2_ws/build/mypkg/build install --record /home/atsushi8-ss/ros2_ws/build/mypkg/install.log --install-scripts $base/lib/mypkg --single-version-externally-managed
