[0.354s] Invoking command in '/home/atsushi8-ss/ros2_ws/build/person_msgs': CMAKE_PREFIX_PATH=${CMAKE_PREFIX_PATH}:/home/atsushi8-ss/ros2_ws/install/mypkg:/opt/ros/foxy /usr/bin/cmake --build /home/atsushi8-ss/ros2_ws/build/person_msgs -- -j16 -l16
[0.396s] [  2%] Built target person_msgs__cpp
[0.397s] [ 12%] Built target person_msgs__rosidl_generator_c
[0.417s] [ 23%] Built target person_msgs__rosidl_typesupport_cpp
[0.418s] [ 33%] Built target person_msgs__rosidl_typesupport_introspection_cpp
[0.423s] [ 43%] Built target person_msgs__rosidl_typesupport_fastrtps_cpp
[0.439s] [ 53%] Built target person_msgs__rosidl_typesupport_c
[0.443s] [ 64%] Built target person_msgs__rosidl_typesupport_introspection_c
[0.448s] [ 74%] Built target person_msgs__rosidl_typesupport_fastrtps_c
[0.462s] [ 74%] Built target person_msgs
[0.479s] [ 76%] Built target person_msgs__py
[0.502s] [ 84%] Built target person_msgs__python
[0.527s] [ 89%] Built target person_msgs__rosidl_typesupport_introspection_c__pyext
[0.531s] [100%] Built target person_msgs__rosidl_typesupport_fastrtps_c__pyext
[0.531s] [100%] Built target person_msgs__rosidl_typesupport_c__pyext
[0.540s] Invoked command in '/home/atsushi8-ss/ros2_ws/build/person_msgs' returned '0': CMAKE_PREFIX_PATH=${CMAKE_PREFIX_PATH}:/home/atsushi8-ss/ros2_ws/install/mypkg:/opt/ros/foxy /usr/bin/cmake --build /home/atsushi8-ss/ros2_ws/build/person_msgs -- -j16 -l16
[0.616s] Invoking command in '/home/atsushi8-ss/ros2_ws/build/person_msgs': CMAKE_PREFIX_PATH=${CMAKE_PREFIX_PATH}:/home/atsushi8-ss/ros2_ws/install/mypkg:/opt/ros/foxy /usr/bin/cmake --install /home/atsushi8-ss/ros2_ws/build/person_msgs
[0.622s] -- Install configuration: ""
[0.623s] -- Up-to-date: /home/atsushi8-ss/ros2_ws/install/person_msgs/share/ament_index/resource_index/rosidl_interfaces/person_msgs
[0.623s] -- Up-to-date: /home/atsushi8-ss/ros2_ws/install/person_msgs/include/person_msgs
[0.623s] -- Up-to-date: /home/atsushi8-ss/ros2_ws/install/person_msgs/include/person_msgs/srv
[0.623s] -- Up-to-date: /home/atsushi8-ss/ros2_ws/install/person_msgs/include/person_msgs/srv/query.h
[0.624s] -- Up-to-date: /home/atsushi8-ss/ros2_ws/install/person_msgs/include/person_msgs/srv/detail
[0.624s] -- Up-to-date: /home/atsushi8-ss/ros2_ws/install/person_msgs/include/person_msgs/srv/detail/query__functions.c
[0.624s] -- Up-to-date: /home/atsushi8-ss/ros2_ws/install/person_msgs/include/person_msgs/srv/detail/query__type_support.h
[0.624s] -- Up-to-date: /home/atsushi8-ss/ros2_ws/install/person_msgs/include/person_msgs/srv/detail/query__functions.h
[0.624s] -- Up-to-date: /home/atsushi8-ss/ros2_ws/install/person_msgs/include/person_msgs/srv/detail/query__struct.h
[0.624s] -- Up-to-date: /home/atsushi8-ss/ros2_ws/install/person_msgs/include/person_msgs/msg
[0.624s] -- Up-to-date: /home/atsushi8-ss/ros2_ws/install/person_msgs/include/person_msgs/msg/person.h
[0.624s] -- Up-to-date: /home/atsushi8-ss/ros2_ws/install/person_msgs/include/person_msgs/msg/rosidl_generator_c__visibility_control.h
[0.625s] -- Up-to-date: /home/atsushi8-ss/ros2_ws/install/person_msgs/include/person_msgs/msg/detail
[0.625s] -- Up-to-date: /home/atsushi8-ss/ros2_ws/install/person_msgs/include/person_msgs/msg/detail/person__functions.c
[0.625s] -- Up-to-date: /home/atsushi8-ss/ros2_ws/install/person_msgs/include/person_msgs/msg/detail/person__type_support.h
[0.625s] -- Up-to-date: /home/atsushi8-ss/ros2_ws/install/person_msgs/include/person_msgs/msg/detail/person__functions.h
[0.625s] -- Up-to-date: /home/atsushi8-ss/ros2_ws/install/person_msgs/include/person_msgs/msg/detail/person__struct.h
[0.625s] -- Up-to-date: /home/atsushi8-ss/ros2_ws/install/person_msgs/share/person_msgs/environment/library_path.sh
[0.626s] -- Up-to-date: /home/atsushi8-ss/ros2_ws/install/person_msgs/share/person_msgs/environment/library_path.dsv
[0.626s] -- Up-to-date: /home/atsushi8-ss/ros2_ws/install/person_msgs/lib/libperson_msgs__rosidl_generator_c.so
[0.626s] -- Up-to-date: /home/atsushi8-ss/ros2_ws/install/person_msgs/include/person_msgs
[0.626s] -- Up-to-date: /home/atsushi8-ss/ros2_ws/install/person_msgs/include/person_msgs/srv
[0.627s] -- Up-to-date: /home/atsushi8-ss/ros2_ws/install/person_msgs/include/person_msgs/srv/detail
[0.627s] -- Up-to-date: /home/atsushi8-ss/ros2_ws/install/person_msgs/include/person_msgs/srv/detail/query__rosidl_typesupport_fastrtps_c.h
[0.627s] -- Up-to-date: /home/atsushi8-ss/ros2_ws/install/person_msgs/include/person_msgs/msg
[0.627s] -- Up-to-date: /home/atsushi8-ss/ros2_ws/install/person_msgs/include/person_msgs/msg/rosidl_typesupport_fastrtps_c__visibility_control.h
[0.627s] -- Up-to-date: /home/atsushi8-ss/ros2_ws/install/person_msgs/include/person_msgs/msg/detail
[0.627s] -- Up-to-date: /home/atsushi8-ss/ros2_ws/install/person_msgs/include/person_msgs/msg/detail/person__rosidl_typesupport_fastrtps_c.h
[0.627s] -- Up-to-date: /home/atsushi8-ss/ros2_ws/install/person_msgs/lib/libperson_msgs__rosidl_typesupport_fastrtps_c.so
[0.628s] -- Up-to-date: /home/atsushi8-ss/ros2_ws/install/person_msgs/include/person_msgs
[0.628s] -- Up-to-date: /home/atsushi8-ss/ros2_ws/install/person_msgs/include/person_msgs/srv
[0.628s] -- Up-to-date: /home/atsushi8-ss/ros2_ws/install/person_msgs/include/person_msgs/srv/detail
[0.628s] -- Up-to-date: /home/atsushi8-ss/ros2_ws/install/person_msgs/include/person_msgs/srv/detail/dds_fastrtps
[0.628s] -- Up-to-date: /home/atsushi8-ss/ros2_ws/install/person_msgs/include/person_msgs/srv/detail/query__rosidl_typesupport_fastrtps_cpp.hpp
[0.628s] -- Up-to-date: /home/atsushi8-ss/ros2_ws/install/person_msgs/include/person_msgs/msg
[0.628s] -- Up-to-date: /home/atsushi8-ss/ros2_ws/install/person_msgs/include/person_msgs/msg/rosidl_typesupport_fastrtps_cpp__visibility_control.h
[0.629s] -- Up-to-date: /home/atsushi8-ss/ros2_ws/install/person_msgs/include/person_msgs/msg/detail
[0.629s] -- Up-to-date: /home/atsushi8-ss/ros2_ws/install/person_msgs/include/person_msgs/msg/detail/dds_fastrtps
[0.629s] -- Up-to-date: /home/atsushi8-ss/ros2_ws/install/person_msgs/include/person_msgs/msg/detail/person__rosidl_typesupport_fastrtps_cpp.hpp
[0.629s] -- Up-to-date: /home/atsushi8-ss/ros2_ws/install/person_msgs/lib/libperson_msgs__rosidl_typesupport_fastrtps_cpp.so
[0.629s] -- Up-to-date: /home/atsushi8-ss/ros2_ws/install/person_msgs/include/person_msgs
[0.629s] -- Up-to-date: /home/atsushi8-ss/ros2_ws/install/person_msgs/include/person_msgs/srv
[0.629s] -- Up-to-date: /home/atsushi8-ss/ros2_ws/install/person_msgs/include/person_msgs/srv/detail
[0.629s] -- Up-to-date: /home/atsushi8-ss/ros2_ws/install/person_msgs/include/person_msgs/srv/detail/query__type_support.c
[0.629s] -- Up-to-date: /home/atsushi8-ss/ros2_ws/install/person_msgs/include/person_msgs/srv/detail/query__rosidl_typesupport_introspection_c.h
[0.629s] -- Up-to-date: /home/atsushi8-ss/ros2_ws/install/person_msgs/include/person_msgs/msg
[0.629s] -- Up-to-date: /home/atsushi8-ss/ros2_ws/install/person_msgs/include/person_msgs/msg/rosidl_typesupport_introspection_c__visibility_control.h
[0.630s] -- Up-to-date: /home/atsushi8-ss/ros2_ws/install/person_msgs/include/person_msgs/msg/detail
[0.630s] -- Up-to-date: /home/atsushi8-ss/ros2_ws/install/person_msgs/include/person_msgs/msg/detail/person__type_support.c
[0.630s] -- Up-to-date: /home/atsushi8-ss/ros2_ws/install/person_msgs/include/person_msgs/msg/detail/person__rosidl_typesupport_introspection_c.h
[0.630s] -- Up-to-date: /home/atsushi8-ss/ros2_ws/install/person_msgs/lib/libperson_msgs__rosidl_typesupport_introspection_c.so
[0.630s] -- Up-to-date: /home/atsushi8-ss/ros2_ws/install/person_msgs/lib/libperson_msgs__rosidl_typesupport_c.so
[0.630s] -- Up-to-date: /home/atsushi8-ss/ros2_ws/install/person_msgs/include/person_msgs
[0.630s] -- Up-to-date: /home/atsushi8-ss/ros2_ws/install/person_msgs/include/person_msgs/srv
[0.630s] -- Up-to-date: /home/atsushi8-ss/ros2_ws/install/person_msgs/include/person_msgs/srv/query.hpp
[0.630s] -- Up-to-date: /home/atsushi8-ss/ros2_ws/install/person_msgs/include/person_msgs/srv/detail
[0.630s] -- Up-to-date: /home/atsushi8-ss/ros2_ws/install/person_msgs/include/person_msgs/srv/detail/query__builder.hpp
[0.630s] -- Up-to-date: /home/atsushi8-ss/ros2_ws/install/person_msgs/include/person_msgs/srv/detail/query__struct.hpp
[0.630s] -- Up-to-date: /home/atsushi8-ss/ros2_ws/install/person_msgs/include/person_msgs/srv/detail/query__traits.hpp
[0.630s] -- Up-to-date: /home/atsushi8-ss/ros2_ws/install/person_msgs/include/person_msgs/srv/detail/query__type_support.hpp
[0.630s] -- Up-to-date: /home/atsushi8-ss/ros2_ws/install/person_msgs/include/person_msgs/msg
[0.630s] -- Up-to-date: /home/atsushi8-ss/ros2_ws/install/person_msgs/include/person_msgs/msg/person.hpp
[0.630s] -- Up-to-date: /home/atsushi8-ss/ros2_ws/install/person_msgs/include/person_msgs/msg/rosidl_generator_cpp__visibility_control.hpp
[0.630s] -- Up-to-date: /home/atsushi8-ss/ros2_ws/install/person_msgs/include/person_msgs/msg/detail
[0.630s] -- Up-to-date: /home/atsushi8-ss/ros2_ws/install/person_msgs/include/person_msgs/msg/detail/person__builder.hpp
[0.630s] -- Up-to-date: /home/atsushi8-ss/ros2_ws/install/person_msgs/include/person_msgs/msg/detail/person__type_support.hpp
[0.630s] -- Up-to-date: /home/atsushi8-ss/ros2_ws/install/person_msgs/include/person_msgs/msg/detail/person__traits.hpp
[0.630s] -- Up-to-date: /home/atsushi8-ss/ros2_ws/install/person_msgs/include/person_msgs/msg/detail/person__struct.hpp
[0.630s] -- Up-to-date: /home/atsushi8-ss/ros2_ws/install/person_msgs/include/person_msgs
[0.630s] -- Up-to-date: /home/atsushi8-ss/ros2_ws/install/person_msgs/include/person_msgs/srv
[0.631s] -- Up-to-date: /home/atsushi8-ss/ros2_ws/install/person_msgs/include/person_msgs/srv/detail
[0.631s] -- Up-to-date: /home/atsushi8-ss/ros2_ws/install/person_msgs/include/person_msgs/srv/detail/query__type_support.cpp
[0.631s] -- Up-to-date: /home/atsushi8-ss/ros2_ws/install/person_msgs/include/person_msgs/srv/detail/query__rosidl_typesupport_introspection_cpp.hpp
[0.631s] -- Up-to-date: /home/atsushi8-ss/ros2_ws/install/person_msgs/include/person_msgs/msg
[0.631s] -- Up-to-date: /home/atsushi8-ss/ros2_ws/install/person_msgs/include/person_msgs/msg/detail
[0.631s] -- Up-to-date: /home/atsushi8-ss/ros2_ws/install/person_msgs/include/person_msgs/msg/detail/person__rosidl_typesupport_introspection_cpp.hpp
[0.631s] -- Up-to-date: /home/atsushi8-ss/ros2_ws/install/person_msgs/include/person_msgs/msg/detail/person__type_support.cpp
[0.631s] -- Up-to-date: /home/atsushi8-ss/ros2_ws/install/person_msgs/lib/libperson_msgs__rosidl_typesupport_introspection_cpp.so
[0.631s] -- Up-to-date: /home/atsushi8-ss/ros2_ws/install/person_msgs/lib/libperson_msgs__rosidl_typesupport_cpp.so
[0.631s] -- Up-to-date: /home/atsushi8-ss/ros2_ws/install/person_msgs/share/person_msgs/environment/pythonpath.sh
[0.631s] -- Up-to-date: /home/atsushi8-ss/ros2_ws/install/person_msgs/share/person_msgs/environment/pythonpath.dsv
[0.631s] -- Up-to-date: /home/atsushi8-ss/ros2_ws/install/person_msgs/lib/python3.8/site-packages/person_msgs/__init__.py
[0.656s] -- Up-to-date: /home/atsushi8-ss/ros2_ws/install/person_msgs/lib/python3.8/site-packages/person_msgs/msg
[0.657s] -- Up-to-date: /home/atsushi8-ss/ros2_ws/install/person_msgs/lib/python3.8/site-packages/person_msgs/msg/_person.py
[0.657s] -- Up-to-date: /home/atsushi8-ss/ros2_ws/install/person_msgs/lib/python3.8/site-packages/person_msgs/msg/_person_s.c
[0.657s] -- Up-to-date: /home/atsushi8-ss/ros2_ws/install/person_msgs/lib/python3.8/site-packages/person_msgs/msg/__init__.py
[0.658s] -- Up-to-date: /home/atsushi8-ss/ros2_ws/install/person_msgs/lib/python3.8/site-packages/person_msgs/srv
[0.658s] -- Up-to-date: /home/atsushi8-ss/ros2_ws/install/person_msgs/lib/python3.8/site-packages/person_msgs/srv/_query_s.c
[0.658s] -- Up-to-date: /home/atsushi8-ss/ros2_ws/install/person_msgs/lib/python3.8/site-packages/person_msgs/srv/_query.py
[0.658s] -- Up-to-date: /home/atsushi8-ss/ros2_ws/install/person_msgs/lib/python3.8/site-packages/person_msgs/srv/__init__.py
[0.658s] -- Up-to-date: /home/atsushi8-ss/ros2_ws/install/person_msgs/lib/python3.8/site-packages/person_msgs/person_msgs_s__rosidl_typesupport_fastrtps_c.cpython-38-x86_64-linux-gnu.so
[0.658s] -- Up-to-date: /home/atsushi8-ss/ros2_ws/install/person_msgs/lib/python3.8/site-packages/person_msgs/person_msgs_s__rosidl_typesupport_introspection_c.cpython-38-x86_64-linux-gnu.so
[0.659s] -- Up-to-date: /home/atsushi8-ss/ros2_ws/install/person_msgs/lib/python3.8/site-packages/person_msgs/person_msgs_s__rosidl_typesupport_c.cpython-38-x86_64-linux-gnu.so
[0.659s] -- Up-to-date: /home/atsushi8-ss/ros2_ws/install/person_msgs/lib/libperson_msgs__python.so
[0.659s] -- Up-to-date: /home/atsushi8-ss/ros2_ws/install/person_msgs/share/person_msgs/msg/Person.idl
[0.660s] -- Up-to-date: /home/atsushi8-ss/ros2_ws/install/person_msgs/share/person_msgs/srv/Query.idl
[0.660s] -- Up-to-date: /home/atsushi8-ss/ros2_ws/install/person_msgs/share/person_msgs/msg/Person.msg
[0.660s] -- Up-to-date: /home/atsushi8-ss/ros2_ws/install/person_msgs/share/person_msgs/srv/Query.srv
[0.660s] -- Up-to-date: /home/atsushi8-ss/ros2_ws/install/person_msgs/share/person_msgs/srv/Query_Request.msg
[0.660s] -- Up-to-date: /home/atsushi8-ss/ros2_ws/install/person_msgs/share/person_msgs/srv/Query_Response.msg
[0.661s] -- Up-to-date: /home/atsushi8-ss/ros2_ws/install/person_msgs/share/ament_index/resource_index/package_run_dependencies/person_msgs
[0.661s] -- Up-to-date: /home/atsushi8-ss/ros2_ws/install/person_msgs/share/ament_index/resource_index/parent_prefix_path/person_msgs
[0.661s] -- Up-to-date: /home/atsushi8-ss/ros2_ws/install/person_msgs/share/person_msgs/environment/ament_prefix_path.sh
[0.661s] -- Up-to-date: /home/atsushi8-ss/ros2_ws/install/person_msgs/share/person_msgs/environment/ament_prefix_path.dsv
[0.661s] -- Up-to-date: /home/atsushi8-ss/ros2_ws/install/person_msgs/share/person_msgs/environment/path.sh
[0.662s] -- Up-to-date: /home/atsushi8-ss/ros2_ws/install/person_msgs/share/person_msgs/environment/path.dsv
[0.662s] -- Up-to-date: /home/atsushi8-ss/ros2_ws/install/person_msgs/share/person_msgs/local_setup.bash
[0.662s] -- Up-to-date: /home/atsushi8-ss/ros2_ws/install/person_msgs/share/person_msgs/local_setup.sh
[0.662s] -- Up-to-date: /home/atsushi8-ss/ros2_ws/install/person_msgs/share/person_msgs/local_setup.zsh
[0.662s] -- Up-to-date: /home/atsushi8-ss/ros2_ws/install/person_msgs/share/person_msgs/local_setup.dsv
[0.663s] -- Installing: /home/atsushi8-ss/ros2_ws/install/person_msgs/share/person_msgs/package.dsv
[0.663s] -- Up-to-date: /home/atsushi8-ss/ros2_ws/install/person_msgs/share/ament_index/resource_index/packages/person_msgs
[0.663s] -- Up-to-date: /home/atsushi8-ss/ros2_ws/install/person_msgs/share/person_msgs/cmake/person_msgs__rosidl_generator_cExport.cmake
[0.663s] -- Up-to-date: /home/atsushi8-ss/ros2_ws/install/person_msgs/share/person_msgs/cmake/person_msgs__rosidl_generator_cExport-noconfig.cmake
[0.663s] -- Up-to-date: /home/atsushi8-ss/ros2_ws/install/person_msgs/share/person_msgs/cmake/person_msgs__rosidl_typesupport_introspection_cExport.cmake
[0.664s] -- Up-to-date: /home/atsushi8-ss/ros2_ws/install/person_msgs/share/person_msgs/cmake/person_msgs__rosidl_typesupport_introspection_cExport-noconfig.cmake
[0.664s] -- Up-to-date: /home/atsushi8-ss/ros2_ws/install/person_msgs/share/person_msgs/cmake/person_msgs__rosidl_typesupport_cExport.cmake
[0.664s] -- Up-to-date: /home/atsushi8-ss/ros2_ws/install/person_msgs/share/person_msgs/cmake/person_msgs__rosidl_typesupport_cExport-noconfig.cmake
[0.664s] -- Up-to-date: /home/atsushi8-ss/ros2_ws/install/person_msgs/share/person_msgs/cmake/person_msgs__rosidl_generator_cppExport.cmake
[0.664s] -- Up-to-date: /home/atsushi8-ss/ros2_ws/install/person_msgs/share/person_msgs/cmake/person_msgs__rosidl_typesupport_introspection_cppExport.cmake
[0.664s] -- Up-to-date: /home/atsushi8-ss/ros2_ws/install/person_msgs/share/person_msgs/cmake/person_msgs__rosidl_typesupport_introspection_cppExport-noconfig.cmake
[0.664s] -- Up-to-date: /home/atsushi8-ss/ros2_ws/install/person_msgs/share/person_msgs/cmake/person_msgs__rosidl_typesupport_cppExport.cmake
[0.664s] -- Up-to-date: /home/atsushi8-ss/ros2_ws/install/person_msgs/share/person_msgs/cmake/person_msgs__rosidl_typesupport_cppExport-noconfig.cmake
[0.664s] -- Up-to-date: /home/atsushi8-ss/ros2_ws/install/person_msgs/share/person_msgs/cmake/rosidl_cmake-extras.cmake
[0.664s] -- Up-to-date: /home/atsushi8-ss/ros2_ws/install/person_msgs/share/person_msgs/cmake/ament_cmake_export_dependencies-extras.cmake
[0.664s] -- Up-to-date: /home/atsushi8-ss/ros2_ws/install/person_msgs/share/person_msgs/cmake/ament_cmake_export_libraries-extras.cmake
[0.664s] -- Up-to-date: /home/atsushi8-ss/ros2_ws/install/person_msgs/share/person_msgs/cmake/ament_cmake_export_targets-extras.cmake
[0.664s] -- Up-to-date: /home/atsushi8-ss/ros2_ws/install/person_msgs/share/person_msgs/cmake/ament_cmake_export_include_directories-extras.cmake
[0.664s] -- Up-to-date: /home/atsushi8-ss/ros2_ws/install/person_msgs/share/person_msgs/cmake/rosidl_cmake_export_typesupport_libraries-extras.cmake
[0.665s] -- Up-to-date: /home/atsushi8-ss/ros2_ws/install/person_msgs/share/person_msgs/cmake/rosidl_cmake_export_typesupport_targets-extras.cmake
[0.665s] -- Up-to-date: /home/atsushi8-ss/ros2_ws/install/person_msgs/share/person_msgs/cmake/person_msgsConfig.cmake
[0.665s] -- Up-to-date: /home/atsushi8-ss/ros2_ws/install/person_msgs/share/person_msgs/cmake/person_msgsConfig-version.cmake
[0.665s] -- Up-to-date: /home/atsushi8-ss/ros2_ws/install/person_msgs/share/person_msgs/package.xml
[0.667s] Invoked command in '/home/atsushi8-ss/ros2_ws/build/person_msgs' returned '0': CMAKE_PREFIX_PATH=${CMAKE_PREFIX_PATH}:/home/atsushi8-ss/ros2_ws/install/mypkg:/opt/ros/foxy /usr/bin/cmake --install /home/atsushi8-ss/ros2_ws/build/person_msgs
