[0.499s] Invoking command in '/home/atsushi8-ss/ros2_ws/src/mypkg': PYTHONPATH=/home/atsushi8-ss/ros2_ws/build/mypkg/prefix_override:/home/atsushi8-ss/ros2_ws/install/mypkg/lib/python3.8/site-packages:${PYTHONPATH} /usr/bin/python3 setup.py egg_info --egg-base ../../build/mypkg build --build-base /home/atsushi8-ss/ros2_ws/build/mypkg/build install --record /home/atsushi8-ss/ros2_ws/build/mypkg/install.log --install-scripts $base/lib/mypkg --single-version-externally-managed
[0.611s] running egg_info
[0.611s] writing ../../build/mypkg/mypkg.egg-info/PKG-INFO
[0.611s] writing dependency_links to ../../build/mypkg/mypkg.egg-info/dependency_links.txt
[0.612s] writing entry points to ../../build/mypkg/mypkg.egg-info/entry_points.txt
[0.612s] writing requirements to ../../build/mypkg/mypkg.egg-info/requires.txt
[0.612s] writing top-level names to ../../build/mypkg/mypkg.egg-info/top_level.txt
[0.632s] reading manifest file '../../build/mypkg/mypkg.egg-info/SOURCES.txt'
[0.633s] writing manifest file '../../build/mypkg/mypkg.egg-info/SOURCES.txt'
[0.634s] running build
[0.634s] running build_py
[0.634s] copying mypkg/talker.py -> /home/atsushi8-ss/ros2_ws/build/mypkg/build/lib/mypkg
[0.634s] copying mypkg/listener.py -> /home/atsushi8-ss/ros2_ws/build/mypkg/build/lib/mypkg
[0.634s] running install
[0.634s] running install_lib
[0.635s] copying /home/atsushi8-ss/ros2_ws/build/mypkg/build/lib/mypkg/talker.py -> /home/atsushi8-ss/ros2_ws/install/mypkg/lib/python3.8/site-packages/mypkg
[0.635s] copying /home/atsushi8-ss/ros2_ws/build/mypkg/build/lib/mypkg/listener.py -> /home/atsushi8-ss/ros2_ws/install/mypkg/lib/python3.8/site-packages/mypkg
[0.635s] byte-compiling /home/atsushi8-ss/ros2_ws/install/mypkg/lib/python3.8/site-packages/mypkg/talker.py to talker.cpython-38.pyc
[0.636s] byte-compiling /home/atsushi8-ss/ros2_ws/install/mypkg/lib/python3.8/site-packages/mypkg/listener.py to listener.cpython-38.pyc
[0.636s] running install_data
[0.636s] Sorry: IndentationError: unindent does not match any outer indentation level (listener.py, line 9)
[0.636s] copying package.xml -> /home/atsushi8-ss/ros2_ws/install/mypkg/share/mypkg
[0.636s] running install_egg_info
[0.637s] removing '/home/atsushi8-ss/ros2_ws/install/mypkg/lib/python3.8/site-packages/mypkg-0.0.0-py3.8.egg-info' (and everything under it)
[0.637s] Copying ../../build/mypkg/mypkg.egg-info to /home/atsushi8-ss/ros2_ws/install/mypkg/lib/python3.8/site-packages/mypkg-0.0.0-py3.8.egg-info
[0.638s] running install_scripts
[0.648s] Installing listener script to /home/atsushi8-ss/ros2_ws/install/mypkg/lib/mypkg
[0.648s] Installing talker script to /home/atsushi8-ss/ros2_ws/install/mypkg/lib/mypkg
[0.648s] writing list of installed files to '/home/atsushi8-ss/ros2_ws/build/mypkg/install.log'
[0.660s] Invoked command in '/home/atsushi8-ss/ros2_ws/src/mypkg' returned '0': PYTHONPATH=/home/atsushi8-ss/ros2_ws/build/mypkg/prefix_override:/home/atsushi8-ss/ros2_ws/install/mypkg/lib/python3.8/site-packages:${PYTHONPATH} /usr/bin/python3 setup.py egg_info --egg-base ../../build/mypkg build --build-base /home/atsushi8-ss/ros2_ws/build/mypkg/build install --record /home/atsushi8-ss/ros2_ws/build/mypkg/install.log --install-scripts $base/lib/mypkg --single-version-externally-managed
