[0.509s] Invoking command in '/home/atsushi8-ss/ros2_ws/src/mypkg': PYTHONPATH=/home/atsushi8-ss/ros2_ws/build/mypkg/prefix_override:/home/atsushi8-ss/ros2_ws/install/mypkg/lib/python3.8/site-packages:${PYTHONPATH} /usr/bin/python3 setup.py egg_info --egg-base ../../build/mypkg build --build-base /home/atsushi8-ss/ros2_ws/build/mypkg/build install --record /home/atsushi8-ss/ros2_ws/build/mypkg/install.log --install-scripts $base/lib/mypkg --single-version-externally-managed
[0.618s] running egg_info
[0.618s] creating ../../build/mypkg/mypkg.egg-info
[0.618s] writing ../../build/mypkg/mypkg.egg-info/PKG-INFO
[0.618s] writing dependency_links to ../../build/mypkg/mypkg.egg-info/dependency_links.txt
[0.618s] writing entry points to ../../build/mypkg/mypkg.egg-info/entry_points.txt
[0.619s] writing requirements to ../../build/mypkg/mypkg.egg-info/requires.txt
[0.619s] writing top-level names to ../../build/mypkg/mypkg.egg-info/top_level.txt
[0.619s] writing manifest file '../../build/mypkg/mypkg.egg-info/SOURCES.txt'
[0.639s] reading manifest file '../../build/mypkg/mypkg.egg-info/SOURCES.txt'
[0.640s] writing manifest file '../../build/mypkg/mypkg.egg-info/SOURCES.txt'
[0.640s] running build
[0.640s] running build_py
[0.640s] creating /home/atsushi8-ss/ros2_ws/build/mypkg/build
[0.640s] creating /home/atsushi8-ss/ros2_ws/build/mypkg/build/lib
[0.640s] creating /home/atsushi8-ss/ros2_ws/build/mypkg/build/lib/mypkg
[0.640s] copying mypkg/__init__.py -> /home/atsushi8-ss/ros2_ws/build/mypkg/build/lib/mypkg
[0.640s] running install
[0.640s] running install_lib
[0.641s] creating /home/atsushi8-ss/ros2_ws/install/mypkg/lib/python3.8/site-packages/mypkg
[0.641s] copying /home/atsushi8-ss/ros2_ws/build/mypkg/build/lib/mypkg/__init__.py -> /home/atsushi8-ss/ros2_ws/install/mypkg/lib/python3.8/site-packages/mypkg
[0.641s] byte-compiling /home/atsushi8-ss/ros2_ws/install/mypkg/lib/python3.8/site-packages/mypkg/__init__.py to __init__.cpython-38.pyc
[0.642s] running install_data
[0.642s] creating /home/atsushi8-ss/ros2_ws/install/mypkg/share/ament_index
[0.643s] creating /home/atsushi8-ss/ros2_ws/install/mypkg/share/ament_index/resource_index
[0.643s] creating /home/atsushi8-ss/ros2_ws/install/mypkg/share/ament_index/resource_index/packages
[0.643s] copying resource/mypkg -> /home/atsushi8-ss/ros2_ws/install/mypkg/share/ament_index/resource_index/packages
[0.643s] copying package.xml -> /home/atsushi8-ss/ros2_ws/install/mypkg/share/mypkg
[0.643s] running install_egg_info
[0.644s] Copying ../../build/mypkg/mypkg.egg-info to /home/atsushi8-ss/ros2_ws/install/mypkg/lib/python3.8/site-packages/mypkg-0.0.0-py3.8.egg-info
[0.644s] running install_scripts
[0.655s] writing list of installed files to '/home/atsushi8-ss/ros2_ws/build/mypkg/install.log'
[0.666s] Invoked command in '/home/atsushi8-ss/ros2_ws/src/mypkg' returned '0': PYTHONPATH=/home/atsushi8-ss/ros2_ws/build/mypkg/prefix_override:/home/atsushi8-ss/ros2_ws/install/mypkg/lib/python3.8/site-packages:${PYTHONPATH} /usr/bin/python3 setup.py egg_info --egg-base ../../build/mypkg build --build-base /home/atsushi8-ss/ros2_ws/build/mypkg/build install --record /home/atsushi8-ss/ros2_ws/build/mypkg/install.log --install-scripts $base/lib/mypkg --single-version-externally-managed
