[0.325s] Invoking command in '/home/atsushi8-ss/ros2_ws/build/person_msgs': CMAKE_PREFIX_PATH=${CMAKE_PREFIX_PATH}:/home/atsushi8-ss/ros2_ws/install/mypkg:/opt/ros/foxy /usr/bin/cmake --build /home/atsushi8-ss/ros2_ws/build/person_msgs -- -j16 -l16
[0.352s] -- Found ament_cmake: 0.9.12 (/opt/ros/foxy/share/ament_cmake/cmake)
[0.370s] -- Found PythonInterp: /usr/bin/python3 (found suitable version "3.8.10", minimum required is "3") 
[0.370s] -- Using PYTHON_EXECUTABLE: /usr/bin/python3
[0.526s] -- Found rosidl_default_generators: 1.0.1 (/opt/ros/foxy/share/rosidl_default_generators/cmake)
[0.528s] -- Using all available rosidl_typesupport_c: rosidl_typesupport_fastrtps_c;rosidl_typesupport_introspection_c
[0.531s] -- Found rosidl_adapter: 1.3.1 (/opt/ros/foxy/share/rosidl_adapter/cmake)
[6.792s] -- Using all available rosidl_typesupport_cpp: rosidl_typesupport_fastrtps_cpp;rosidl_typesupport_introspection_cpp
[6.812s] CMake Error at /opt/ros/foxy/share/rosidl_cmake/cmake/rosidl_generate_interfaces.cmake:93 (message):
[6.812s]   rosidl_generate_interfaces() the passed file 'srv/Query.srv' doesn't exist
[6.812s]   relative to the CMAKE_CURRENT_SOURCE_DIR
[6.812s]   '/home/atsushi8-ss/ros2_ws/src/person_msgs'
[6.812s] Call Stack (most recent call first):
[6.812s]   CMakeLists.txt:25 (rosidl_generate_interfaces)
[6.812s] 
[6.812s] 
[6.813s] -- Configuring incomplete, errors occurred!
[6.813s] See also "/home/atsushi8-ss/ros2_ws/build/person_msgs/CMakeFiles/CMakeOutput.log".
[6.819s] make: *** [Makefile:748: cmake_check_build_system] Error 1
[6.821s] Invoked command in '/home/atsushi8-ss/ros2_ws/build/person_msgs' returned '2': CMAKE_PREFIX_PATH=${CMAKE_PREFIX_PATH}:/home/atsushi8-ss/ros2_ws/install/mypkg:/opt/ros/foxy /usr/bin/cmake --build /home/atsushi8-ss/ros2_ws/build/person_msgs -- -j16 -l16
