[0.989s] Invoking command in '/home/atsushi8-ss/ros2_ws/src/mypkg': PYTHONPATH=/home/atsushi8-ss/ros2_ws/build/mypkg/prefix_override:/home/atsushi8-ss/ros2_ws/install/mypkg/lib/python3.8/site-packages:${PYTHONPATH} /usr/bin/python3 setup.py egg_info --egg-base ../../build/mypkg build --build-base /home/atsushi8-ss/ros2_ws/build/mypkg/build install --record /home/atsushi8-ss/ros2_ws/build/mypkg/install.log --install-scripts $base/lib/mypkg --single-version-externally-managed
[1.171s] running egg_info
[1.171s] writing ../../build/mypkg/mypkg.egg-info/PKG-INFO
[1.172s] writing dependency_links to ../../build/mypkg/mypkg.egg-info/dependency_links.txt
[1.173s] writing entry points to ../../build/mypkg/mypkg.egg-info/entry_points.txt
[1.173s] writing requirements to ../../build/mypkg/mypkg.egg-info/requires.txt
[1.173s] writing top-level names to ../../build/mypkg/mypkg.egg-info/top_level.txt
[1.200s] reading manifest file '../../build/mypkg/mypkg.egg-info/SOURCES.txt'
[1.204s] writing manifest file '../../build/mypkg/mypkg.egg-info/SOURCES.txt'
[1.204s] running build
[1.204s] running build_py
[1.208s] running install
[1.209s] running install_lib
[1.211s] running install_data
[1.211s] copying package.xml -> /home/atsushi8-ss/ros2_ws/install/mypkg/share/mypkg
[1.211s] running install_egg_info
[1.212s] removing '/home/atsushi8-ss/ros2_ws/install/mypkg/lib/python3.8/site-packages/mypkg-0.0.0-py3.8.egg-info' (and everything under it)
[1.212s] Copying ../../build/mypkg/mypkg.egg-info to /home/atsushi8-ss/ros2_ws/install/mypkg/lib/python3.8/site-packages/mypkg-0.0.0-py3.8.egg-info
[1.212s] running install_scripts
[1.222s] Installing listener script to /home/atsushi8-ss/ros2_ws/install/mypkg/lib/mypkg
[1.224s] Installing talker script to /home/atsushi8-ss/ros2_ws/install/mypkg/lib/mypkg
[1.224s] writing list of installed files to '/home/atsushi8-ss/ros2_ws/build/mypkg/install.log'
[1.237s] Invoked command in '/home/atsushi8-ss/ros2_ws/src/mypkg' returned '0': PYTHONPATH=/home/atsushi8-ss/ros2_ws/build/mypkg/prefix_override:/home/atsushi8-ss/ros2_ws/install/mypkg/lib/python3.8/site-packages:${PYTHONPATH} /usr/bin/python3 setup.py egg_info --egg-base ../../build/mypkg build --build-base /home/atsushi8-ss/ros2_ws/build/mypkg/build install --record /home/atsushi8-ss/ros2_ws/build/mypkg/install.log --install-scripts $base/lib/mypkg --single-version-externally-managed
