[0.963s] Invoking command in '/home/atsushi8-ss/ros2_ws/src/mypkg': PYTHONPATH=/home/atsushi8-ss/ros2_ws/src/mypkg/build/mypkg/prefix_override:/home/atsushi8-ss/ros2_ws/src/mypkg/install/mypkg/lib/python3.8/site-packages:${PYTHONPATH} /usr/bin/python3 setup.py egg_info --egg-base build/mypkg build --build-base /home/atsushi8-ss/ros2_ws/src/mypkg/build/mypkg/build install --record /home/atsushi8-ss/ros2_ws/src/mypkg/build/mypkg/install.log --install-scripts $base/lib/mypkg --single-version-externally-managed
[1.161s] running egg_info
[1.162s] creating build/mypkg/mypkg.egg-info
[1.162s] writing build/mypkg/mypkg.egg-info/PKG-INFO
[1.162s] writing dependency_links to build/mypkg/mypkg.egg-info/dependency_links.txt
[1.162s] writing entry points to build/mypkg/mypkg.egg-info/entry_points.txt
[1.162s] writing requirements to build/mypkg/mypkg.egg-info/requires.txt
[1.162s] writing top-level names to build/mypkg/mypkg.egg-info/top_level.txt
[1.163s] writing manifest file 'build/mypkg/mypkg.egg-info/SOURCES.txt'
[1.190s] reading manifest file 'build/mypkg/mypkg.egg-info/SOURCES.txt'
[1.191s] writing manifest file 'build/mypkg/mypkg.egg-info/SOURCES.txt'
[1.191s] running build
[1.191s] running build_py
[1.192s] creating /home/atsushi8-ss/ros2_ws/src/mypkg/build/mypkg/build
[1.192s] creating /home/atsushi8-ss/ros2_ws/src/mypkg/build/mypkg/build/lib
[1.192s] creating /home/atsushi8-ss/ros2_ws/src/mypkg/build/mypkg/build/lib/mypkg
[1.192s] copying mypkg/talker.py -> /home/atsushi8-ss/ros2_ws/src/mypkg/build/mypkg/build/lib/mypkg
[1.193s] copying mypkg/listener.py -> /home/atsushi8-ss/ros2_ws/src/mypkg/build/mypkg/build/lib/mypkg
[1.193s] copying mypkg/__init__.py -> /home/atsushi8-ss/ros2_ws/src/mypkg/build/mypkg/build/lib/mypkg
[1.193s] running install
[1.193s] running install_lib
[1.194s] creating /home/atsushi8-ss/ros2_ws/src/mypkg/install/mypkg/lib/python3.8/site-packages/mypkg
[1.194s] copying /home/atsushi8-ss/ros2_ws/src/mypkg/build/mypkg/build/lib/mypkg/talker.py -> /home/atsushi8-ss/ros2_ws/src/mypkg/install/mypkg/lib/python3.8/site-packages/mypkg
[1.194s] copying /home/atsushi8-ss/ros2_ws/src/mypkg/build/mypkg/build/lib/mypkg/listener.py -> /home/atsushi8-ss/ros2_ws/src/mypkg/install/mypkg/lib/python3.8/site-packages/mypkg
[1.194s] copying /home/atsushi8-ss/ros2_ws/src/mypkg/build/mypkg/build/lib/mypkg/__init__.py -> /home/atsushi8-ss/ros2_ws/src/mypkg/install/mypkg/lib/python3.8/site-packages/mypkg
[1.194s] byte-compiling /home/atsushi8-ss/ros2_ws/src/mypkg/install/mypkg/lib/python3.8/site-packages/mypkg/talker.py to talker.cpython-38.pyc
[1.196s] byte-compiling /home/atsushi8-ss/ros2_ws/src/mypkg/install/mypkg/lib/python3.8/site-packages/mypkg/listener.py to listener.cpython-38.pyc
[1.196s] Sorry: IndentationError: unindent does not match any outer indentation level (listener.py, line 9)
[1.196s] byte-compiling /home/atsushi8-ss/ros2_ws/src/mypkg/install/mypkg/lib/python3.8/site-packages/mypkg/__init__.py to __init__.cpython-38.pyc
[1.197s] running install_data
[1.197s] creating /home/atsushi8-ss/ros2_ws/src/mypkg/install/mypkg/share/ament_index
[1.197s] creating /home/atsushi8-ss/ros2_ws/src/mypkg/install/mypkg/share/ament_index/resource_index
[1.197s] creating /home/atsushi8-ss/ros2_ws/src/mypkg/install/mypkg/share/ament_index/resource_index/packages
[1.197s] copying resource/mypkg -> /home/atsushi8-ss/ros2_ws/src/mypkg/install/mypkg/share/ament_index/resource_index/packages
[1.197s] copying package.xml -> /home/atsushi8-ss/ros2_ws/src/mypkg/install/mypkg/share/mypkg
[1.197s] running install_egg_info
[1.198s] Copying build/mypkg/mypkg.egg-info to /home/atsushi8-ss/ros2_ws/src/mypkg/install/mypkg/lib/python3.8/site-packages/mypkg-0.0.0-py3.8.egg-info
[1.199s] running install_scripts
[1.214s] Installing listener script to /home/atsushi8-ss/ros2_ws/src/mypkg/install/mypkg/lib/mypkg
[1.215s] Installing talker script to /home/atsushi8-ss/ros2_ws/src/mypkg/install/mypkg/lib/mypkg
[1.215s] writing list of installed files to '/home/atsushi8-ss/ros2_ws/src/mypkg/build/mypkg/install.log'
[1.233s] Invoked command in '/home/atsushi8-ss/ros2_ws/src/mypkg' returned '0': PYTHONPATH=/home/atsushi8-ss/ros2_ws/src/mypkg/build/mypkg/prefix_override:/home/atsushi8-ss/ros2_ws/src/mypkg/install/mypkg/lib/python3.8/site-packages:${PYTHONPATH} /usr/bin/python3 setup.py egg_info --egg-base build/mypkg build --build-base /home/atsushi8-ss/ros2_ws/src/mypkg/build/mypkg/build install --record /home/atsushi8-ss/ros2_ws/src/mypkg/build/mypkg/install.log --install-scripts $base/lib/mypkg --single-version-externally-managed
