[0.918s] Invoking command in '/home/atsushi8-ss/ros2_ws/src/mypkg': PYTHONPATH=/home/atsushi8-ss/ros2_ws/build/mypkg/prefix_override:/home/atsushi8-ss/ros2_ws/install/mypkg/lib/python3.8/site-packages:${PYTHONPATH} /usr/bin/python3 setup.py egg_info --egg-base ../../build/mypkg build --build-base /home/atsushi8-ss/ros2_ws/build/mypkg/build install --record /home/atsushi8-ss/ros2_ws/build/mypkg/install.log --install-scripts $base/lib/mypkg --single-version-externally-managed
[1.122s] running egg_info
[1.122s] writing ../../build/mypkg/mypkg.egg-info/PKG-INFO
[1.122s] writing dependency_links to ../../build/mypkg/mypkg.egg-info/dependency_links.txt
[1.122s] writing entry points to ../../build/mypkg/mypkg.egg-info/entry_points.txt
[1.122s] writing requirements to ../../build/mypkg/mypkg.egg-info/requires.txt
[1.123s] writing top-level names to ../../build/mypkg/mypkg.egg-info/top_level.txt
[1.143s] reading manifest file '../../build/mypkg/mypkg.egg-info/SOURCES.txt'
[1.143s] writing manifest file '../../build/mypkg/mypkg.egg-info/SOURCES.txt'
[1.143s] running build
[1.143s] running build_py
[1.143s] copying mypkg/listener.py -> /home/atsushi8-ss/ros2_ws/build/mypkg/build/lib/mypkg
[1.144s] running install
[1.144s] running install_lib
[1.145s] copying /home/atsushi8-ss/ros2_ws/build/mypkg/build/lib/mypkg/listener.py -> /home/atsushi8-ss/ros2_ws/install/mypkg/lib/python3.8/site-packages/mypkg
[1.146s] byte-compiling /home/atsushi8-ss/ros2_ws/install/mypkg/lib/python3.8/site-packages/mypkg/listener.py to listener.cpython-38.pyc
[1.146s] running install_data
[1.146s] running install_egg_info
[1.148s] removing '/home/atsushi8-ss/ros2_ws/install/mypkg/lib/python3.8/site-packages/mypkg-0.0.0-py3.8.egg-info' (and everything under it)
[1.148s] Copying ../../build/mypkg/mypkg.egg-info to /home/atsushi8-ss/ros2_ws/install/mypkg/lib/python3.8/site-packages/mypkg-0.0.0-py3.8.egg-info
[1.149s] running install_scripts
[1.174s] Installing listener script to /home/atsushi8-ss/ros2_ws/install/mypkg/lib/mypkg
[1.174s] Installing talker script to /home/atsushi8-ss/ros2_ws/install/mypkg/lib/mypkg
[1.174s] writing list of installed files to '/home/atsushi8-ss/ros2_ws/build/mypkg/install.log'
[1.190s] Invoked command in '/home/atsushi8-ss/ros2_ws/src/mypkg' returned '0': PYTHONPATH=/home/atsushi8-ss/ros2_ws/build/mypkg/prefix_override:/home/atsushi8-ss/ros2_ws/install/mypkg/lib/python3.8/site-packages:${PYTHONPATH} /usr/bin/python3 setup.py egg_info --egg-base ../../build/mypkg build --build-base /home/atsushi8-ss/ros2_ws/build/mypkg/build install --record /home/atsushi8-ss/ros2_ws/build/mypkg/install.log --install-scripts $base/lib/mypkg --single-version-externally-managed
