[1.160s] DEBUG:colcon:Command line arguments: ['/usr/bin/colcon', 'build']
[1.160s] DEBUG:colcon:Parsed command line arguments: Namespace(allow_overriding=[], ament_cmake_args=None, base_paths=['.'], build_base='build', catkin_cmake_args=None, catkin_skip_building_tests=False, cmake_args=None, cmake_clean_cache=False, cmake_clean_first=False, cmake_force_configure=False, cmake_target=None, cmake_target_skip_unavailable=False, continue_on_error=False, event_handlers=None, executor='parallel', ignore_user_meta=False, install_base='install', log_base=None, log_level=None, main=<bound method BuildVerb.main of <colcon_core.verb.build.BuildVerb object at 0x7f059c91b310>>, merge_install=False, metas=['./colcon.meta'], packages_above=None, packages_above_and_dependencies=None, packages_above_depth=None, packages_end=None, packages_ignore=None, packages_ignore_regex=None, packages_select=None, packages_select_build_failed=False, packages_select_by_dep=None, packages_select_regex=None, packages_select_test_failures=False, packages_skip=None, packages_skip_build_finished=False, packages_skip_by_dep=None, packages_skip_regex=None, packages_skip_test_passed=False, packages_skip_up_to=None, packages_start=None, packages_up_to=None, packages_up_to_regex=None, parallel_workers=16, paths=None, symlink_install=False, test_result_base=None, verb_extension=<colcon_core.verb.build.BuildVerb object at 0x7f059c91b310>, verb_name='build', verb_parser=<colcon_defaults.argument_parser.defaults.DefaultArgumentsDecorator object at 0x7f059c509880>)
[1.205s] Level 1:colcon.colcon_core.package_discovery:discover_packages(colcon_meta) check parameters
[1.205s] Level 1:colcon.colcon_core.package_discovery:discover_packages(recursive) check parameters
[1.205s] Level 1:colcon.colcon_core.package_discovery:discover_packages(ignore) check parameters
[1.205s] Level 1:colcon.colcon_core.package_discovery:discover_packages(path) check parameters
[1.205s] Level 1:colcon.colcon_core.package_discovery:discover_packages(colcon_meta) discover
[1.205s] Level 1:colcon.colcon_core.package_discovery:discover_packages(recursive) discover
[1.206s] INFO:colcon.colcon_core.package_discovery:Crawling recursively for packages in '/home/atsushi8-ss/ros2_ws'
[1.206s] Level 1:colcon.colcon_core.package_identification:_identify(.) by extensions ['ignore', 'ignore_ament_install']
[1.206s] Level 1:colcon.colcon_core.package_identification:_identify(.) by extension 'ignore'
[1.206s] Level 1:colcon.colcon_core.package_identification:_identify(.) by extension 'ignore_ament_install'
[1.206s] Level 1:colcon.colcon_core.package_identification:_identify(.) by extensions ['colcon_pkg']
[1.206s] Level 1:colcon.colcon_core.package_identification:_identify(.) by extension 'colcon_pkg'
[1.206s] Level 1:colcon.colcon_core.package_identification:_identify(.) by extensions ['colcon_meta']
[1.206s] Level 1:colcon.colcon_core.package_identification:_identify(.) by extension 'colcon_meta'
[1.206s] Level 1:colcon.colcon_core.package_identification:_identify(.) by extensions ['ros']
[1.206s] Level 1:colcon.colcon_core.package_identification:_identify(.) by extension 'ros'
[1.212s] Level 1:colcon.colcon_core.package_identification:_identify(.) by extensions ['cmake', 'python']
[1.212s] Level 1:colcon.colcon_core.package_identification:_identify(.) by extension 'cmake'
[1.212s] Level 1:colcon.colcon_core.package_identification:_identify(.) by extension 'python'
[1.212s] Level 1:colcon.colcon_core.package_identification:_identify(.) by extensions ['python_setup_py']
[1.212s] Level 1:colcon.colcon_core.package_identification:_identify(.) by extension 'python_setup_py'
[1.212s] Level 1:colcon.colcon_core.package_identification:_identify(build) by extensions ['ignore', 'ignore_ament_install']
[1.212s] Level 1:colcon.colcon_core.package_identification:_identify(build) by extension 'ignore'
[1.213s] Level 1:colcon.colcon_core.package_identification:_identify(build) ignored
[1.213s] Level 1:colcon.colcon_core.package_identification:_identify(install) by extensions ['ignore', 'ignore_ament_install']
[1.213s] Level 1:colcon.colcon_core.package_identification:_identify(install) by extension 'ignore'
[1.213s] Level 1:colcon.colcon_core.package_identification:_identify(install) ignored
[1.213s] Level 1:colcon.colcon_core.package_identification:_identify(log) by extensions ['ignore', 'ignore_ament_install']
[1.213s] Level 1:colcon.colcon_core.package_identification:_identify(log) by extension 'ignore'
[1.213s] Level 1:colcon.colcon_core.package_identification:_identify(log) ignored
[1.213s] Level 1:colcon.colcon_core.package_identification:_identify(src) by extensions ['ignore', 'ignore_ament_install']
[1.213s] Level 1:colcon.colcon_core.package_identification:_identify(src) by extension 'ignore'
[1.213s] Level 1:colcon.colcon_core.package_identification:_identify(src) by extension 'ignore_ament_install'
[1.213s] Level 1:colcon.colcon_core.package_identification:_identify(src) by extensions ['colcon_pkg']
[1.213s] Level 1:colcon.colcon_core.package_identification:_identify(src) by extension 'colcon_pkg'
[1.213s] Level 1:colcon.colcon_core.package_identification:_identify(src) by extensions ['colcon_meta']
[1.213s] Level 1:colcon.colcon_core.package_identification:_identify(src) by extension 'colcon_meta'
[1.213s] Level 1:colcon.colcon_core.package_identification:_identify(src) by extensions ['ros']
[1.213s] Level 1:colcon.colcon_core.package_identification:_identify(src) by extension 'ros'
[1.213s] Level 1:colcon.colcon_core.package_identification:_identify(src) by extensions ['cmake', 'python']
[1.213s] Level 1:colcon.colcon_core.package_identification:_identify(src) by extension 'cmake'
[1.213s] Level 1:colcon.colcon_core.package_identification:_identify(src) by extension 'python'
[1.213s] Level 1:colcon.colcon_core.package_identification:_identify(src) by extensions ['python_setup_py']
[1.213s] Level 1:colcon.colcon_core.package_identification:_identify(src) by extension 'python_setup_py'
[1.213s] Level 1:colcon.colcon_core.package_identification:_identify(src/mypkg) by extensions ['ignore', 'ignore_ament_install']
[1.213s] Level 1:colcon.colcon_core.package_identification:_identify(src/mypkg) by extension 'ignore'
[1.213s] Level 1:colcon.colcon_core.package_identification:_identify(src/mypkg) by extension 'ignore_ament_install'
[1.213s] Level 1:colcon.colcon_core.package_identification:_identify(src/mypkg) by extensions ['colcon_pkg']
[1.213s] Level 1:colcon.colcon_core.package_identification:_identify(src/mypkg) by extension 'colcon_pkg'
[1.213s] Level 1:colcon.colcon_core.package_identification:_identify(src/mypkg) by extensions ['colcon_meta']
[1.213s] Level 1:colcon.colcon_core.package_identification:_identify(src/mypkg) by extension 'colcon_meta'
[1.213s] Level 1:colcon.colcon_core.package_identification:_identify(src/mypkg) by extensions ['ros']
[1.213s] Level 1:colcon.colcon_core.package_identification:_identify(src/mypkg) by extension 'ros'
[1.215s] DEBUG:colcon.colcon_core.package_identification:Package 'src/mypkg' with type 'ros.ament_python' and name 'mypkg'
[1.215s] Level 1:colcon.colcon_core.package_identification:_identify(src/person_msgs) by extensions ['ignore', 'ignore_ament_install']
[1.215s] Level 1:colcon.colcon_core.package_identification:_identify(src/person_msgs) by extension 'ignore'
[1.215s] Level 1:colcon.colcon_core.package_identification:_identify(src/person_msgs) by extension 'ignore_ament_install'
[1.215s] Level 1:colcon.colcon_core.package_identification:_identify(src/person_msgs) by extensions ['colcon_pkg']
[1.215s] Level 1:colcon.colcon_core.package_identification:_identify(src/person_msgs) by extension 'colcon_pkg'
[1.215s] Level 1:colcon.colcon_core.package_identification:_identify(src/person_msgs) by extensions ['colcon_meta']
[1.215s] Level 1:colcon.colcon_core.package_identification:_identify(src/person_msgs) by extension 'colcon_meta'
[1.215s] Level 1:colcon.colcon_core.package_identification:_identify(src/person_msgs) by extensions ['ros']
[1.215s] Level 1:colcon.colcon_core.package_identification:_identify(src/person_msgs) by extension 'ros'
[1.216s] DEBUG:colcon.colcon_core.package_identification:Package 'src/person_msgs' with type 'ros.ament_cmake' and name 'person_msgs'
[1.216s] Level 1:colcon.colcon_core.package_discovery:discover_packages(recursive) using defaults
[1.216s] Level 1:colcon.colcon_core.package_discovery:discover_packages(ignore) discover
[1.216s] Level 1:colcon.colcon_core.package_discovery:discover_packages(ignore) using defaults
[1.216s] Level 1:colcon.colcon_core.package_discovery:discover_packages(path) discover
[1.216s] Level 1:colcon.colcon_core.package_discovery:discover_packages(path) using defaults
[1.310s] Level 1:colcon.colcon_core.package_discovery:discover_packages(prefix_path) check parameters
[1.310s] Level 1:colcon.colcon_core.package_discovery:discover_packages(prefix_path) discover
[1.345s] DEBUG:colcon.colcon_installed_package_information.package_discovery:Found 1 installed packages in /home/atsushi8-ss/ros2_ws/install
[1.363s] DEBUG:colcon.colcon_installed_package_information.package_discovery:Found 256 installed packages in /opt/ros/foxy
[1.364s] Level 1:colcon.colcon_core.package_discovery:discover_packages(prefix_path) using defaults
[1.443s] Level 5:colcon.colcon_core.verb:set package 'mypkg' build argument 'cmake_args' from command line to 'None'
[1.443s] Level 5:colcon.colcon_core.verb:set package 'mypkg' build argument 'cmake_target' from command line to 'None'
[1.443s] Level 5:colcon.colcon_core.verb:set package 'mypkg' build argument 'cmake_target_skip_unavailable' from command line to 'False'
[1.443s] Level 5:colcon.colcon_core.verb:set package 'mypkg' build argument 'cmake_clean_cache' from command line to 'False'
[1.443s] Level 5:colcon.colcon_core.verb:set package 'mypkg' build argument 'cmake_clean_first' from command line to 'False'
[1.443s] Level 5:colcon.colcon_core.verb:set package 'mypkg' build argument 'cmake_force_configure' from command line to 'False'
[1.443s] Level 5:colcon.colcon_core.verb:set package 'mypkg' build argument 'ament_cmake_args' from command line to 'None'
[1.444s] Level 5:colcon.colcon_core.verb:set package 'mypkg' build argument 'catkin_cmake_args' from command line to 'None'
[1.444s] Level 5:colcon.colcon_core.verb:set package 'mypkg' build argument 'catkin_skip_building_tests' from command line to 'False'
[1.444s] DEBUG:colcon.colcon_core.verb:Building package 'mypkg' with the following arguments: {'ament_cmake_args': None, 'build_base': '/home/atsushi8-ss/ros2_ws/build/mypkg', 'catkin_cmake_args': None, 'catkin_skip_building_tests': False, 'cmake_args': None, 'cmake_clean_cache': False, 'cmake_clean_first': False, 'cmake_force_configure': False, 'cmake_target': None, 'cmake_target_skip_unavailable': False, 'install_base': '/home/atsushi8-ss/ros2_ws/install/mypkg', 'merge_install': False, 'path': '/home/atsushi8-ss/ros2_ws/src/mypkg', 'symlink_install': False, 'test_result_base': None}
[1.461s] Level 5:colcon.colcon_core.verb:set package 'person_msgs' build argument 'cmake_args' from command line to 'None'
[1.461s] Level 5:colcon.colcon_core.verb:set package 'person_msgs' build argument 'cmake_target' from command line to 'None'
[1.461s] Level 5:colcon.colcon_core.verb:set package 'person_msgs' build argument 'cmake_target_skip_unavailable' from command line to 'False'
[1.461s] Level 5:colcon.colcon_core.verb:set package 'person_msgs' build argument 'cmake_clean_cache' from command line to 'False'
[1.461s] Level 5:colcon.colcon_core.verb:set package 'person_msgs' build argument 'cmake_clean_first' from command line to 'False'
[1.461s] Level 5:colcon.colcon_core.verb:set package 'person_msgs' build argument 'cmake_force_configure' from command line to 'False'
[1.461s] Level 5:colcon.colcon_core.verb:set package 'person_msgs' build argument 'ament_cmake_args' from command line to 'None'
[1.461s] Level 5:colcon.colcon_core.verb:set package 'person_msgs' build argument 'catkin_cmake_args' from command line to 'None'
[1.461s] Level 5:colcon.colcon_core.verb:set package 'person_msgs' build argument 'catkin_skip_building_tests' from command line to 'False'
[1.461s] DEBUG:colcon.colcon_core.verb:Building package 'person_msgs' with the following arguments: {'ament_cmake_args': None, 'build_base': '/home/atsushi8-ss/ros2_ws/build/person_msgs', 'catkin_cmake_args': None, 'catkin_skip_building_tests': False, 'cmake_args': None, 'cmake_clean_cache': False, 'cmake_clean_first': False, 'cmake_force_configure': False, 'cmake_target': None, 'cmake_target_skip_unavailable': False, 'install_base': '/home/atsushi8-ss/ros2_ws/install/person_msgs', 'merge_install': False, 'path': '/home/atsushi8-ss/ros2_ws/src/person_msgs', 'symlink_install': False, 'test_result_base': None}
[1.479s] INFO:colcon.colcon_core.executor:Executing jobs using 'parallel' executor
[1.497s] DEBUG:colcon.colcon_parallel_executor.executor.parallel:run_until_complete
[1.498s] INFO:colcon.colcon_ros.task.ament_python.build:Building ROS package in '/home/atsushi8-ss/ros2_ws/src/mypkg' with build type 'ament_python'
[1.498s] Level 1:colcon.colcon_core.shell:create_environment_hook('mypkg', 'ament_prefix_path')
[1.516s] INFO:colcon.colcon_core.plugin_system:Skipping extension 'colcon_core.shell.bat': Not used on non-Windows systems
[1.516s] INFO:colcon.colcon_core.shell:Creating environment hook '/home/atsushi8-ss/ros2_ws/install/mypkg/share/mypkg/hook/ament_prefix_path.ps1'
[1.516s] INFO:colcon.colcon_core.shell:Creating environment descriptor '/home/atsushi8-ss/ros2_ws/install/mypkg/share/mypkg/hook/ament_prefix_path.dsv'
[1.517s] INFO:colcon.colcon_core.shell:Creating environment hook '/home/atsushi8-ss/ros2_ws/install/mypkg/share/mypkg/hook/ament_prefix_path.sh'
[1.534s] INFO:colcon.colcon_core.shell:Skip shell extension 'powershell' for command environment: Not usable outside of PowerShell
[1.534s] DEBUG:colcon.colcon_core.shell:Skip shell extension 'dsv' for command environment
[1.595s] INFO:colcon.colcon_ros.task.ament_cmake.build:Building ROS package in '/home/atsushi8-ss/ros2_ws/src/person_msgs' with build type 'ament_cmake'
[1.595s] INFO:colcon.colcon_cmake.task.cmake.build:Building CMake package in '/home/atsushi8-ss/ros2_ws/src/person_msgs'
[1.614s] INFO:colcon.colcon_core.shell:Skip shell extension 'powershell' for command environment: Not usable outside of PowerShell
[1.614s] DEBUG:colcon.colcon_core.shell:Skip shell extension 'dsv' for command environment
[1.804s] INFO:colcon.colcon_core.task.python.build:Building Python package in '/home/atsushi8-ss/ros2_ws/src/mypkg'
[1.823s] INFO:colcon.colcon_core.shell:Skip shell extension 'powershell' for command environment: Not usable outside of PowerShell
[1.823s] DEBUG:colcon.colcon_core.shell:Skip shell extension 'dsv' for command environment
[1.882s] DEBUG:colcon.colcon_core.event_handler.log_command:Invoking command in '/home/atsushi8-ss/ros2_ws/build/person_msgs': CMAKE_PREFIX_PATH=/home/atsushi8-ss/ros2_ws/install/mypkg:/opt/ros/foxy /usr/bin/cmake /home/atsushi8-ss/ros2_ws/src/person_msgs -DCMAKE_INSTALL_PREFIX=/home/atsushi8-ss/ros2_ws/install/person_msgs
[2.120s] DEBUG:colcon.colcon_core.event_handler.log_command:Invoking command in '/home/atsushi8-ss/ros2_ws/src/mypkg': PYTHONPATH=/home/atsushi8-ss/ros2_ws/build/mypkg/prefix_override:/home/atsushi8-ss/ros2_ws/install/mypkg/lib/python3.8/site-packages:${PYTHONPATH} /usr/bin/python3 setup.py egg_info --egg-base ../../build/mypkg build --build-base /home/atsushi8-ss/ros2_ws/build/mypkg/build install --record /home/atsushi8-ss/ros2_ws/build/mypkg/install.log --install-scripts $base/lib/mypkg --single-version-externally-managed
[2.281s] DEBUG:colcon.colcon_core.event_handler.log_command:Invoked command in '/home/atsushi8-ss/ros2_ws/src/mypkg' returned '0': PYTHONPATH=/home/atsushi8-ss/ros2_ws/build/mypkg/prefix_override:/home/atsushi8-ss/ros2_ws/install/mypkg/lib/python3.8/site-packages:${PYTHONPATH} /usr/bin/python3 setup.py egg_info --egg-base ../../build/mypkg build --build-base /home/atsushi8-ss/ros2_ws/build/mypkg/build install --record /home/atsushi8-ss/ros2_ws/build/mypkg/install.log --install-scripts $base/lib/mypkg --single-version-externally-managed
[2.302s] Level 1:colcon.colcon_core.environment:checking '/home/atsushi8-ss/ros2_ws/install/mypkg' for CMake module files
[2.302s] Level 1:colcon.colcon_core.environment:checking '/home/atsushi8-ss/ros2_ws/install/mypkg' for CMake config files
[2.302s] Level 1:colcon.colcon_core.environment:checking '/home/atsushi8-ss/ros2_ws/install/mypkg/lib'
[2.303s] Level 1:colcon.colcon_core.environment:checking '/home/atsushi8-ss/ros2_ws/install/mypkg/bin'
[2.303s] Level 1:colcon.colcon_core.environment:checking '/home/atsushi8-ss/ros2_ws/install/mypkg/lib/pkgconfig/mypkg.pc'
[2.303s] Level 1:colcon.colcon_core.environment:checking '/home/atsushi8-ss/ros2_ws/install/mypkg/lib/python3.8/site-packages'
[2.303s] Level 1:colcon.colcon_core.shell:create_environment_hook('mypkg', 'pythonpath')
[2.325s] INFO:colcon.colcon_core.shell:Creating environment hook '/home/atsushi8-ss/ros2_ws/install/mypkg/share/mypkg/hook/pythonpath.ps1'
[2.325s] INFO:colcon.colcon_core.shell:Creating environment descriptor '/home/atsushi8-ss/ros2_ws/install/mypkg/share/mypkg/hook/pythonpath.dsv'
[2.325s] INFO:colcon.colcon_core.shell:Creating environment hook '/home/atsushi8-ss/ros2_ws/install/mypkg/share/mypkg/hook/pythonpath.sh'
[2.326s] Level 1:colcon.colcon_core.environment:checking '/home/atsushi8-ss/ros2_ws/install/mypkg/bin'
[2.326s] Level 1:colcon.colcon_core.environment:create_environment_scripts_only(mypkg)
[2.354s] INFO:colcon.colcon_core.shell:Creating package script '/home/atsushi8-ss/ros2_ws/install/mypkg/share/mypkg/package.ps1'
[2.355s] INFO:colcon.colcon_core.shell:Creating package descriptor '/home/atsushi8-ss/ros2_ws/install/mypkg/share/mypkg/package.dsv'
[2.355s] INFO:colcon.colcon_core.shell:Creating package script '/home/atsushi8-ss/ros2_ws/install/mypkg/share/mypkg/package.sh'
[2.356s] INFO:colcon.colcon_core.shell:Creating package script '/home/atsushi8-ss/ros2_ws/install/mypkg/share/mypkg/package.bash'
[2.356s] INFO:colcon.colcon_core.shell:Creating package script '/home/atsushi8-ss/ros2_ws/install/mypkg/share/mypkg/package.zsh'
[2.357s] Level 1:colcon.colcon_core.environment:create_file_with_runtime_dependencies(/home/atsushi8-ss/ros2_ws/install/mypkg/share/colcon-core/packages/mypkg)
[14.278s] DEBUG:colcon.colcon_core.event_handler.log_command:Invoked command in '/home/atsushi8-ss/ros2_ws/build/person_msgs' returned '0': CMAKE_PREFIX_PATH=/home/atsushi8-ss/ros2_ws/install/mypkg:/opt/ros/foxy /usr/bin/cmake /home/atsushi8-ss/ros2_ws/src/person_msgs -DCMAKE_INSTALL_PREFIX=/home/atsushi8-ss/ros2_ws/install/person_msgs
[14.278s] DEBUG:colcon.colcon_core.event_handler.log_command:Invoking command in '/home/atsushi8-ss/ros2_ws/build/person_msgs': CMAKE_PREFIX_PATH=/home/atsushi8-ss/ros2_ws/install/mypkg:/opt/ros/foxy /usr/bin/cmake --build /home/atsushi8-ss/ros2_ws/build/person_msgs -- -j16 -l16
[16.681s] DEBUG:colcon.colcon_core.event_handler.log_command:Invoked command in '/home/atsushi8-ss/ros2_ws/build/person_msgs' returned '0': CMAKE_PREFIX_PATH=/home/atsushi8-ss/ros2_ws/install/mypkg:/opt/ros/foxy /usr/bin/cmake --build /home/atsushi8-ss/ros2_ws/build/person_msgs -- -j16 -l16
[16.721s] DEBUG:colcon.colcon_core.event_handler.log_command:Invoking command in '/home/atsushi8-ss/ros2_ws/build/person_msgs': CMAKE_PREFIX_PATH=/home/atsushi8-ss/ros2_ws/install/mypkg:/opt/ros/foxy /usr/bin/cmake --install /home/atsushi8-ss/ros2_ws/build/person_msgs
[16.759s] Level 1:colcon.colcon_core.environment:create_environment_scripts_only(person_msgs)
[16.759s] DEBUG:colcon.colcon_core.event_handler.log_command:Invoked command in '/home/atsushi8-ss/ros2_ws/build/person_msgs' returned '0': CMAKE_PREFIX_PATH=/home/atsushi8-ss/ros2_ws/install/mypkg:/opt/ros/foxy /usr/bin/cmake --install /home/atsushi8-ss/ros2_ws/build/person_msgs
[16.779s] Level 1:colcon.colcon_core.environment:checking '/home/atsushi8-ss/ros2_ws/install/person_msgs' for CMake module files
[16.779s] Level 1:colcon.colcon_core.environment:checking '/home/atsushi8-ss/ros2_ws/install/person_msgs' for CMake config files
[16.780s] Level 1:colcon.colcon_core.shell:create_environment_hook('person_msgs', 'cmake_prefix_path')
[16.799s] INFO:colcon.colcon_core.shell:Creating environment hook '/home/atsushi8-ss/ros2_ws/install/person_msgs/share/person_msgs/hook/cmake_prefix_path.ps1'
[16.799s] INFO:colcon.colcon_core.shell:Creating environment descriptor '/home/atsushi8-ss/ros2_ws/install/person_msgs/share/person_msgs/hook/cmake_prefix_path.dsv'
[16.800s] INFO:colcon.colcon_core.shell:Creating environment hook '/home/atsushi8-ss/ros2_ws/install/person_msgs/share/person_msgs/hook/cmake_prefix_path.sh'
[16.800s] Level 1:colcon.colcon_core.environment:checking '/home/atsushi8-ss/ros2_ws/install/person_msgs/lib'
[16.800s] Level 1:colcon.colcon_core.shell:create_environment_hook('person_msgs', 'ld_library_path_lib')
[16.817s] INFO:colcon.colcon_core.shell:Creating environment hook '/home/atsushi8-ss/ros2_ws/install/person_msgs/share/person_msgs/hook/ld_library_path_lib.ps1'
[16.818s] INFO:colcon.colcon_core.shell:Creating environment descriptor '/home/atsushi8-ss/ros2_ws/install/person_msgs/share/person_msgs/hook/ld_library_path_lib.dsv'
[16.818s] INFO:colcon.colcon_core.shell:Creating environment hook '/home/atsushi8-ss/ros2_ws/install/person_msgs/share/person_msgs/hook/ld_library_path_lib.sh'
[16.818s] Level 1:colcon.colcon_core.environment:checking '/home/atsushi8-ss/ros2_ws/install/person_msgs/bin'
[16.818s] Level 1:colcon.colcon_core.environment:checking '/home/atsushi8-ss/ros2_ws/install/person_msgs/lib/pkgconfig/person_msgs.pc'
[16.818s] Level 1:colcon.colcon_core.environment:checking '/home/atsushi8-ss/ros2_ws/install/person_msgs/lib/python3.8/site-packages'
[16.818s] Level 1:colcon.colcon_core.shell:create_environment_hook('person_msgs', 'pythonpath')
[16.836s] INFO:colcon.colcon_core.shell:Creating environment hook '/home/atsushi8-ss/ros2_ws/install/person_msgs/share/person_msgs/hook/pythonpath.ps1'
[16.836s] INFO:colcon.colcon_core.shell:Creating environment descriptor '/home/atsushi8-ss/ros2_ws/install/person_msgs/share/person_msgs/hook/pythonpath.dsv'
[16.836s] INFO:colcon.colcon_core.shell:Creating environment hook '/home/atsushi8-ss/ros2_ws/install/person_msgs/share/person_msgs/hook/pythonpath.sh'
[16.836s] Level 1:colcon.colcon_core.environment:checking '/home/atsushi8-ss/ros2_ws/install/person_msgs/bin'
[16.854s] INFO:colcon.colcon_core.shell:Creating package script '/home/atsushi8-ss/ros2_ws/install/person_msgs/share/person_msgs/package.ps1'
[16.855s] INFO:colcon.colcon_core.shell:Creating package descriptor '/home/atsushi8-ss/ros2_ws/install/person_msgs/share/person_msgs/package.dsv'
[16.855s] INFO:colcon.colcon_core.shell:Creating package script '/home/atsushi8-ss/ros2_ws/install/person_msgs/share/person_msgs/package.sh'
[16.855s] INFO:colcon.colcon_core.shell:Creating package script '/home/atsushi8-ss/ros2_ws/install/person_msgs/share/person_msgs/package.bash'
[16.855s] INFO:colcon.colcon_core.shell:Creating package script '/home/atsushi8-ss/ros2_ws/install/person_msgs/share/person_msgs/package.zsh'
[16.855s] Level 1:colcon.colcon_core.environment:create_file_with_runtime_dependencies(/home/atsushi8-ss/ros2_ws/install/person_msgs/share/colcon-core/packages/person_msgs)
[16.905s] Level 1:colcon.colcon_core.environment:create_environment_scripts_only(person_msgs)
[16.924s] Level 1:colcon.colcon_core.environment:checking '/home/atsushi8-ss/ros2_ws/install/person_msgs' for CMake module files
[16.924s] Level 1:colcon.colcon_core.environment:checking '/home/atsushi8-ss/ros2_ws/install/person_msgs' for CMake config files
[16.924s] Level 1:colcon.colcon_core.shell:create_environment_hook('person_msgs', 'cmake_prefix_path')
[16.942s] INFO:colcon.colcon_core.shell:Creating environment hook '/home/atsushi8-ss/ros2_ws/install/person_msgs/share/person_msgs/hook/cmake_prefix_path.ps1'
[16.942s] INFO:colcon.colcon_core.shell:Creating environment descriptor '/home/atsushi8-ss/ros2_ws/install/person_msgs/share/person_msgs/hook/cmake_prefix_path.dsv'
[16.942s] INFO:colcon.colcon_core.shell:Creating environment hook '/home/atsushi8-ss/ros2_ws/install/person_msgs/share/person_msgs/hook/cmake_prefix_path.sh'
[16.942s] Level 1:colcon.colcon_core.environment:checking '/home/atsushi8-ss/ros2_ws/install/person_msgs/lib'
[16.942s] Level 1:colcon.colcon_core.shell:create_environment_hook('person_msgs', 'ld_library_path_lib')
[16.961s] INFO:colcon.colcon_core.shell:Creating environment hook '/home/atsushi8-ss/ros2_ws/install/person_msgs/share/person_msgs/hook/ld_library_path_lib.ps1'
[16.961s] INFO:colcon.colcon_core.shell:Creating environment descriptor '/home/atsushi8-ss/ros2_ws/install/person_msgs/share/person_msgs/hook/ld_library_path_lib.dsv'
[16.961s] INFO:colcon.colcon_core.shell:Creating environment hook '/home/atsushi8-ss/ros2_ws/install/person_msgs/share/person_msgs/hook/ld_library_path_lib.sh'
[16.962s] Level 1:colcon.colcon_core.environment:checking '/home/atsushi8-ss/ros2_ws/install/person_msgs/bin'
[16.962s] Level 1:colcon.colcon_core.environment:checking '/home/atsushi8-ss/ros2_ws/install/person_msgs/lib/pkgconfig/person_msgs.pc'
[16.962s] Level 1:colcon.colcon_core.environment:checking '/home/atsushi8-ss/ros2_ws/install/person_msgs/lib/python3.8/site-packages'
[16.962s] Level 1:colcon.colcon_core.shell:create_environment_hook('person_msgs', 'pythonpath')
[16.979s] INFO:colcon.colcon_core.shell:Creating environment hook '/home/atsushi8-ss/ros2_ws/install/person_msgs/share/person_msgs/hook/pythonpath.ps1'
[16.979s] INFO:colcon.colcon_core.shell:Creating environment descriptor '/home/atsushi8-ss/ros2_ws/install/person_msgs/share/person_msgs/hook/pythonpath.dsv'
[16.979s] INFO:colcon.colcon_core.shell:Creating environment hook '/home/atsushi8-ss/ros2_ws/install/person_msgs/share/person_msgs/hook/pythonpath.sh'
[16.980s] Level 1:colcon.colcon_core.environment:checking '/home/atsushi8-ss/ros2_ws/install/person_msgs/bin'
[16.997s] INFO:colcon.colcon_core.shell:Creating package script '/home/atsushi8-ss/ros2_ws/install/person_msgs/share/person_msgs/package.ps1'
[16.997s] INFO:colcon.colcon_core.shell:Creating package descriptor '/home/atsushi8-ss/ros2_ws/install/person_msgs/share/person_msgs/package.dsv'
[16.998s] INFO:colcon.colcon_core.shell:Creating package script '/home/atsushi8-ss/ros2_ws/install/person_msgs/share/person_msgs/package.sh'
[16.998s] INFO:colcon.colcon_core.shell:Creating package script '/home/atsushi8-ss/ros2_ws/install/person_msgs/share/person_msgs/package.bash'
[16.998s] INFO:colcon.colcon_core.shell:Creating package script '/home/atsushi8-ss/ros2_ws/install/person_msgs/share/person_msgs/package.zsh'
[16.998s] Level 1:colcon.colcon_core.environment:create_file_with_runtime_dependencies(/home/atsushi8-ss/ros2_ws/install/person_msgs/share/colcon-core/packages/person_msgs)
[16.999s] DEBUG:colcon.colcon_parallel_executor.executor.parallel:closing loop
[16.999s] DEBUG:colcon.colcon_parallel_executor.executor.parallel:loop closed
[16.999s] DEBUG:colcon.colcon_parallel_executor.executor.parallel:run_until_complete finished with '0'
[16.999s] DEBUG:colcon.colcon_core.event_reactor:joining thread
[17.077s] INFO:colcon.colcon_core.plugin_system:Skipping extension 'colcon_notification.desktop_notification.notify_send': Could not find 'notify-send'
[17.078s] INFO:colcon.colcon_core.plugin_system:Skipping extension 'colcon_notification.desktop_notification.terminal_notifier': Not used on non-Darwin systems
[17.078s] INFO:colcon.colcon_core.plugin_system:Skipping extension 'colcon_notification.desktop_notification.win32': Not used on non-Windows systems
[17.078s] INFO:colcon.colcon_notification.desktop_notification:Sending desktop notification using 'notify2'
[17.082s] DEBUG:colcon.colcon_notification.desktop_notification.notify2:Failed to initialize notify2: org.freedesktop.DBus.Error.ServiceUnknown: The name org.freedesktop.Notifications was not provided by any .service files
[17.083s] DEBUG:colcon.colcon_core.event_reactor:joined thread
[17.103s] INFO:colcon.colcon_core.shell:Creating prefix script '/home/atsushi8-ss/ros2_ws/install/local_setup.ps1'
[17.104s] INFO:colcon.colcon_core.shell:Creating prefix util module '/home/atsushi8-ss/ros2_ws/install/_local_setup_util_ps1.py'
[17.105s] INFO:colcon.colcon_core.shell:Creating prefix chain script '/home/atsushi8-ss/ros2_ws/install/setup.ps1'
[17.126s] INFO:colcon.colcon_core.shell:Creating prefix script '/home/atsushi8-ss/ros2_ws/install/local_setup.sh'
[17.127s] INFO:colcon.colcon_core.shell:Creating prefix util module '/home/atsushi8-ss/ros2_ws/install/_local_setup_util_sh.py'
[17.127s] INFO:colcon.colcon_core.shell:Creating prefix chain script '/home/atsushi8-ss/ros2_ws/install/setup.sh'
[17.148s] INFO:colcon.colcon_core.shell:Creating prefix script '/home/atsushi8-ss/ros2_ws/install/local_setup.bash'
[17.148s] INFO:colcon.colcon_core.shell:Creating prefix chain script '/home/atsushi8-ss/ros2_ws/install/setup.bash'
[17.167s] INFO:colcon.colcon_core.shell:Creating prefix script '/home/atsushi8-ss/ros2_ws/install/local_setup.zsh'
[17.167s] INFO:colcon.colcon_core.shell:Creating prefix chain script '/home/atsushi8-ss/ros2_ws/install/setup.zsh'
