[0.304s] Invoking command in '/home/atsushi8-ss/ros2_ws/build/person_msgs': CMAKE_PREFIX_PATH=${CMAKE_PREFIX_PATH}:/home/atsushi8-ss/ros2_ws/install/mypkg:/opt/ros/foxy /usr/bin/cmake --build /home/atsushi8-ss/ros2_ws/build/person_msgs -- -j16 -l16
[0.324s] -- Found ament_cmake: 0.9.12 (/opt/ros/foxy/share/ament_cmake/cmake)
[0.340s] -- Using PYTHON_EXECUTABLE: /usr/bin/python3
[0.480s] -- Found rosidl_default_generators: 1.0.1 (/opt/ros/foxy/share/rosidl_default_generators/cmake)
[0.482s] -- Using all available rosidl_typesupport_c: rosidl_typesupport_fastrtps_c;rosidl_typesupport_introspection_c
[0.484s] -- Found rosidl_adapter: 1.3.1 (/opt/ros/foxy/share/rosidl_adapter/cmake)
[6.616s] -- Using all available rosidl_typesupport_cpp: rosidl_typesupport_fastrtps_cpp;rosidl_typesupport_introspection_cpp
[6.645s] -- Found PythonInterp: /usr/bin/python3 (found version "3.8.10") 
[6.737s] -- Found ament_cmake_ros: 0.9.2 (/opt/ros/foxy/share/ament_cmake_ros/cmake)
[12.031s] -- Using all available rosidl_typesupport_c: rosidl_typesupport_fastrtps_c;rosidl_typesupport_introspection_c
[12.036s] -- Using all available rosidl_typesupport_cpp: rosidl_typesupport_fastrtps_cpp;rosidl_typesupport_introspection_cpp
[12.051s] -- Found PythonInterp: /usr/bin/python3 (found suitable version "3.8.10", minimum required is "3.5") 
[12.052s] -- Found python_cmake_module: 0.8.1 (/opt/ros/foxy/share/python_cmake_module/cmake)
[12.068s] -- Using PYTHON_EXECUTABLE: /usr/bin/python3
[12.068s] -- Using PYTHON_INCLUDE_DIRS: /usr/include/python3.8
[12.068s] -- Using PYTHON_LIBRARIES: /usr/lib/x86_64-linux-gnu/libpython3.8.so
[12.078s] -- Found ament_lint_auto: 0.9.8 (/opt/ros/foxy/share/ament_lint_auto/cmake)
[12.087s] -- Added test 'copyright' to check source files copyright and LICENSE
[12.088s] -- Added test 'lint_cmake' to check CMake code style
[12.089s] -- Added test 'xmllint' to check XML markup files
[12.092s] -- Configuring done
[12.121s] -- Generating done
[12.125s] -- Build files have been written to: /home/atsushi8-ss/ros2_ws/build/person_msgs
[12.145s] [35m[1mScanning dependencies of target person_msgs__cpp[0m
[12.146s] [  2%] [34m[1mGenerating C code for ROS interfaces[0m
[12.152s] [  5%] [34m[1mGenerating C++ code for ROS interfaces[0m
[12.401s] [  5%] Built target person_msgs__cpp
[12.410s] [  7%] [34m[1mGenerating C++ type support dispatch for ROS interfaces[0m
[12.411s] [ 10%] [34m[1mGenerating C++ type support for eProsima Fast-RTPS[0m
[12.412s] [ 12%] [34m[1mGenerating C++ introspection for ROS interfaces[0m
[12.464s] [35m[1mScanning dependencies of target person_msgs__rosidl_generator_c[0m
[12.476s] [ 15%] [32mBuilding C object CMakeFiles/person_msgs__rosidl_generator_c.dir/rosidl_generator_c/person_msgs/msg/detail/person__functions.c.o[0m
[12.476s] [ 17%] [32mBuilding C object CMakeFiles/person_msgs__rosidl_generator_c.dir/rosidl_generator_c/person_msgs/srv/detail/query__functions.c.o[0m
[12.610s] [ 20%] [32m[1mLinking C shared library libperson_msgs__rosidl_generator_c.so[0m
[12.667s] [35m[1mScanning dependencies of target person_msgs__rosidl_typesupport_cpp[0m
[12.683s] [ 23%] [32mBuilding CXX object CMakeFiles/person_msgs__rosidl_typesupport_cpp.dir/rosidl_typesupport_cpp/person_msgs/msg/person__type_support.cpp.o[0m
[12.684s] [ 25%] [32mBuilding CXX object CMakeFiles/person_msgs__rosidl_typesupport_cpp.dir/rosidl_typesupport_cpp/person_msgs/srv/query__type_support.cpp.o[0m
[12.691s] [35m[1mScanning dependencies of target person_msgs__rosidl_typesupport_introspection_cpp[0m
[12.695s] [35m[1mScanning dependencies of target person_msgs__rosidl_typesupport_fastrtps_cpp[0m
[12.706s] [ 28%] [32mBuilding CXX object CMakeFiles/person_msgs__rosidl_typesupport_introspection_cpp.dir/rosidl_typesupport_introspection_cpp/person_msgs/srv/detail/query__type_support.cpp.o[0m
[12.706s] [ 30%] [32mBuilding CXX object CMakeFiles/person_msgs__rosidl_typesupport_introspection_cpp.dir/rosidl_typesupport_introspection_cpp/person_msgs/msg/detail/person__type_support.cpp.o[0m
[12.728s] [ 33%] [32mBuilding CXX object CMakeFiles/person_msgs__rosidl_typesupport_fastrtps_cpp.dir/rosidl_typesupport_fastrtps_cpp/person_msgs/msg/detail/dds_fastrtps/person__type_support.cpp.o[0m
[12.728s] [ 35%] [32mBuilding CXX object CMakeFiles/person_msgs__rosidl_typesupport_fastrtps_cpp.dir/rosidl_typesupport_fastrtps_cpp/person_msgs/srv/detail/dds_fastrtps/query__type_support.cpp.o[0m
[12.832s] [ 35%] Built target person_msgs__rosidl_generator_c
[12.844s] [ 38%] [34m[1mGenerating C introspection for ROS interfaces[0m
[12.848s] [ 41%] [34m[1mGenerating C type support dispatch for ROS interfaces[0m
[13.254s] [ 43%] [32m[1mLinking CXX shared library libperson_msgs__rosidl_typesupport_cpp.so[0m
[13.264s] [ 46%] [32m[1mLinking CXX shared library libperson_msgs__rosidl_typesupport_introspection_cpp.so[0m
[13.279s] [35m[1mScanning dependencies of target person_msgs__rosidl_typesupport_c[0m
[13.298s] [ 48%] [32mBuilding CXX object CMakeFiles/person_msgs__rosidl_typesupport_c.dir/rosidl_typesupport_c/person_msgs/srv/query__type_support.cpp.o[0m
[13.300s] [ 51%] [32mBuilding CXX object CMakeFiles/person_msgs__rosidl_typesupport_c.dir/rosidl_typesupport_c/person_msgs/msg/person__type_support.cpp.o[0m
[13.317s] [35m[1mScanning dependencies of target person_msgs__rosidl_typesupport_introspection_c[0m
[13.332s] [ 53%] [32mBuilding C object CMakeFiles/person_msgs__rosidl_typesupport_introspection_c.dir/rosidl_typesupport_introspection_c/person_msgs/msg/detail/person__type_support.c.o[0m
[13.333s] [ 56%] [32mBuilding C object CMakeFiles/person_msgs__rosidl_typesupport_introspection_c.dir/rosidl_typesupport_introspection_c/person_msgs/srv/detail/query__type_support.c.o[0m
[13.343s] [ 58%] [32m[1mLinking CXX shared library libperson_msgs__rosidl_typesupport_c.so[0m
[13.377s] [ 61%] [32m[1mLinking C shared library libperson_msgs__rosidl_typesupport_introspection_c.so[0m
[13.399s] [ 64%] [32m[1mLinking CXX shared library libperson_msgs__rosidl_typesupport_fastrtps_cpp.so[0m
[13.437s] [ 64%] Built target person_msgs__rosidl_typesupport_introspection_cpp
[13.441s] [ 64%] Built target person_msgs__rosidl_typesupport_cpp
[13.554s] [ 64%] Built target person_msgs__rosidl_typesupport_c
[13.567s] [ 64%] Built target person_msgs__rosidl_typesupport_introspection_c
[13.619s] [ 64%] Built target person_msgs__rosidl_typesupport_fastrtps_cpp
[13.628s] [ 66%] [34m[1mGenerating C type support for eProsima Fast-RTPS[0m
[13.821s] [35m[1mScanning dependencies of target person_msgs__rosidl_typesupport_fastrtps_c[0m
[13.831s] [ 69%] [32mBuilding CXX object CMakeFiles/person_msgs__rosidl_typesupport_fastrtps_c.dir/rosidl_typesupport_fastrtps_c/person_msgs/msg/detail/person__type_support_c.cpp.o[0m
[13.831s] [ 71%] [32mBuilding CXX object CMakeFiles/person_msgs__rosidl_typesupport_fastrtps_c.dir/rosidl_typesupport_fastrtps_c/person_msgs/srv/detail/query__type_support_c.cpp.o[0m
[14.077s] [ 74%] [32m[1mLinking CXX shared library libperson_msgs__rosidl_typesupport_fastrtps_c.so[0m
[14.241s] [ 74%] Built target person_msgs__rosidl_typesupport_fastrtps_c
[14.253s] [ 74%] Built target person_msgs
[14.259s] [35m[1mScanning dependencies of target person_msgs__py[0m
[14.265s] [ 76%] [34m[1mGenerating Python code for ROS interfaces[0m
[14.606s] [ 76%] Built target person_msgs__py
[14.612s] [35m[1mScanning dependencies of target person_msgs__python[0m
[14.623s] [ 79%] [32mBuilding C object CMakeFiles/person_msgs__python.dir/rosidl_generator_py/person_msgs/msg/_person_s.c.o[0m
[14.624s] [ 82%] [32mBuilding C object CMakeFiles/person_msgs__python.dir/rosidl_generator_py/person_msgs/srv/_query_s.c.o[0m
[14.709s] [ 84%] [32m[1mLinking C shared library rosidl_generator_py/person_msgs/libperson_msgs__python.so[0m
[14.844s] [ 84%] Built target person_msgs__python
[14.853s] [35m[1mScanning dependencies of target person_msgs__rosidl_typesupport_c__pyext[0m
[14.853s] [35m[1mScanning dependencies of target person_msgs__rosidl_typesupport_fastrtps_c__pyext[0m
[14.858s] [35m[1mScanning dependencies of target person_msgs__rosidl_typesupport_introspection_c__pyext[0m
[14.865s] [ 87%] [32mBuilding C object CMakeFiles/person_msgs__rosidl_typesupport_c__pyext.dir/rosidl_generator_py/person_msgs/_person_msgs_s.ep.rosidl_typesupport_c.c.o[0m
[14.866s] [ 89%] [32mBuilding C object CMakeFiles/person_msgs__rosidl_typesupport_fastrtps_c__pyext.dir/rosidl_generator_py/person_msgs/_person_msgs_s.ep.rosidl_typesupport_fastrtps_c.c.o[0m
[14.871s] [ 92%] [32mBuilding C object CMakeFiles/person_msgs__rosidl_typesupport_introspection_c__pyext.dir/rosidl_generator_py/person_msgs/_person_msgs_s.ep.rosidl_typesupport_introspection_c.c.o[0m
[14.936s] [ 94%] [32m[1mLinking C shared library rosidl_generator_py/person_msgs/person_msgs_s__rosidl_typesupport_c.cpython-38-x86_64-linux-gnu.so[0m
[14.938s] [ 97%] [32m[1mLinking CXX shared library rosidl_generator_py/person_msgs/person_msgs_s__rosidl_typesupport_fastrtps_c.cpython-38-x86_64-linux-gnu.so[0m
[14.945s] [100%] [32m[1mLinking C shared library rosidl_generator_py/person_msgs/person_msgs_s__rosidl_typesupport_introspection_c.cpython-38-x86_64-linux-gnu.so[0m
[15.042s] [100%] Built target person_msgs__rosidl_typesupport_c__pyext
[15.066s] [100%] Built target person_msgs__rosidl_typesupport_fastrtps_c__pyext
[15.104s] [100%] Built target person_msgs__rosidl_typesupport_introspection_c__pyext
[15.112s] Invoked command in '/home/atsushi8-ss/ros2_ws/build/person_msgs' returned '0': CMAKE_PREFIX_PATH=${CMAKE_PREFIX_PATH}:/home/atsushi8-ss/ros2_ws/install/mypkg:/opt/ros/foxy /usr/bin/cmake --build /home/atsushi8-ss/ros2_ws/build/person_msgs -- -j16 -l16
[15.170s] Invoking command in '/home/atsushi8-ss/ros2_ws/build/person_msgs': CMAKE_PREFIX_PATH=${CMAKE_PREFIX_PATH}:/home/atsushi8-ss/ros2_ws/install/mypkg:/opt/ros/foxy /usr/bin/cmake --install /home/atsushi8-ss/ros2_ws/build/person_msgs
[15.175s] -- Install configuration: ""
[15.175s] -- Installing: /home/atsushi8-ss/ros2_ws/install/person_msgs/share/ament_index/resource_index/rosidl_interfaces/person_msgs
[15.175s] -- Up-to-date: /home/atsushi8-ss/ros2_ws/install/person_msgs/include/person_msgs
[15.175s] -- Installing: /home/atsushi8-ss/ros2_ws/install/person_msgs/include/person_msgs/srv
[15.175s] -- Installing: /home/atsushi8-ss/ros2_ws/install/person_msgs/include/person_msgs/srv/query.h
[15.175s] -- Installing: /home/atsushi8-ss/ros2_ws/install/person_msgs/include/person_msgs/srv/detail
[15.175s] -- Installing: /home/atsushi8-ss/ros2_ws/install/person_msgs/include/person_msgs/srv/detail/query__functions.c
[15.176s] -- Installing: /home/atsushi8-ss/ros2_ws/install/person_msgs/include/person_msgs/srv/detail/query__type_support.h
[15.176s] -- Installing: /home/atsushi8-ss/ros2_ws/install/person_msgs/include/person_msgs/srv/detail/query__functions.h
[15.176s] -- Installing: /home/atsushi8-ss/ros2_ws/install/person_msgs/include/person_msgs/srv/detail/query__struct.h
[15.176s] -- Up-to-date: /home/atsushi8-ss/ros2_ws/install/person_msgs/include/person_msgs/msg
[15.176s] -- Installing: /home/atsushi8-ss/ros2_ws/install/person_msgs/include/person_msgs/msg/person.h
[15.176s] -- Up-to-date: /home/atsushi8-ss/ros2_ws/install/person_msgs/include/person_msgs/msg/rosidl_generator_c__visibility_control.h
[15.176s] -- Up-to-date: /home/atsushi8-ss/ros2_ws/install/person_msgs/include/person_msgs/msg/detail
[15.176s] -- Installing: /home/atsushi8-ss/ros2_ws/install/person_msgs/include/person_msgs/msg/detail/person__functions.c
[15.176s] -- Installing: /home/atsushi8-ss/ros2_ws/install/person_msgs/include/person_msgs/msg/detail/person__type_support.h
[15.177s] -- Installing: /home/atsushi8-ss/ros2_ws/install/person_msgs/include/person_msgs/msg/detail/person__functions.h
[15.177s] -- Installing: /home/atsushi8-ss/ros2_ws/install/person_msgs/include/person_msgs/msg/detail/person__struct.h
[15.177s] -- Up-to-date: /home/atsushi8-ss/ros2_ws/install/person_msgs/share/person_msgs/environment/library_path.sh
[15.177s] -- Installing: /home/atsushi8-ss/ros2_ws/install/person_msgs/share/person_msgs/environment/library_path.dsv
[15.177s] -- Installing: /home/atsushi8-ss/ros2_ws/install/person_msgs/lib/libperson_msgs__rosidl_generator_c.so
[15.177s] -- Set runtime path of "/home/atsushi8-ss/ros2_ws/install/person_msgs/lib/libperson_msgs__rosidl_generator_c.so" to ""
[15.177s] -- Up-to-date: /home/atsushi8-ss/ros2_ws/install/person_msgs/include/person_msgs
[15.178s] -- Up-to-date: /home/atsushi8-ss/ros2_ws/install/person_msgs/include/person_msgs/srv
[15.178s] -- Up-to-date: /home/atsushi8-ss/ros2_ws/install/person_msgs/include/person_msgs/srv/detail
[15.178s] -- Installing: /home/atsushi8-ss/ros2_ws/install/person_msgs/include/person_msgs/srv/detail/query__rosidl_typesupport_fastrtps_c.h
[15.178s] -- Up-to-date: /home/atsushi8-ss/ros2_ws/install/person_msgs/include/person_msgs/msg
[15.178s] -- Up-to-date: /home/atsushi8-ss/ros2_ws/install/person_msgs/include/person_msgs/msg/rosidl_typesupport_fastrtps_c__visibility_control.h
[15.178s] -- Up-to-date: /home/atsushi8-ss/ros2_ws/install/person_msgs/include/person_msgs/msg/detail
[15.178s] -- Installing: /home/atsushi8-ss/ros2_ws/install/person_msgs/include/person_msgs/msg/detail/person__rosidl_typesupport_fastrtps_c.h
[15.178s] -- Installing: /home/atsushi8-ss/ros2_ws/install/person_msgs/lib/libperson_msgs__rosidl_typesupport_fastrtps_c.so
[15.178s] -- Set runtime path of "/home/atsushi8-ss/ros2_ws/install/person_msgs/lib/libperson_msgs__rosidl_typesupport_fastrtps_c.so" to ""
[15.178s] -- Up-to-date: /home/atsushi8-ss/ros2_ws/install/person_msgs/include/person_msgs
[15.178s] -- Up-to-date: /home/atsushi8-ss/ros2_ws/install/person_msgs/include/person_msgs/srv
[15.179s] -- Up-to-date: /home/atsushi8-ss/ros2_ws/install/person_msgs/include/person_msgs/srv/detail
[15.179s] -- Installing: /home/atsushi8-ss/ros2_ws/install/person_msgs/include/person_msgs/srv/detail/dds_fastrtps
[15.179s] -- Installing: /home/atsushi8-ss/ros2_ws/install/person_msgs/include/person_msgs/srv/detail/query__rosidl_typesupport_fastrtps_cpp.hpp
[15.179s] -- Up-to-date: /home/atsushi8-ss/ros2_ws/install/person_msgs/include/person_msgs/msg
[15.179s] -- Up-to-date: /home/atsushi8-ss/ros2_ws/install/person_msgs/include/person_msgs/msg/rosidl_typesupport_fastrtps_cpp__visibility_control.h
[15.179s] -- Up-to-date: /home/atsushi8-ss/ros2_ws/install/person_msgs/include/person_msgs/msg/detail
[15.179s] -- Up-to-date: /home/atsushi8-ss/ros2_ws/install/person_msgs/include/person_msgs/msg/detail/dds_fastrtps
[15.179s] -- Installing: /home/atsushi8-ss/ros2_ws/install/person_msgs/include/person_msgs/msg/detail/person__rosidl_typesupport_fastrtps_cpp.hpp
[15.179s] -- Installing: /home/atsushi8-ss/ros2_ws/install/person_msgs/lib/libperson_msgs__rosidl_typesupport_fastrtps_cpp.so
[15.179s] -- Set runtime path of "/home/atsushi8-ss/ros2_ws/install/person_msgs/lib/libperson_msgs__rosidl_typesupport_fastrtps_cpp.so" to ""
[15.180s] -- Up-to-date: /home/atsushi8-ss/ros2_ws/install/person_msgs/include/person_msgs
[15.180s] -- Up-to-date: /home/atsushi8-ss/ros2_ws/install/person_msgs/include/person_msgs/srv
[15.180s] -- Up-to-date: /home/atsushi8-ss/ros2_ws/install/person_msgs/include/person_msgs/srv/detail
[15.180s] -- Installing: /home/atsushi8-ss/ros2_ws/install/person_msgs/include/person_msgs/srv/detail/query__type_support.c
[15.180s] -- Installing: /home/atsushi8-ss/ros2_ws/install/person_msgs/include/person_msgs/srv/detail/query__rosidl_typesupport_introspection_c.h
[15.180s] -- Up-to-date: /home/atsushi8-ss/ros2_ws/install/person_msgs/include/person_msgs/msg
[15.180s] -- Up-to-date: /home/atsushi8-ss/ros2_ws/install/person_msgs/include/person_msgs/msg/rosidl_typesupport_introspection_c__visibility_control.h
[15.181s] -- Up-to-date: /home/atsushi8-ss/ros2_ws/install/person_msgs/include/person_msgs/msg/detail
[15.181s] -- Installing: /home/atsushi8-ss/ros2_ws/install/person_msgs/include/person_msgs/msg/detail/person__type_support.c
[15.181s] -- Installing: /home/atsushi8-ss/ros2_ws/install/person_msgs/include/person_msgs/msg/detail/person__rosidl_typesupport_introspection_c.h
[15.181s] -- Installing: /home/atsushi8-ss/ros2_ws/install/person_msgs/lib/libperson_msgs__rosidl_typesupport_introspection_c.so
[15.181s] -- Set runtime path of "/home/atsushi8-ss/ros2_ws/install/person_msgs/lib/libperson_msgs__rosidl_typesupport_introspection_c.so" to ""
[15.181s] -- Installing: /home/atsushi8-ss/ros2_ws/install/person_msgs/lib/libperson_msgs__rosidl_typesupport_c.so
[15.182s] -- Set runtime path of "/home/atsushi8-ss/ros2_ws/install/person_msgs/lib/libperson_msgs__rosidl_typesupport_c.so" to ""
[15.182s] -- Up-to-date: /home/atsushi8-ss/ros2_ws/install/person_msgs/include/person_msgs
[15.182s] -- Up-to-date: /home/atsushi8-ss/ros2_ws/install/person_msgs/include/person_msgs/srv
[15.182s] -- Installing: /home/atsushi8-ss/ros2_ws/install/person_msgs/include/person_msgs/srv/query.hpp
[15.182s] -- Up-to-date: /home/atsushi8-ss/ros2_ws/install/person_msgs/include/person_msgs/srv/detail
[15.182s] -- Installing: /home/atsushi8-ss/ros2_ws/install/person_msgs/include/person_msgs/srv/detail/query__builder.hpp
[15.182s] -- Installing: /home/atsushi8-ss/ros2_ws/install/person_msgs/include/person_msgs/srv/detail/query__struct.hpp
[15.182s] -- Installing: /home/atsushi8-ss/ros2_ws/install/person_msgs/include/person_msgs/srv/detail/query__traits.hpp
[15.183s] -- Installing: /home/atsushi8-ss/ros2_ws/install/person_msgs/include/person_msgs/srv/detail/query__type_support.hpp
[15.183s] -- Up-to-date: /home/atsushi8-ss/ros2_ws/install/person_msgs/include/person_msgs/msg
[15.183s] -- Installing: /home/atsushi8-ss/ros2_ws/install/person_msgs/include/person_msgs/msg/person.hpp
[15.183s] -- Up-to-date: /home/atsushi8-ss/ros2_ws/install/person_msgs/include/person_msgs/msg/rosidl_generator_cpp__visibility_control.hpp
[15.183s] -- Up-to-date: /home/atsushi8-ss/ros2_ws/install/person_msgs/include/person_msgs/msg/detail
[15.183s] -- Installing: /home/atsushi8-ss/ros2_ws/install/person_msgs/include/person_msgs/msg/detail/person__builder.hpp
[15.183s] -- Installing: /home/atsushi8-ss/ros2_ws/install/person_msgs/include/person_msgs/msg/detail/person__type_support.hpp
[15.183s] -- Installing: /home/atsushi8-ss/ros2_ws/install/person_msgs/include/person_msgs/msg/detail/person__traits.hpp
[15.183s] -- Installing: /home/atsushi8-ss/ros2_ws/install/person_msgs/include/person_msgs/msg/detail/person__struct.hpp
[15.183s] -- Up-to-date: /home/atsushi8-ss/ros2_ws/install/person_msgs/include/person_msgs
[15.184s] -- Up-to-date: /home/atsushi8-ss/ros2_ws/install/person_msgs/include/person_msgs/srv
[15.184s] -- Up-to-date: /home/atsushi8-ss/ros2_ws/install/person_msgs/include/person_msgs/srv/detail
[15.184s] -- Installing: /home/atsushi8-ss/ros2_ws/install/person_msgs/include/person_msgs/srv/detail/query__type_support.cpp
[15.184s] -- Installing: /home/atsushi8-ss/ros2_ws/install/person_msgs/include/person_msgs/srv/detail/query__rosidl_typesupport_introspection_cpp.hpp
[15.184s] -- Up-to-date: /home/atsushi8-ss/ros2_ws/install/person_msgs/include/person_msgs/msg
[15.184s] -- Up-to-date: /home/atsushi8-ss/ros2_ws/install/person_msgs/include/person_msgs/msg/detail
[15.184s] -- Installing: /home/atsushi8-ss/ros2_ws/install/person_msgs/include/person_msgs/msg/detail/person__rosidl_typesupport_introspection_cpp.hpp
[15.185s] -- Installing: /home/atsushi8-ss/ros2_ws/install/person_msgs/include/person_msgs/msg/detail/person__type_support.cpp
[15.185s] -- Installing: /home/atsushi8-ss/ros2_ws/install/person_msgs/lib/libperson_msgs__rosidl_typesupport_introspection_cpp.so
[15.185s] -- Set runtime path of "/home/atsushi8-ss/ros2_ws/install/person_msgs/lib/libperson_msgs__rosidl_typesupport_introspection_cpp.so" to ""
[15.185s] -- Installing: /home/atsushi8-ss/ros2_ws/install/person_msgs/lib/libperson_msgs__rosidl_typesupport_cpp.so
[15.185s] -- Set runtime path of "/home/atsushi8-ss/ros2_ws/install/person_msgs/lib/libperson_msgs__rosidl_typesupport_cpp.so" to ""
[15.185s] -- Up-to-date: /home/atsushi8-ss/ros2_ws/install/person_msgs/share/person_msgs/environment/pythonpath.sh
[15.185s] -- Installing: /home/atsushi8-ss/ros2_ws/install/person_msgs/share/person_msgs/environment/pythonpath.dsv
[15.185s] -- Installing: /home/atsushi8-ss/ros2_ws/install/person_msgs/lib/python3.8/site-packages/person_msgs/__init__.py
[15.209s] Compiling '/home/atsushi8-ss/ros2_ws/install/person_msgs/lib/python3.8/site-packages/person_msgs/__init__.py'...
[15.212s] -- Up-to-date: /home/atsushi8-ss/ros2_ws/install/person_msgs/lib/python3.8/site-packages/person_msgs/msg
[15.213s] -- Installing: /home/atsushi8-ss/ros2_ws/install/person_msgs/lib/python3.8/site-packages/person_msgs/msg/_person.py
[15.213s] -- Installing: /home/atsushi8-ss/ros2_ws/install/person_msgs/lib/python3.8/site-packages/person_msgs/msg/_person_s.c
[15.213s] -- Installing: /home/atsushi8-ss/ros2_ws/install/person_msgs/lib/python3.8/site-packages/person_msgs/msg/__init__.py
[15.213s] -- Installing: /home/atsushi8-ss/ros2_ws/install/person_msgs/lib/python3.8/site-packages/person_msgs/srv
[15.214s] -- Installing: /home/atsushi8-ss/ros2_ws/install/person_msgs/lib/python3.8/site-packages/person_msgs/srv/_query_s.c
[15.214s] -- Installing: /home/atsushi8-ss/ros2_ws/install/person_msgs/lib/python3.8/site-packages/person_msgs/srv/_query.py
[15.214s] -- Installing: /home/atsushi8-ss/ros2_ws/install/person_msgs/lib/python3.8/site-packages/person_msgs/srv/__init__.py
[15.215s] -- Installing: /home/atsushi8-ss/ros2_ws/install/person_msgs/lib/python3.8/site-packages/person_msgs/person_msgs_s__rosidl_typesupport_fastrtps_c.cpython-38-x86_64-linux-gnu.so
[15.215s] -- Set runtime path of "/home/atsushi8-ss/ros2_ws/install/person_msgs/lib/python3.8/site-packages/person_msgs/person_msgs_s__rosidl_typesupport_fastrtps_c.cpython-38-x86_64-linux-gnu.so" to ""
[15.215s] -- Installing: /home/atsushi8-ss/ros2_ws/install/person_msgs/lib/python3.8/site-packages/person_msgs/person_msgs_s__rosidl_typesupport_introspection_c.cpython-38-x86_64-linux-gnu.so
[15.215s] -- Set runtime path of "/home/atsushi8-ss/ros2_ws/install/person_msgs/lib/python3.8/site-packages/person_msgs/person_msgs_s__rosidl_typesupport_introspection_c.cpython-38-x86_64-linux-gnu.so" to ""
[15.215s] -- Installing: /home/atsushi8-ss/ros2_ws/install/person_msgs/lib/python3.8/site-packages/person_msgs/person_msgs_s__rosidl_typesupport_c.cpython-38-x86_64-linux-gnu.so
[15.216s] -- Set runtime path of "/home/atsushi8-ss/ros2_ws/install/person_msgs/lib/python3.8/site-packages/person_msgs/person_msgs_s__rosidl_typesupport_c.cpython-38-x86_64-linux-gnu.so" to ""
[15.216s] -- Installing: /home/atsushi8-ss/ros2_ws/install/person_msgs/lib/libperson_msgs__python.so
[15.217s] -- Set runtime path of "/home/atsushi8-ss/ros2_ws/install/person_msgs/lib/libperson_msgs__python.so" to ""
[15.217s] -- Up-to-date: /home/atsushi8-ss/ros2_ws/install/person_msgs/share/person_msgs/msg/Person.idl
[15.217s] -- Installing: /home/atsushi8-ss/ros2_ws/install/person_msgs/share/person_msgs/srv/Query.idl
[15.217s] -- Up-to-date: /home/atsushi8-ss/ros2_ws/install/person_msgs/share/person_msgs/msg/Person.msg
[15.217s] -- Installing: /home/atsushi8-ss/ros2_ws/install/person_msgs/share/person_msgs/srv/Query.srv
[15.218s] -- Installing: /home/atsushi8-ss/ros2_ws/install/person_msgs/share/person_msgs/srv/Query_Request.msg
[15.218s] -- Installing: /home/atsushi8-ss/ros2_ws/install/person_msgs/share/person_msgs/srv/Query_Response.msg
[15.218s] -- Up-to-date: /home/atsushi8-ss/ros2_ws/install/person_msgs/share/ament_index/resource_index/package_run_dependencies/person_msgs
[15.218s] -- Installing: /home/atsushi8-ss/ros2_ws/install/person_msgs/share/ament_index/resource_index/parent_prefix_path/person_msgs
[15.218s] -- Up-to-date: /home/atsushi8-ss/ros2_ws/install/person_msgs/share/person_msgs/environment/ament_prefix_path.sh
[15.218s] -- Installing: /home/atsushi8-ss/ros2_ws/install/person_msgs/share/person_msgs/environment/ament_prefix_path.dsv
[15.218s] -- Up-to-date: /home/atsushi8-ss/ros2_ws/install/person_msgs/share/person_msgs/environment/path.sh
[15.218s] -- Installing: /home/atsushi8-ss/ros2_ws/install/person_msgs/share/person_msgs/environment/path.dsv
[15.218s] -- Up-to-date: /home/atsushi8-ss/ros2_ws/install/person_msgs/share/person_msgs/local_setup.bash
[15.219s] -- Up-to-date: /home/atsushi8-ss/ros2_ws/install/person_msgs/share/person_msgs/local_setup.sh
[15.219s] -- Up-to-date: /home/atsushi8-ss/ros2_ws/install/person_msgs/share/person_msgs/local_setup.zsh
[15.219s] -- Installing: /home/atsushi8-ss/ros2_ws/install/person_msgs/share/person_msgs/local_setup.dsv
[15.219s] -- Installing: /home/atsushi8-ss/ros2_ws/install/person_msgs/share/person_msgs/package.dsv
[15.219s] -- Up-to-date: /home/atsushi8-ss/ros2_ws/install/person_msgs/share/ament_index/resource_index/packages/person_msgs
[15.219s] -- Up-to-date: /home/atsushi8-ss/ros2_ws/install/person_msgs/share/person_msgs/cmake/person_msgs__rosidl_generator_cExport.cmake
[15.219s] -- Installing: /home/atsushi8-ss/ros2_ws/install/person_msgs/share/person_msgs/cmake/person_msgs__rosidl_generator_cExport-noconfig.cmake
[15.220s] -- Up-to-date: /home/atsushi8-ss/ros2_ws/install/person_msgs/share/person_msgs/cmake/person_msgs__rosidl_typesupport_introspection_cExport.cmake
[15.220s] -- Installing: /home/atsushi8-ss/ros2_ws/install/person_msgs/share/person_msgs/cmake/person_msgs__rosidl_typesupport_introspection_cExport-noconfig.cmake
[15.220s] -- Up-to-date: /home/atsushi8-ss/ros2_ws/install/person_msgs/share/person_msgs/cmake/person_msgs__rosidl_typesupport_cExport.cmake
[15.220s] -- Installing: /home/atsushi8-ss/ros2_ws/install/person_msgs/share/person_msgs/cmake/person_msgs__rosidl_typesupport_cExport-noconfig.cmake
[15.220s] -- Up-to-date: /home/atsushi8-ss/ros2_ws/install/person_msgs/share/person_msgs/cmake/person_msgs__rosidl_generator_cppExport.cmake
[15.220s] -- Up-to-date: /home/atsushi8-ss/ros2_ws/install/person_msgs/share/person_msgs/cmake/person_msgs__rosidl_typesupport_introspection_cppExport.cmake
[15.220s] -- Installing: /home/atsushi8-ss/ros2_ws/install/person_msgs/share/person_msgs/cmake/person_msgs__rosidl_typesupport_introspection_cppExport-noconfig.cmake
[15.220s] -- Up-to-date: /home/atsushi8-ss/ros2_ws/install/person_msgs/share/person_msgs/cmake/person_msgs__rosidl_typesupport_cppExport.cmake
[15.221s] -- Installing: /home/atsushi8-ss/ros2_ws/install/person_msgs/share/person_msgs/cmake/person_msgs__rosidl_typesupport_cppExport-noconfig.cmake
[15.221s] -- Installing: /home/atsushi8-ss/ros2_ws/install/person_msgs/share/person_msgs/cmake/rosidl_cmake-extras.cmake
[15.221s] -- Up-to-date: /home/atsushi8-ss/ros2_ws/install/person_msgs/share/person_msgs/cmake/ament_cmake_export_dependencies-extras.cmake
[15.221s] -- Up-to-date: /home/atsushi8-ss/ros2_ws/install/person_msgs/share/person_msgs/cmake/ament_cmake_export_libraries-extras.cmake
[15.221s] -- Up-to-date: /home/atsushi8-ss/ros2_ws/install/person_msgs/share/person_msgs/cmake/ament_cmake_export_targets-extras.cmake
[15.221s] -- Up-to-date: /home/atsushi8-ss/ros2_ws/install/person_msgs/share/person_msgs/cmake/ament_cmake_export_include_directories-extras.cmake
[15.221s] -- Up-to-date: /home/atsushi8-ss/ros2_ws/install/person_msgs/share/person_msgs/cmake/rosidl_cmake_export_typesupport_libraries-extras.cmake
[15.221s] -- Up-to-date: /home/atsushi8-ss/ros2_ws/install/person_msgs/share/person_msgs/cmake/rosidl_cmake_export_typesupport_targets-extras.cmake
[15.222s] -- Up-to-date: /home/atsushi8-ss/ros2_ws/install/person_msgs/share/person_msgs/cmake/person_msgsConfig.cmake
[15.222s] -- Up-to-date: /home/atsushi8-ss/ros2_ws/install/person_msgs/share/person_msgs/cmake/person_msgsConfig-version.cmake
[15.222s] -- Up-to-date: /home/atsushi8-ss/ros2_ws/install/person_msgs/share/person_msgs/package.xml
[15.224s] Invoked command in '/home/atsushi8-ss/ros2_ws/build/person_msgs' returned '0': CMAKE_PREFIX_PATH=${CMAKE_PREFIX_PATH}:/home/atsushi8-ss/ros2_ws/install/mypkg:/opt/ros/foxy /usr/bin/cmake --install /home/atsushi8-ss/ros2_ws/build/person_msgs
