[5.034s] Invoking command in '/home/atsushi8-ss/ros2_ws/src/mypkg': PYTHONPATH=/home/atsushi8-ss/ros2_ws/build/mypkg/prefix_override:/home/atsushi8-ss/ros2_ws/install/mypkg/lib/python3.8/site-packages:${PYTHONPATH} /usr/bin/python3 setup.py egg_info --egg-base ../../build/mypkg build --build-base /home/atsushi8-ss/ros2_ws/build/mypkg/build install --record /home/atsushi8-ss/ros2_ws/build/mypkg/install.log --install-scripts $base/lib/mypkg --single-version-externally-managed
[5.234s] running egg_info
[5.234s] writing ../../build/mypkg/mypkg.egg-info/PKG-INFO
[5.249s] writing dependency_links to ../../build/mypkg/mypkg.egg-info/dependency_links.txt
[5.250s] writing entry points to ../../build/mypkg/mypkg.egg-info/entry_points.txt
[5.250s] writing requirements to ../../build/mypkg/mypkg.egg-info/requires.txt
[5.250s] writing top-level names to ../../build/mypkg/mypkg.egg-info/top_level.txt
[5.318s] reading manifest file '../../build/mypkg/mypkg.egg-info/SOURCES.txt'
[5.321s] writing manifest file '../../build/mypkg/mypkg.egg-info/SOURCES.txt'
[5.321s] running build
[5.321s] running build_py
[5.334s] running install
[5.335s] running install_lib
[5.336s] running install_data
[5.338s] running install_egg_info
[5.340s] removing '/home/atsushi8-ss/ros2_ws/install/mypkg/lib/python3.8/site-packages/mypkg-0.0.0-py3.8.egg-info' (and everything under it)
[5.340s] Copying ../../build/mypkg/mypkg.egg-info to /home/atsushi8-ss/ros2_ws/install/mypkg/lib/python3.8/site-packages/mypkg-0.0.0-py3.8.egg-info
[5.345s] running install_scripts
[5.370s] Installing listener script to /home/atsushi8-ss/ros2_ws/install/mypkg/lib/mypkg
[5.370s] Installing talker script to /home/atsushi8-ss/ros2_ws/install/mypkg/lib/mypkg
[5.371s] writing list of installed files to '/home/atsushi8-ss/ros2_ws/build/mypkg/install.log'
[5.392s] Invoked command in '/home/atsushi8-ss/ros2_ws/src/mypkg' returned '0': PYTHONPATH=/home/atsushi8-ss/ros2_ws/build/mypkg/prefix_override:/home/atsushi8-ss/ros2_ws/install/mypkg/lib/python3.8/site-packages:${PYTHONPATH} /usr/bin/python3 setup.py egg_info --egg-base ../../build/mypkg build --build-base /home/atsushi8-ss/ros2_ws/build/mypkg/build install --record /home/atsushi8-ss/ros2_ws/build/mypkg/install.log --install-scripts $base/lib/mypkg --single-version-externally-managed
