[0.708s] Invoking command in '/home/atsushi8-ss/ros2_ws/src/mypkg': PYTHONPATH=/home/atsushi8-ss/ros2_ws/build/mypkg/prefix_override:/home/atsushi8-ss/ros2_ws/install/mypkg/lib/python3.8/site-packages:${PYTHONPATH} /usr/bin/python3 setup.py egg_info --egg-base ../../build/mypkg build --build-base /home/atsushi8-ss/ros2_ws/build/mypkg/build install --record /home/atsushi8-ss/ros2_ws/build/mypkg/install.log --install-scripts $base/lib/mypkg --single-version-externally-managed
[0.840s] running egg_info
[0.840s] writing ../../build/mypkg/mypkg.egg-info/PKG-INFO
[0.841s] writing dependency_links to ../../build/mypkg/mypkg.egg-info/dependency_links.txt
[0.841s] writing entry points to ../../build/mypkg/mypkg.egg-info/entry_points.txt
[0.841s] writing requirements to ../../build/mypkg/mypkg.egg-info/requires.txt
[0.841s] writing top-level names to ../../build/mypkg/mypkg.egg-info/top_level.txt
[0.865s] reading manifest file '../../build/mypkg/mypkg.egg-info/SOURCES.txt'
[0.866s] writing manifest file '../../build/mypkg/mypkg.egg-info/SOURCES.txt'
[0.866s] running build
[0.866s] running build_py
[0.866s] copying mypkg/talker.py -> /home/atsushi8-ss/ros2_ws/build/mypkg/build/lib/mypkg
[0.867s] running install
[0.867s] running install_lib
[0.868s] copying /home/atsushi8-ss/ros2_ws/build/mypkg/build/lib/mypkg/talker.py -> /home/atsushi8-ss/ros2_ws/install/mypkg/lib/python3.8/site-packages/mypkg
[0.868s] byte-compiling /home/atsushi8-ss/ros2_ws/install/mypkg/lib/python3.8/site-packages/mypkg/talker.py to talker.cpython-38.pyc
[0.869s] running install_data
[0.869s] running install_egg_info
[0.870s] removing '/home/atsushi8-ss/ros2_ws/install/mypkg/lib/python3.8/site-packages/mypkg-0.0.0-py3.8.egg-info' (and everything under it)
[0.870s] Copying ../../build/mypkg/mypkg.egg-info to /home/atsushi8-ss/ros2_ws/install/mypkg/lib/python3.8/site-packages/mypkg-0.0.0-py3.8.egg-info
[0.871s] running install_scripts
[0.883s] Installing listener script to /home/atsushi8-ss/ros2_ws/install/mypkg/lib/mypkg
[0.885s] Installing talker script to /home/atsushi8-ss/ros2_ws/install/mypkg/lib/mypkg
[0.885s] writing list of installed files to '/home/atsushi8-ss/ros2_ws/build/mypkg/install.log'
[0.895s] Invoked command in '/home/atsushi8-ss/ros2_ws/src/mypkg' returned '0': PYTHONPATH=/home/atsushi8-ss/ros2_ws/build/mypkg/prefix_override:/home/atsushi8-ss/ros2_ws/install/mypkg/lib/python3.8/site-packages:${PYTHONPATH} /usr/bin/python3 setup.py egg_info --egg-base ../../build/mypkg build --build-base /home/atsushi8-ss/ros2_ws/build/mypkg/build install --record /home/atsushi8-ss/ros2_ws/build/mypkg/install.log --install-scripts $base/lib/mypkg --single-version-externally-managed
